<?xml version="1.0" encoding="UTF-8"?>
<testsuite xmlns:xsi="http://www.w3.org/2001/XMLSchema-instance" xsi:noNamespaceSchemaLocation="https://maven.apache.org/surefire/maven-surefire-plugin/xsd/surefire-test-report.xsd" name="br.com.supersim.blog.BlogApplicationTests" time="5.788" tests="1" errors="1" skipped="0" failures="0">
  <properties>
    <property name="gopherProxySet" value="false"/>
    <property name="awt.toolkit" value="sun.lwawt.macosx.LWCToolkit"/>
    <property name="file.encoding.pkg" value="sun.io"/>
    <property name="java.specification.version" value="1.8"/>
    <property name="sun.cpu.isalist" value=""/>
    <property name="sun.jnu.encoding" value="UTF-8"/>
    <property name="java.class.path" value="/Users/luisgustavosouzasantos/Projects/Faculdade/bk_core_blog_cars/target/test-classes:/Users/luisgustavosouzasantos/Projects/Faculdade/bk_core_blog_cars/target/classes:/Users/luisgustavosouzasantos/.m2/repository/org/springframework/boot/spring-boot-starter-web/2.3.3.RELEASE/spring-boot-starter-web-2.3.3.RELEASE.jar:/Users/luisgustavosouzasantos/.m2/repository/org/springframework/boot/spring-boot-starter/2.3.3.RELEASE/spring-boot-starter-2.3.3.RELEASE.jar:/Users/luisgustavosouzasantos/.m2/repository/org/springframework/boot/spring-boot/2.3.3.RELEASE/spring-boot-2.3.3.RELEASE.jar:/Users/luisgustavosouzasantos/.m2/repository/org/springframework/boot/spring-boot-autoconfigure/2.3.3.RELEASE/spring-boot-autoconfigure-2.3.3.RELEASE.jar:/Users/luisgustavosouzasantos/.m2/repository/org/springframework/boot/spring-boot-starter-logging/2.3.3.RELEASE/spring-boot-starter-logging-2.3.3.RELEASE.jar:/Users/luisgustavosouzasantos/.m2/repository/ch/qos/logback/logback-classic/1.2.3/logback-classic-1.2.3.jar:/Users/luisgustavosouzasantos/.m2/repository/ch/qos/logback/logback-core/1.2.3/logback-core-1.2.3.jar:/Users/luisgustavosouzasantos/.m2/repository/org/apache/logging/log4j/log4j-to-slf4j/2.13.3/log4j-to-slf4j-2.13.3.jar:/Users/luisgustavosouzasantos/.m2/repository/org/apache/logging/log4j/log4j-api/2.13.3/log4j-api-2.13.3.jar:/Users/luisgustavosouzasantos/.m2/repository/org/slf4j/jul-to-slf4j/1.7.30/jul-to-slf4j-1.7.30.jar:/Users/luisgustavosouzasantos/.m2/repository/jakarta/annotation/jakarta.annotation-api/1.3.5/jakarta.annotation-api-1.3.5.jar:/Users/luisgustavosouzasantos/.m2/repository/org/yaml/snakeyaml/1.26/snakeyaml-1.26.jar:/Users/luisgustavosouzasantos/.m2/repository/org/springframework/boot/spring-boot-starter-json/2.3.3.RELEASE/spring-boot-starter-json-2.3.3.RELEASE.jar:/Users/luisgustavosouzasantos/.m2/repository/com/fasterxml/jackson/datatype/jackson-datatype-jdk8/2.11.2/jackson-datatype-jdk8-2.11.2.jar:/Users/luisgustavosouzasantos/.m2/repository/com/fasterxml/jackson/datatype/jackson-datatype-jsr310/2.11.2/jackson-datatype-jsr310-2.11.2.jar:/Users/luisgustavosouzasantos/.m2/repository/com/fasterxml/jackson/module/jackson-module-parameter-names/2.11.2/jackson-module-parameter-names-2.11.2.jar:/Users/luisgustavosouzasantos/.m2/repository/org/springframework/boot/spring-boot-starter-tomcat/2.3.3.RELEASE/spring-boot-starter-tomcat-2.3.3.RELEASE.jar:/Users/luisgustavosouzasantos/.m2/repository/org/apache/tomcat/embed/tomcat-embed-core/9.0.37/tomcat-embed-core-9.0.37.jar:/Users/luisgustavosouzasantos/.m2/repository/org/apache/tomcat/embed/tomcat-embed-websocket/9.0.37/tomcat-embed-websocket-9.0.37.jar:/Users/luisgustavosouzasantos/.m2/repository/org/springframework/spring-web/5.2.8.RELEASE/spring-web-5.2.8.RELEASE.jar:/Users/luisgustavosouzasantos/.m2/repository/org/springframework/spring-beans/5.2.8.RELEASE/spring-beans-5.2.8.RELEASE.jar:/Users/luisgustavosouzasantos/.m2/repository/org/springframework/spring-webmvc/5.2.8.RELEASE/spring-webmvc-5.2.8.RELEASE.jar:/Users/luisgustavosouzasantos/.m2/repository/org/springframework/spring-context/5.2.8.RELEASE/spring-context-5.2.8.RELEASE.jar:/Users/luisgustavosouzasantos/.m2/repository/org/springframework/spring-expression/5.2.8.RELEASE/spring-expression-5.2.8.RELEASE.jar:/Users/luisgustavosouzasantos/.m2/repository/org/springframework/boot/spring-boot-starter-data-jpa/2.3.3.RELEASE/spring-boot-starter-data-jpa-2.3.3.RELEASE.jar:/Users/luisgustavosouzasantos/.m2/repository/org/springframework/boot/spring-boot-starter-aop/2.3.3.RELEASE/spring-boot-starter-aop-2.3.3.RELEASE.jar:/Users/luisgustavosouzasantos/.m2/repository/org/aspectj/aspectjweaver/1.9.6/aspectjweaver-1.9.6.jar:/Users/luisgustavosouzasantos/.m2/repository/org/springframework/boot/spring-boot-starter-jdbc/2.3.3.RELEASE/spring-boot-starter-jdbc-2.3.3.RELEASE.jar:/Users/luisgustavosouzasantos/.m2/repository/com/zaxxer/HikariCP/3.4.5/HikariCP-3.4.5.jar:/Users/luisgustavosouzasantos/.m2/repository/org/springframework/spring-jdbc/5.2.8.RELEASE/spring-jdbc-5.2.8.RELEASE.jar:/Users/luisgustavosouzasantos/.m2/repository/jakarta/transaction/jakarta.transaction-api/1.3.3/jakarta.transaction-api-1.3.3.jar:/Users/luisgustavosouzasantos/.m2/repository/jakarta/persistence/jakarta.persistence-api/2.2.3/jakarta.persistence-api-2.2.3.jar:/Users/luisgustavosouzasantos/.m2/repository/org/hibernate/hibernate-core/5.4.20.Final/hibernate-core-5.4.20.Final.jar:/Users/luisgustavosouzasantos/.m2/repository/org/jboss/logging/jboss-logging/3.4.1.Final/jboss-logging-3.4.1.Final.jar:/Users/luisgustavosouzasantos/.m2/repository/org/javassist/javassist/3.24.0-GA/javassist-3.24.0-GA.jar:/Users/luisgustavosouzasantos/.m2/repository/net/bytebuddy/byte-buddy/1.10.14/byte-buddy-1.10.14.jar:/Users/luisgustavosouzasantos/.m2/repository/antlr/antlr/2.7.7/antlr-2.7.7.jar:/Users/luisgustavosouzasantos/.m2/repository/org/jboss/jandex/2.1.3.Final/jandex-2.1.3.Final.jar:/Users/luisgustavosouzasantos/.m2/repository/com/fasterxml/classmate/1.5.1/classmate-1.5.1.jar:/Users/luisgustavosouzasantos/.m2/repository/org/dom4j/dom4j/2.1.3/dom4j-2.1.3.jar:/Users/luisgustavosouzasantos/.m2/repository/org/hibernate/common/hibernate-commons-annotations/5.1.0.Final/hibernate-commons-annotations-5.1.0.Final.jar:/Users/luisgustavosouzasantos/.m2/repository/org/glassfish/jaxb/jaxb-runtime/2.3.3/jaxb-runtime-2.3.3.jar:/Users/luisgustavosouzasantos/.m2/repository/org/glassfish/jaxb/txw2/2.3.3/txw2-2.3.3.jar:/Users/luisgustavosouzasantos/.m2/repository/com/sun/istack/istack-commons-runtime/3.0.11/istack-commons-runtime-3.0.11.jar:/Users/luisgustavosouzasantos/.m2/repository/com/sun/activation/jakarta.activation/1.2.2/jakarta.activation-1.2.2.jar:/Users/luisgustavosouzasantos/.m2/repository/org/springframework/data/spring-data-jpa/2.3.3.RELEASE/spring-data-jpa-2.3.3.RELEASE.jar:/Users/luisgustavosouzasantos/.m2/repository/org/springframework/data/spring-data-commons/2.3.3.RELEASE/spring-data-commons-2.3.3.RELEASE.jar:/Users/luisgustavosouzasantos/.m2/repository/org/springframework/spring-orm/5.2.8.RELEASE/spring-orm-5.2.8.RELEASE.jar:/Users/luisgustavosouzasantos/.m2/repository/org/springframework/spring-tx/5.2.8.RELEASE/spring-tx-5.2.8.RELEASE.jar:/Users/luisgustavosouzasantos/.m2/repository/org/slf4j/slf4j-api/1.7.30/slf4j-api-1.7.30.jar:/Users/luisgustavosouzasantos/.m2/repository/org/springframework/spring-aspects/5.2.8.RELEASE/spring-aspects-5.2.8.RELEASE.jar:/Users/luisgustavosouzasantos/.m2/repository/org/springframework/boot/spring-boot-starter-security/2.3.3.RELEASE/spring-boot-starter-security-2.3.3.RELEASE.jar:/Users/luisgustavosouzasantos/.m2/repository/org/springframework/spring-aop/5.2.8.RELEASE/spring-aop-5.2.8.RELEASE.jar:/Users/luisgustavosouzasantos/.m2/repository/org/springframework/security/spring-security-config/5.3.4.RELEASE/spring-security-config-5.3.4.RELEASE.jar:/Users/luisgustavosouzasantos/.m2/repository/org/springframework/security/spring-security-core/5.3.4.RELEASE/spring-security-core-5.3.4.RELEASE.jar:/Users/luisgustavosouzasantos/.m2/repository/org/springframework/security/spring-security-web/5.3.4.RELEASE/spring-security-web-5.3.4.RELEASE.jar:/Users/luisgustavosouzasantos/.m2/repository/org/springframework/boot/spring-boot-starter-validation/2.3.3.RELEASE/spring-boot-starter-validation-2.3.3.RELEASE.jar:/Users/luisgustavosouzasantos/.m2/repository/org/glassfish/jakarta.el/3.0.3/jakarta.el-3.0.3.jar:/Users/luisgustavosouzasantos/.m2/repository/org/hibernate/validator/hibernate-validator/6.1.5.Final/hibernate-validator-6.1.5.Final.jar:/Users/luisgustavosouzasantos/.m2/repository/jakarta/validation/jakarta.validation-api/2.0.2/jakarta.validation-api-2.0.2.jar:/Users/luisgustavosouzasantos/.m2/repository/mysql/mysql-connector-java/8.0.21/mysql-connector-java-8.0.21.jar:/Users/luisgustavosouzasantos/.m2/repository/io/jsonwebtoken/jjwt/0.9.1/jjwt-0.9.1.jar:/Users/luisgustavosouzasantos/.m2/repository/com/fasterxml/jackson/core/jackson-databind/2.11.2/jackson-databind-2.11.2.jar:/Users/luisgustavosouzasantos/.m2/repository/com/fasterxml/jackson/core/jackson-annotations/2.11.2/jackson-annotations-2.11.2.jar:/Users/luisgustavosouzasantos/.m2/repository/com/fasterxml/jackson/core/jackson-core/2.11.2/jackson-core-2.11.2.jar:/Users/luisgustavosouzasantos/.m2/repository/com/amazonaws/aws-java-sdk/1.11.327/aws-java-sdk-1.11.327.jar:/Users/luisgustavosouzasantos/.m2/repository/com/amazonaws/aws-java-sdk-iotanalytics/1.11.327/aws-java-sdk-iotanalytics-1.11.327.jar:/Users/luisgustavosouzasantos/.m2/repository/com/amazonaws/jmespath-java/1.11.327/jmespath-java-1.11.327.jar:/Users/luisgustavosouzasantos/.m2/repository/com/amazonaws/aws-java-sdk-acmpca/1.11.327/aws-java-sdk-acmpca-1.11.327.jar:/Users/luisgustavosouzasantos/.m2/repository/com/amazonaws/aws-java-sdk-secretsmanager/1.11.327/aws-java-sdk-secretsmanager-1.11.327.jar:/Users/luisgustavosouzasantos/.m2/repository/com/amazonaws/aws-java-sdk-fms/1.11.327/aws-java-sdk-fms-1.11.327.jar:/Users/luisgustavosouzasantos/.m2/repository/com/amazonaws/aws-java-sdk-connect/1.11.327/aws-java-sdk-connect-1.11.327.jar:/Users/luisgustavosouzasantos/.m2/repository/com/amazonaws/aws-java-sdk-transcribe/1.11.327/aws-java-sdk-transcribe-1.11.327.jar:/Users/luisgustavosouzasantos/.m2/repository/com/amazonaws/aws-java-sdk-autoscalingplans/1.11.327/aws-java-sdk-autoscalingplans-1.11.327.jar:/Users/luisgustavosouzasantos/.m2/repository/com/amazonaws/aws-java-sdk-workmail/1.11.327/aws-java-sdk-workmail-1.11.327.jar:/Users/luisgustavosouzasantos/.m2/repository/com/amazonaws/aws-java-sdk-servicediscovery/1.11.327/aws-java-sdk-servicediscovery-1.11.327.jar:/Users/luisgustavosouzasantos/.m2/repository/com/amazonaws/aws-java-sdk-cloud9/1.11.327/aws-java-sdk-cloud9-1.11.327.jar:/Users/luisgustavosouzasantos/.m2/repository/com/amazonaws/aws-java-sdk-serverlessapplicationrepository/1.11.327/aws-java-sdk-serverlessapplicationrepository-1.11.327.jar:/Users/luisgustavosouzasantos/.m2/repository/com/amazonaws/aws-java-sdk-alexaforbusiness/1.11.327/aws-java-sdk-alexaforbusiness-1.11.327.jar:/Users/luisgustavosouzasantos/.m2/repository/com/amazonaws/aws-java-sdk-resourcegroups/1.11.327/aws-java-sdk-resourcegroups-1.11.327.jar:/Users/luisgustavosouzasantos/.m2/repository/com/amazonaws/aws-java-sdk-comprehend/1.11.327/aws-java-sdk-comprehend-1.11.327.jar:/Users/luisgustavosouzasantos/.m2/repository/com/amazonaws/aws-java-sdk-translate/1.11.327/aws-java-sdk-translate-1.11.327.jar:/Users/luisgustavosouzasantos/.m2/repository/com/amazonaws/aws-java-sdk-sagemaker/1.11.327/aws-java-sdk-sagemaker-1.11.327.jar:/Users/luisgustavosouzasantos/.m2/repository/com/amazonaws/aws-java-sdk-iotjobsdataplane/1.11.327/aws-java-sdk-iotjobsdataplane-1.11.327.jar:/Users/luisgustavosouzasantos/.m2/repository/com/amazonaws/aws-java-sdk-sagemakerruntime/1.11.327/aws-java-sdk-sagemakerruntime-1.11.327.jar:/Users/luisgustavosouzasantos/.m2/repository/com/amazonaws/aws-java-sdk-kinesisvideo/1.11.327/aws-java-sdk-kinesisvideo-1.11.327.jar:/Users/luisgustavosouzasantos/.m2/repository/io/netty/netty-codec-http/4.1.51.Final/netty-codec-http-4.1.51.Final.jar:/Users/luisgustavosouzasantos/.m2/repository/io/netty/netty-common/4.1.51.Final/netty-common-4.1.51.Final.jar:/Users/luisgustavosouzasantos/.m2/repository/io/netty/netty-buffer/4.1.51.Final/netty-buffer-4.1.51.Final.jar:/Users/luisgustavosouzasantos/.m2/repository/io/netty/netty-transport/4.1.51.Final/netty-transport-4.1.51.Final.jar:/Users/luisgustavosouzasantos/.m2/repository/io/netty/netty-codec/4.1.51.Final/netty-codec-4.1.51.Final.jar:/Users/luisgustavosouzasantos/.m2/repository/io/netty/netty-handler/4.1.51.Final/netty-handler-4.1.51.Final.jar:/Users/luisgustavosouzasantos/.m2/repository/io/netty/netty-resolver/4.1.51.Final/netty-resolver-4.1.51.Final.jar:/Users/luisgustavosouzasantos/.m2/repository/com/amazonaws/aws-java-sdk-appsync/1.11.327/aws-java-sdk-appsync-1.11.327.jar:/Users/luisgustavosouzasantos/.m2/repository/com/amazonaws/aws-java-sdk-guardduty/1.11.327/aws-java-sdk-guardduty-1.11.327.jar:/Users/luisgustavosouzasantos/.m2/repository/com/amazonaws/aws-java-sdk-mq/1.11.327/aws-java-sdk-mq-1.11.327.jar:/Users/luisgustavosouzasantos/.m2/repository/com/amazonaws/aws-java-sdk-mediaconvert/1.11.327/aws-java-sdk-mediaconvert-1.11.327.jar:/Users/luisgustavosouzasantos/.m2/repository/com/amazonaws/aws-java-sdk-mediastore/1.11.327/aws-java-sdk-mediastore-1.11.327.jar:/Users/luisgustavosouzasantos/.m2/repository/com/amazonaws/aws-java-sdk-mediastoredata/1.11.327/aws-java-sdk-mediastoredata-1.11.327.jar:/Users/luisgustavosouzasantos/.m2/repository/com/amazonaws/aws-java-sdk-medialive/1.11.327/aws-java-sdk-medialive-1.11.327.jar:/Users/luisgustavosouzasantos/.m2/repository/com/amazonaws/aws-java-sdk-mediapackage/1.11.327/aws-java-sdk-mediapackage-1.11.327.jar:/Users/luisgustavosouzasantos/.m2/repository/com/amazonaws/aws-java-sdk-costexplorer/1.11.327/aws-java-sdk-costexplorer-1.11.327.jar:/Users/luisgustavosouzasantos/.m2/repository/com/amazonaws/aws-java-sdk-pricing/1.11.327/aws-java-sdk-pricing-1.11.327.jar:/Users/luisgustavosouzasantos/.m2/repository/com/amazonaws/aws-java-sdk-mobile/1.11.327/aws-java-sdk-mobile-1.11.327.jar:/Users/luisgustavosouzasantos/.m2/repository/com/amazonaws/aws-java-sdk-cloudhsmv2/1.11.327/aws-java-sdk-cloudhsmv2-1.11.327.jar:/Users/luisgustavosouzasantos/.m2/repository/com/amazonaws/aws-java-sdk-glue/1.11.327/aws-java-sdk-glue-1.11.327.jar:/Users/luisgustavosouzasantos/.m2/repository/com/amazonaws/aws-java-sdk-migrationhub/1.11.327/aws-java-sdk-migrationhub-1.11.327.jar:/Users/luisgustavosouzasantos/.m2/repository/com/amazonaws/aws-java-sdk-dax/1.11.327/aws-java-sdk-dax-1.11.327.jar:/Users/luisgustavosouzasantos/.m2/repository/com/amazonaws/aws-java-sdk-greengrass/1.11.327/aws-java-sdk-greengrass-1.11.327.jar:/Users/luisgustavosouzasantos/.m2/repository/com/amazonaws/aws-java-sdk-athena/1.11.327/aws-java-sdk-athena-1.11.327.jar:/Users/luisgustavosouzasantos/.m2/repository/com/amazonaws/aws-java-sdk-marketplaceentitlement/1.11.327/aws-java-sdk-marketplaceentitlement-1.11.327.jar:/Users/luisgustavosouzasantos/.m2/repository/com/amazonaws/aws-java-sdk-codestar/1.11.327/aws-java-sdk-codestar-1.11.327.jar:/Users/luisgustavosouzasantos/.m2/repository/com/amazonaws/aws-java-sdk-lexmodelbuilding/1.11.327/aws-java-sdk-lexmodelbuilding-1.11.327.jar:/Users/luisgustavosouzasantos/.m2/repository/com/amazonaws/aws-java-sdk-resourcegroupstaggingapi/1.11.327/aws-java-sdk-resourcegroupstaggingapi-1.11.327.jar:/Users/luisgustavosouzasantos/.m2/repository/com/amazonaws/aws-java-sdk-pinpoint/1.11.327/aws-java-sdk-pinpoint-1.11.327.jar:/Users/luisgustavosouzasantos/.m2/repository/com/amazonaws/aws-java-sdk-xray/1.11.327/aws-java-sdk-xray-1.11.327.jar:/Users/luisgustavosouzasantos/.m2/repository/com/amazonaws/aws-java-sdk-opsworkscm/1.11.327/aws-java-sdk-opsworkscm-1.11.327.jar:/Users/luisgustavosouzasantos/.m2/repository/com/amazonaws/aws-java-sdk-support/1.11.327/aws-java-sdk-support-1.11.327.jar:/Users/luisgustavosouzasantos/.m2/repository/com/amazonaws/aws-java-sdk-simpledb/1.11.327/aws-java-sdk-simpledb-1.11.327.jar:/Users/luisgustavosouzasantos/.m2/repository/com/amazonaws/aws-java-sdk-servicecatalog/1.11.327/aws-java-sdk-servicecatalog-1.11.327.jar:/Users/luisgustavosouzasantos/.m2/repository/com/amazonaws/aws-java-sdk-servermigration/1.11.327/aws-java-sdk-servermigration-1.11.327.jar:/Users/luisgustavosouzasantos/.m2/repository/com/amazonaws/aws-java-sdk-simpleworkflow/1.11.327/aws-java-sdk-simpleworkflow-1.11.327.jar:/Users/luisgustavosouzasantos/.m2/repository/com/amazonaws/aws-java-sdk-storagegateway/1.11.327/aws-java-sdk-storagegateway-1.11.327.jar:/Users/luisgustavosouzasantos/.m2/repository/com/amazonaws/aws-java-sdk-route53/1.11.327/aws-java-sdk-route53-1.11.327.jar:/Users/luisgustavosouzasantos/.m2/repository/com/amazonaws/aws-java-sdk-s3/1.11.327/aws-java-sdk-s3-1.11.327.jar:/Users/luisgustavosouzasantos/.m2/repository/com/amazonaws/aws-java-sdk-importexport/1.11.327/aws-java-sdk-importexport-1.11.327.jar:/Users/luisgustavosouzasantos/.m2/repository/com/amazonaws/aws-java-sdk-sts/1.11.327/aws-java-sdk-sts-1.11.327.jar:/Users/luisgustavosouzasantos/.m2/repository/com/amazonaws/aws-java-sdk-sqs/1.11.327/aws-java-sdk-sqs-1.11.327.jar:/Users/luisgustavosouzasantos/.m2/repository/com/amazonaws/aws-java-sdk-rds/1.11.327/aws-java-sdk-rds-1.11.327.jar:/Users/luisgustavosouzasantos/.m2/repository/com/amazonaws/aws-java-sdk-redshift/1.11.327/aws-java-sdk-redshift-1.11.327.jar:/Users/luisgustavosouzasantos/.m2/repository/com/amazonaws/aws-java-sdk-elasticbeanstalk/1.11.327/aws-java-sdk-elasticbeanstalk-1.11.327.jar:/Users/luisgustavosouzasantos/.m2/repository/com/amazonaws/aws-java-sdk-glacier/1.11.327/aws-java-sdk-glacier-1.11.327.jar:/Users/luisgustavosouzasantos/.m2/repository/com/amazonaws/aws-java-sdk-iam/1.11.327/aws-java-sdk-iam-1.11.327.jar:/Users/luisgustavosouzasantos/.m2/repository/com/amazonaws/aws-java-sdk-datapipeline/1.11.327/aws-java-sdk-datapipeline-1.11.327.jar:/Users/luisgustavosouzasantos/.m2/repository/com/amazonaws/aws-java-sdk-elasticloadbalancing/1.11.327/aws-java-sdk-elasticloadbalancing-1.11.327.jar:/Users/luisgustavosouzasantos/.m2/repository/com/amazonaws/aws-java-sdk-elasticloadbalancingv2/1.11.327/aws-java-sdk-elasticloadbalancingv2-1.11.327.jar:/Users/luisgustavosouzasantos/.m2/repository/com/amazonaws/aws-java-sdk-emr/1.11.327/aws-java-sdk-emr-1.11.327.jar:/Users/luisgustavosouzasantos/.m2/repository/com/amazonaws/aws-java-sdk-elasticache/1.11.327/aws-java-sdk-elasticache-1.11.327.jar:/Users/luisgustavosouzasantos/.m2/repository/com/amazonaws/aws-java-sdk-elastictranscoder/1.11.327/aws-java-sdk-elastictranscoder-1.11.327.jar:/Users/luisgustavosouzasantos/.m2/repository/com/amazonaws/aws-java-sdk-ec2/1.11.327/aws-java-sdk-ec2-1.11.327.jar:/Users/luisgustavosouzasantos/.m2/repository/com/amazonaws/aws-java-sdk-dynamodb/1.11.327/aws-java-sdk-dynamodb-1.11.327.jar:/Users/luisgustavosouzasantos/.m2/repository/com/amazonaws/aws-java-sdk-sns/1.11.327/aws-java-sdk-sns-1.11.327.jar:/Users/luisgustavosouzasantos/.m2/repository/com/amazonaws/aws-java-sdk-budgets/1.11.327/aws-java-sdk-budgets-1.11.327.jar:/Users/luisgustavosouzasantos/.m2/repository/com/amazonaws/aws-java-sdk-cloudtrail/1.11.327/aws-java-sdk-cloudtrail-1.11.327.jar:/Users/luisgustavosouzasantos/.m2/repository/com/amazonaws/aws-java-sdk-cloudwatch/1.11.327/aws-java-sdk-cloudwatch-1.11.327.jar:/Users/luisgustavosouzasantos/.m2/repository/com/amazonaws/aws-java-sdk-logs/1.11.327/aws-java-sdk-logs-1.11.327.jar:/Users/luisgustavosouzasantos/.m2/repository/com/amazonaws/aws-java-sdk-events/1.11.327/aws-java-sdk-events-1.11.327.jar:/Users/luisgustavosouzasantos/.m2/repository/com/amazonaws/aws-java-sdk-cognitoidentity/1.11.327/aws-java-sdk-cognitoidentity-1.11.327.jar:/Users/luisgustavosouzasantos/.m2/repository/com/amazonaws/aws-java-sdk-cognitosync/1.11.327/aws-java-sdk-cognitosync-1.11.327.jar:/Users/luisgustavosouzasantos/.m2/repository/com/amazonaws/aws-java-sdk-directconnect/1.11.327/aws-java-sdk-directconnect-1.11.327.jar:/Users/luisgustavosouzasantos/.m2/repository/com/amazonaws/aws-java-sdk-cloudformation/1.11.327/aws-java-sdk-cloudformation-1.11.327.jar:/Users/luisgustavosouzasantos/.m2/repository/com/amazonaws/aws-java-sdk-cloudfront/1.11.327/aws-java-sdk-cloudfront-1.11.327.jar:/Users/luisgustavosouzasantos/.m2/repository/com/amazonaws/aws-java-sdk-clouddirectory/1.11.327/aws-java-sdk-clouddirectory-1.11.327.jar:/Users/luisgustavosouzasantos/.m2/repository/com/amazonaws/aws-java-sdk-kinesis/1.11.327/aws-java-sdk-kinesis-1.11.327.jar:/Users/luisgustavosouzasantos/.m2/repository/com/amazonaws/aws-java-sdk-opsworks/1.11.327/aws-java-sdk-opsworks-1.11.327.jar:/Users/luisgustavosouzasantos/.m2/repository/com/amazonaws/aws-java-sdk-ses/1.11.327/aws-java-sdk-ses-1.11.327.jar:/Users/luisgustavosouzasantos/.m2/repository/com/amazonaws/aws-java-sdk-autoscaling/1.11.327/aws-java-sdk-autoscaling-1.11.327.jar:/Users/luisgustavosouzasantos/.m2/repository/com/amazonaws/aws-java-sdk-cloudsearch/1.11.327/aws-java-sdk-cloudsearch-1.11.327.jar:/Users/luisgustavosouzasantos/.m2/repository/com/amazonaws/aws-java-sdk-cloudwatchmetrics/1.11.327/aws-java-sdk-cloudwatchmetrics-1.11.327.jar:/Users/luisgustavosouzasantos/.m2/repository/com/amazonaws/aws-java-sdk-codedeploy/1.11.327/aws-java-sdk-codedeploy-1.11.327.jar:/Users/luisgustavosouzasantos/.m2/repository/com/amazonaws/aws-java-sdk-codepipeline/1.11.327/aws-java-sdk-codepipeline-1.11.327.jar:/Users/luisgustavosouzasantos/.m2/repository/com/amazonaws/aws-java-sdk-kms/1.11.327/aws-java-sdk-kms-1.11.327.jar:/Users/luisgustavosouzasantos/.m2/repository/com/amazonaws/aws-java-sdk-config/1.11.327/aws-java-sdk-config-1.11.327.jar:/Users/luisgustavosouzasantos/.m2/repository/com/amazonaws/aws-java-sdk-lambda/1.11.327/aws-java-sdk-lambda-1.11.327.jar:/Users/luisgustavosouzasantos/.m2/repository/com/amazonaws/aws-java-sdk-ecs/1.11.327/aws-java-sdk-ecs-1.11.327.jar:/Users/luisgustavosouzasantos/.m2/repository/com/amazonaws/aws-java-sdk-ecr/1.11.327/aws-java-sdk-ecr-1.11.327.jar:/Users/luisgustavosouzasantos/.m2/repository/com/amazonaws/aws-java-sdk-cloudhsm/1.11.327/aws-java-sdk-cloudhsm-1.11.327.jar:/Users/luisgustavosouzasantos/.m2/repository/com/amazonaws/aws-java-sdk-ssm/1.11.327/aws-java-sdk-ssm-1.11.327.jar:/Users/luisgustavosouzasantos/.m2/repository/com/amazonaws/aws-java-sdk-workspaces/1.11.327/aws-java-sdk-workspaces-1.11.327.jar:/Users/luisgustavosouzasantos/.m2/repository/com/amazonaws/aws-java-sdk-machinelearning/1.11.327/aws-java-sdk-machinelearning-1.11.327.jar:/Users/luisgustavosouzasantos/.m2/repository/com/amazonaws/aws-java-sdk-directory/1.11.327/aws-java-sdk-directory-1.11.327.jar:/Users/luisgustavosouzasantos/.m2/repository/com/amazonaws/aws-java-sdk-efs/1.11.327/aws-java-sdk-efs-1.11.327.jar:/Users/luisgustavosouzasantos/.m2/repository/com/amazonaws/aws-java-sdk-codecommit/1.11.327/aws-java-sdk-codecommit-1.11.327.jar:/Users/luisgustavosouzasantos/.m2/repository/com/amazonaws/aws-java-sdk-devicefarm/1.11.327/aws-java-sdk-devicefarm-1.11.327.jar:/Users/luisgustavosouzasantos/.m2/repository/com/amazonaws/aws-java-sdk-elasticsearch/1.11.327/aws-java-sdk-elasticsearch-1.11.327.jar:/Users/luisgustavosouzasantos/.m2/repository/com/amazonaws/aws-java-sdk-waf/1.11.327/aws-java-sdk-waf-1.11.327.jar:/Users/luisgustavosouzasantos/.m2/repository/com/amazonaws/aws-java-sdk-marketplacecommerceanalytics/1.11.327/aws-java-sdk-marketplacecommerceanalytics-1.11.327.jar:/Users/luisgustavosouzasantos/.m2/repository/com/amazonaws/aws-java-sdk-inspector/1.11.327/aws-java-sdk-inspector-1.11.327.jar:/Users/luisgustavosouzasantos/.m2/repository/com/amazonaws/aws-java-sdk-iot/1.11.327/aws-java-sdk-iot-1.11.327.jar:/Users/luisgustavosouzasantos/.m2/repository/com/amazonaws/aws-java-sdk-api-gateway/1.11.327/aws-java-sdk-api-gateway-1.11.327.jar:/Users/luisgustavosouzasantos/.m2/repository/com/amazonaws/aws-java-sdk-acm/1.11.327/aws-java-sdk-acm-1.11.327.jar:/Users/luisgustavosouzasantos/.m2/repository/com/amazonaws/aws-java-sdk-gamelift/1.11.327/aws-java-sdk-gamelift-1.11.327.jar:/Users/luisgustavosouzasantos/.m2/repository/com/amazonaws/aws-java-sdk-dms/1.11.327/aws-java-sdk-dms-1.11.327.jar:/Users/luisgustavosouzasantos/.m2/repository/com/amazonaws/aws-java-sdk-marketplacemeteringservice/1.11.327/aws-java-sdk-marketplacemeteringservice-1.11.327.jar:/Users/luisgustavosouzasantos/.m2/repository/com/amazonaws/aws-java-sdk-cognitoidp/1.11.327/aws-java-sdk-cognitoidp-1.11.327.jar:/Users/luisgustavosouzasantos/.m2/repository/com/amazonaws/aws-java-sdk-discovery/1.11.327/aws-java-sdk-discovery-1.11.327.jar:/Users/luisgustavosouzasantos/.m2/repository/com/amazonaws/aws-java-sdk-applicationautoscaling/1.11.327/aws-java-sdk-applicationautoscaling-1.11.327.jar:/Users/luisgustavosouzasantos/.m2/repository/com/amazonaws/aws-java-sdk-snowball/1.11.327/aws-java-sdk-snowball-1.11.327.jar:/Users/luisgustavosouzasantos/.m2/repository/com/amazonaws/aws-java-sdk-rekognition/1.11.327/aws-java-sdk-rekognition-1.11.327.jar:/Users/luisgustavosouzasantos/.m2/repository/com/amazonaws/aws-java-sdk-polly/1.11.327/aws-java-sdk-polly-1.11.327.jar:/Users/luisgustavosouzasantos/.m2/repository/com/amazonaws/aws-java-sdk-lightsail/1.11.327/aws-java-sdk-lightsail-1.11.327.jar:/Users/luisgustavosouzasantos/.m2/repository/com/amazonaws/aws-java-sdk-stepfunctions/1.11.327/aws-java-sdk-stepfunctions-1.11.327.jar:/Users/luisgustavosouzasantos/.m2/repository/com/amazonaws/aws-java-sdk-health/1.11.327/aws-java-sdk-health-1.11.327.jar:/Users/luisgustavosouzasantos/.m2/repository/com/amazonaws/aws-java-sdk-costandusagereport/1.11.327/aws-java-sdk-costandusagereport-1.11.327.jar:/Users/luisgustavosouzasantos/.m2/repository/com/amazonaws/aws-java-sdk-codebuild/1.11.327/aws-java-sdk-codebuild-1.11.327.jar:/Users/luisgustavosouzasantos/.m2/repository/com/amazonaws/aws-java-sdk-appstream/1.11.327/aws-java-sdk-appstream-1.11.327.jar:/Users/luisgustavosouzasantos/.m2/repository/com/amazonaws/aws-java-sdk-shield/1.11.327/aws-java-sdk-shield-1.11.327.jar:/Users/luisgustavosouzasantos/.m2/repository/com/amazonaws/aws-java-sdk-batch/1.11.327/aws-java-sdk-batch-1.11.327.jar:/Users/luisgustavosouzasantos/.m2/repository/com/amazonaws/aws-java-sdk-lex/1.11.327/aws-java-sdk-lex-1.11.327.jar:/Users/luisgustavosouzasantos/.m2/repository/com/amazonaws/aws-java-sdk-mechanicalturkrequester/1.11.327/aws-java-sdk-mechanicalturkrequester-1.11.327.jar:/Users/luisgustavosouzasantos/.m2/repository/com/amazonaws/aws-java-sdk-organizations/1.11.327/aws-java-sdk-organizations-1.11.327.jar:/Users/luisgustavosouzasantos/.m2/repository/com/amazonaws/aws-java-sdk-workdocs/1.11.327/aws-java-sdk-workdocs-1.11.327.jar:/Users/luisgustavosouzasantos/.m2/repository/com/amazonaws/aws-java-sdk-core/1.11.327/aws-java-sdk-core-1.11.327.jar:/Users/luisgustavosouzasantos/.m2/repository/commons-logging/commons-logging/1.1.3/commons-logging-1.1.3.jar:/Users/luisgustavosouzasantos/.m2/repository/org/apache/httpcomponents/httpclient/4.5.12/httpclient-4.5.12.jar:/Users/luisgustavosouzasantos/.m2/repository/org/apache/httpcomponents/httpcore/4.4.13/httpcore-4.4.13.jar:/Users/luisgustavosouzasantos/.m2/repository/commons-codec/commons-codec/1.14/commons-codec-1.14.jar:/Users/luisgustavosouzasantos/.m2/repository/software/amazon/ion/ion-java/1.0.2/ion-java-1.0.2.jar:/Users/luisgustavosouzasantos/.m2/repository/com/fasterxml/jackson/dataformat/jackson-dataformat-cbor/2.11.2/jackson-dataformat-cbor-2.11.2.jar:/Users/luisgustavosouzasantos/.m2/repository/joda-time/joda-time/2.8.1/joda-time-2.8.1.jar:/Users/luisgustavosouzasantos/.m2/repository/com/amazonaws/aws-java-sdk-models/1.11.327/aws-java-sdk-models-1.11.327.jar:/Users/luisgustavosouzasantos/.m2/repository/com/amazonaws/aws-java-sdk-swf-libraries/1.11.22/aws-java-sdk-swf-libraries-1.11.22.jar:/Users/luisgustavosouzasantos/.m2/repository/org/springframework/boot/spring-boot-starter-test/2.3.3.RELEASE/spring-boot-starter-test-2.3.3.RELEASE.jar:/Users/luisgustavosouzasantos/.m2/repository/org/springframework/boot/spring-boot-test/2.3.3.RELEASE/spring-boot-test-2.3.3.RELEASE.jar:/Users/luisgustavosouzasantos/.m2/repository/org/springframework/boot/spring-boot-test-autoconfigure/2.3.3.RELEASE/spring-boot-test-autoconfigure-2.3.3.RELEASE.jar:/Users/luisgustavosouzasantos/.m2/repository/com/jayway/jsonpath/json-path/2.4.0/json-path-2.4.0.jar:/Users/luisgustavosouzasantos/.m2/repository/net/minidev/json-smart/2.3/json-smart-2.3.jar:/Users/luisgustavosouzasantos/.m2/repository/net/minidev/accessors-smart/1.2/accessors-smart-1.2.jar:/Users/luisgustavosouzasantos/.m2/repository/org/ow2/asm/asm/5.0.4/asm-5.0.4.jar:/Users/luisgustavosouzasantos/.m2/repository/jakarta/xml/bind/jakarta.xml.bind-api/2.3.3/jakarta.xml.bind-api-2.3.3.jar:/Users/luisgustavosouzasantos/.m2/repository/jakarta/activation/jakarta.activation-api/1.2.2/jakarta.activation-api-1.2.2.jar:/Users/luisgustavosouzasantos/.m2/repository/org/assertj/assertj-core/3.16.1/assertj-core-3.16.1.jar:/Users/luisgustavosouzasantos/.m2/repository/org/hamcrest/hamcrest/2.2/hamcrest-2.2.jar:/Users/luisgustavosouzasantos/.m2/repository/org/junit/jupiter/junit-jupiter/5.6.2/junit-jupiter-5.6.2.jar:/Users/luisgustavosouzasantos/.m2/repository/org/junit/jupiter/junit-jupiter-api/5.6.2/junit-jupiter-api-5.6.2.jar:/Users/luisgustavosouzasantos/.m2/repository/org/apiguardian/apiguardian-api/1.1.0/apiguardian-api-1.1.0.jar:/Users/luisgustavosouzasantos/.m2/repository/org/opentest4j/opentest4j/1.2.0/opentest4j-1.2.0.jar:/Users/luisgustavosouzasantos/.m2/repository/org/junit/platform/junit-platform-commons/1.6.2/junit-platform-commons-1.6.2.jar:/Users/luisgustavosouzasantos/.m2/repository/org/junit/jupiter/junit-jupiter-params/5.6.2/junit-jupiter-params-5.6.2.jar:/Users/luisgustavosouzasantos/.m2/repository/org/junit/jupiter/junit-jupiter-engine/5.6.2/junit-jupiter-engine-5.6.2.jar:/Users/luisgustavosouzasantos/.m2/repository/org/junit/platform/junit-platform-engine/1.6.2/junit-platform-engine-1.6.2.jar:/Users/luisgustavosouzasantos/.m2/repository/org/mockito/mockito-core/3.3.3/mockito-core-3.3.3.jar:/Users/luisgustavosouzasantos/.m2/repository/net/bytebuddy/byte-buddy-agent/1.10.14/byte-buddy-agent-1.10.14.jar:/Users/luisgustavosouzasantos/.m2/repository/org/objenesis/objenesis/2.6/objenesis-2.6.jar:/Users/luisgustavosouzasantos/.m2/repository/org/mockito/mockito-junit-jupiter/3.3.3/mockito-junit-jupiter-3.3.3.jar:/Users/luisgustavosouzasantos/.m2/repository/org/skyscreamer/jsonassert/1.5.0/jsonassert-1.5.0.jar:/Users/luisgustavosouzasantos/.m2/repository/com/vaadin/external/google/android-json/0.0.20131108.vaadin1/android-json-0.0.20131108.vaadin1.jar:/Users/luisgustavosouzasantos/.m2/repository/org/springframework/spring-core/5.2.8.RELEASE/spring-core-5.2.8.RELEASE.jar:/Users/luisgustavosouzasantos/.m2/repository/org/springframework/spring-jcl/5.2.8.RELEASE/spring-jcl-5.2.8.RELEASE.jar:/Users/luisgustavosouzasantos/.m2/repository/org/springframework/spring-test/5.2.8.RELEASE/spring-test-5.2.8.RELEASE.jar:/Users/luisgustavosouzasantos/.m2/repository/org/xmlunit/xmlunit-core/2.7.0/xmlunit-core-2.7.0.jar:"/>
    <property name="java.vm.vendor" value="Oracle Corporation"/>
    <property name="sun.arch.data.model" value="64"/>
    <property name="java.vendor.url" value="http://java.oracle.com/"/>
    <property name="user.timezone" value=""/>
    <property name="java.vm.specification.version" value="1.8"/>
    <property name="os.name" value="Mac OS X"/>
    <property name="user.country" value="BR"/>
    <property name="sun.java.launcher" value="SUN_STANDARD"/>
    <property name="sun.boot.library.path" value="/Library/Internet Plug-Ins/JavaAppletPlugin.plugin/Contents/Home/lib"/>
    <property name="sun.java.command" value="/Users/luisgustavosouzasantos/Projects/Faculdade/bk_core_blog_cars/target/surefire/surefirebooter7894874658522203541.jar /Users/luisgustavosouzasantos/Projects/Faculdade/bk_core_blog_cars/target/surefire 2021-11-07T20-57-39_720-jvmRun1 surefire8862907488585712573tmp surefire_01621622410564848947tmp"/>
    <property name="http.nonProxyHosts" value="local|*.local|169.254/16|*.169.254/16"/>
    <property name="surefire.test.class.path" value="/Users/luisgustavosouzasantos/Projects/Faculdade/bk_core_blog_cars/target/test-classes:/Users/luisgustavosouzasantos/Projects/Faculdade/bk_core_blog_cars/target/classes:/Users/luisgustavosouzasantos/.m2/repository/org/springframework/boot/spring-boot-starter-web/2.3.3.RELEASE/spring-boot-starter-web-2.3.3.RELEASE.jar:/Users/luisgustavosouzasantos/.m2/repository/org/springframework/boot/spring-boot-starter/2.3.3.RELEASE/spring-boot-starter-2.3.3.RELEASE.jar:/Users/luisgustavosouzasantos/.m2/repository/org/springframework/boot/spring-boot/2.3.3.RELEASE/spring-boot-2.3.3.RELEASE.jar:/Users/luisgustavosouzasantos/.m2/repository/org/springframework/boot/spring-boot-autoconfigure/2.3.3.RELEASE/spring-boot-autoconfigure-2.3.3.RELEASE.jar:/Users/luisgustavosouzasantos/.m2/repository/org/springframework/boot/spring-boot-starter-logging/2.3.3.RELEASE/spring-boot-starter-logging-2.3.3.RELEASE.jar:/Users/luisgustavosouzasantos/.m2/repository/ch/qos/logback/logback-classic/1.2.3/logback-classic-1.2.3.jar:/Users/luisgustavosouzasantos/.m2/repository/ch/qos/logback/logback-core/1.2.3/logback-core-1.2.3.jar:/Users/luisgustavosouzasantos/.m2/repository/org/apache/logging/log4j/log4j-to-slf4j/2.13.3/log4j-to-slf4j-2.13.3.jar:/Users/luisgustavosouzasantos/.m2/repository/org/apache/logging/log4j/log4j-api/2.13.3/log4j-api-2.13.3.jar:/Users/luisgustavosouzasantos/.m2/repository/org/slf4j/jul-to-slf4j/1.7.30/jul-to-slf4j-1.7.30.jar:/Users/luisgustavosouzasantos/.m2/repository/jakarta/annotation/jakarta.annotation-api/1.3.5/jakarta.annotation-api-1.3.5.jar:/Users/luisgustavosouzasantos/.m2/repository/org/yaml/snakeyaml/1.26/snakeyaml-1.26.jar:/Users/luisgustavosouzasantos/.m2/repository/org/springframework/boot/spring-boot-starter-json/2.3.3.RELEASE/spring-boot-starter-json-2.3.3.RELEASE.jar:/Users/luisgustavosouzasantos/.m2/repository/com/fasterxml/jackson/datatype/jackson-datatype-jdk8/2.11.2/jackson-datatype-jdk8-2.11.2.jar:/Users/luisgustavosouzasantos/.m2/repository/com/fasterxml/jackson/datatype/jackson-datatype-jsr310/2.11.2/jackson-datatype-jsr310-2.11.2.jar:/Users/luisgustavosouzasantos/.m2/repository/com/fasterxml/jackson/module/jackson-module-parameter-names/2.11.2/jackson-module-parameter-names-2.11.2.jar:/Users/luisgustavosouzasantos/.m2/repository/org/springframework/boot/spring-boot-starter-tomcat/2.3.3.RELEASE/spring-boot-starter-tomcat-2.3.3.RELEASE.jar:/Users/luisgustavosouzasantos/.m2/repository/org/apache/tomcat/embed/tomcat-embed-core/9.0.37/tomcat-embed-core-9.0.37.jar:/Users/luisgustavosouzasantos/.m2/repository/org/apache/tomcat/embed/tomcat-embed-websocket/9.0.37/tomcat-embed-websocket-9.0.37.jar:/Users/luisgustavosouzasantos/.m2/repository/org/springframework/spring-web/5.2.8.RELEASE/spring-web-5.2.8.RELEASE.jar:/Users/luisgustavosouzasantos/.m2/repository/org/springframework/spring-beans/5.2.8.RELEASE/spring-beans-5.2.8.RELEASE.jar:/Users/luisgustavosouzasantos/.m2/repository/org/springframework/spring-webmvc/5.2.8.RELEASE/spring-webmvc-5.2.8.RELEASE.jar:/Users/luisgustavosouzasantos/.m2/repository/org/springframework/spring-context/5.2.8.RELEASE/spring-context-5.2.8.RELEASE.jar:/Users/luisgustavosouzasantos/.m2/repository/org/springframework/spring-expression/5.2.8.RELEASE/spring-expression-5.2.8.RELEASE.jar:/Users/luisgustavosouzasantos/.m2/repository/org/springframework/boot/spring-boot-starter-data-jpa/2.3.3.RELEASE/spring-boot-starter-data-jpa-2.3.3.RELEASE.jar:/Users/luisgustavosouzasantos/.m2/repository/org/springframework/boot/spring-boot-starter-aop/2.3.3.RELEASE/spring-boot-starter-aop-2.3.3.RELEASE.jar:/Users/luisgustavosouzasantos/.m2/repository/org/aspectj/aspectjweaver/1.9.6/aspectjweaver-1.9.6.jar:/Users/luisgustavosouzasantos/.m2/repository/org/springframework/boot/spring-boot-starter-jdbc/2.3.3.RELEASE/spring-boot-starter-jdbc-2.3.3.RELEASE.jar:/Users/luisgustavosouzasantos/.m2/repository/com/zaxxer/HikariCP/3.4.5/HikariCP-3.4.5.jar:/Users/luisgustavosouzasantos/.m2/repository/org/springframework/spring-jdbc/5.2.8.RELEASE/spring-jdbc-5.2.8.RELEASE.jar:/Users/luisgustavosouzasantos/.m2/repository/jakarta/transaction/jakarta.transaction-api/1.3.3/jakarta.transaction-api-1.3.3.jar:/Users/luisgustavosouzasantos/.m2/repository/jakarta/persistence/jakarta.persistence-api/2.2.3/jakarta.persistence-api-2.2.3.jar:/Users/luisgustavosouzasantos/.m2/repository/org/hibernate/hibernate-core/5.4.20.Final/hibernate-core-5.4.20.Final.jar:/Users/luisgustavosouzasantos/.m2/repository/org/jboss/logging/jboss-logging/3.4.1.Final/jboss-logging-3.4.1.Final.jar:/Users/luisgustavosouzasantos/.m2/repository/org/javassist/javassist/3.24.0-GA/javassist-3.24.0-GA.jar:/Users/luisgustavosouzasantos/.m2/repository/net/bytebuddy/byte-buddy/1.10.14/byte-buddy-1.10.14.jar:/Users/luisgustavosouzasantos/.m2/repository/antlr/antlr/2.7.7/antlr-2.7.7.jar:/Users/luisgustavosouzasantos/.m2/repository/org/jboss/jandex/2.1.3.Final/jandex-2.1.3.Final.jar:/Users/luisgustavosouzasantos/.m2/repository/com/fasterxml/classmate/1.5.1/classmate-1.5.1.jar:/Users/luisgustavosouzasantos/.m2/repository/org/dom4j/dom4j/2.1.3/dom4j-2.1.3.jar:/Users/luisgustavosouzasantos/.m2/repository/org/hibernate/common/hibernate-commons-annotations/5.1.0.Final/hibernate-commons-annotations-5.1.0.Final.jar:/Users/luisgustavosouzasantos/.m2/repository/org/glassfish/jaxb/jaxb-runtime/2.3.3/jaxb-runtime-2.3.3.jar:/Users/luisgustavosouzasantos/.m2/repository/org/glassfish/jaxb/txw2/2.3.3/txw2-2.3.3.jar:/Users/luisgustavosouzasantos/.m2/repository/com/sun/istack/istack-commons-runtime/3.0.11/istack-commons-runtime-3.0.11.jar:/Users/luisgustavosouzasantos/.m2/repository/com/sun/activation/jakarta.activation/1.2.2/jakarta.activation-1.2.2.jar:/Users/luisgustavosouzasantos/.m2/repository/org/springframework/data/spring-data-jpa/2.3.3.RELEASE/spring-data-jpa-2.3.3.RELEASE.jar:/Users/luisgustavosouzasantos/.m2/repository/org/springframework/data/spring-data-commons/2.3.3.RELEASE/spring-data-commons-2.3.3.RELEASE.jar:/Users/luisgustavosouzasantos/.m2/repository/org/springframework/spring-orm/5.2.8.RELEASE/spring-orm-5.2.8.RELEASE.jar:/Users/luisgustavosouzasantos/.m2/repository/org/springframework/spring-tx/5.2.8.RELEASE/spring-tx-5.2.8.RELEASE.jar:/Users/luisgustavosouzasantos/.m2/repository/org/slf4j/slf4j-api/1.7.30/slf4j-api-1.7.30.jar:/Users/luisgustavosouzasantos/.m2/repository/org/springframework/spring-aspects/5.2.8.RELEASE/spring-aspects-5.2.8.RELEASE.jar:/Users/luisgustavosouzasantos/.m2/repository/org/springframework/boot/spring-boot-starter-security/2.3.3.RELEASE/spring-boot-starter-security-2.3.3.RELEASE.jar:/Users/luisgustavosouzasantos/.m2/repository/org/springframework/spring-aop/5.2.8.RELEASE/spring-aop-5.2.8.RELEASE.jar:/Users/luisgustavosouzasantos/.m2/repository/org/springframework/security/spring-security-config/5.3.4.RELEASE/spring-security-config-5.3.4.RELEASE.jar:/Users/luisgustavosouzasantos/.m2/repository/org/springframework/security/spring-security-core/5.3.4.RELEASE/spring-security-core-5.3.4.RELEASE.jar:/Users/luisgustavosouzasantos/.m2/repository/org/springframework/security/spring-security-web/5.3.4.RELEASE/spring-security-web-5.3.4.RELEASE.jar:/Users/luisgustavosouzasantos/.m2/repository/org/springframework/boot/spring-boot-starter-validation/2.3.3.RELEASE/spring-boot-starter-validation-2.3.3.RELEASE.jar:/Users/luisgustavosouzasantos/.m2/repository/org/glassfish/jakarta.el/3.0.3/jakarta.el-3.0.3.jar:/Users/luisgustavosouzasantos/.m2/repository/org/hibernate/validator/hibernate-validator/6.1.5.Final/hibernate-validator-6.1.5.Final.jar:/Users/luisgustavosouzasantos/.m2/repository/jakarta/validation/jakarta.validation-api/2.0.2/jakarta.validation-api-2.0.2.jar:/Users/luisgustavosouzasantos/.m2/repository/mysql/mysql-connector-java/8.0.21/mysql-connector-java-8.0.21.jar:/Users/luisgustavosouzasantos/.m2/repository/io/jsonwebtoken/jjwt/0.9.1/jjwt-0.9.1.jar:/Users/luisgustavosouzasantos/.m2/repository/com/fasterxml/jackson/core/jackson-databind/2.11.2/jackson-databind-2.11.2.jar:/Users/luisgustavosouzasantos/.m2/repository/com/fasterxml/jackson/core/jackson-annotations/2.11.2/jackson-annotations-2.11.2.jar:/Users/luisgustavosouzasantos/.m2/repository/com/fasterxml/jackson/core/jackson-core/2.11.2/jackson-core-2.11.2.jar:/Users/luisgustavosouzasantos/.m2/repository/com/amazonaws/aws-java-sdk/1.11.327/aws-java-sdk-1.11.327.jar:/Users/luisgustavosouzasantos/.m2/repository/com/amazonaws/aws-java-sdk-iotanalytics/1.11.327/aws-java-sdk-iotanalytics-1.11.327.jar:/Users/luisgustavosouzasantos/.m2/repository/com/amazonaws/jmespath-java/1.11.327/jmespath-java-1.11.327.jar:/Users/luisgustavosouzasantos/.m2/repository/com/amazonaws/aws-java-sdk-acmpca/1.11.327/aws-java-sdk-acmpca-1.11.327.jar:/Users/luisgustavosouzasantos/.m2/repository/com/amazonaws/aws-java-sdk-secretsmanager/1.11.327/aws-java-sdk-secretsmanager-1.11.327.jar:/Users/luisgustavosouzasantos/.m2/repository/com/amazonaws/aws-java-sdk-fms/1.11.327/aws-java-sdk-fms-1.11.327.jar:/Users/luisgustavosouzasantos/.m2/repository/com/amazonaws/aws-java-sdk-connect/1.11.327/aws-java-sdk-connect-1.11.327.jar:/Users/luisgustavosouzasantos/.m2/repository/com/amazonaws/aws-java-sdk-transcribe/1.11.327/aws-java-sdk-transcribe-1.11.327.jar:/Users/luisgustavosouzasantos/.m2/repository/com/amazonaws/aws-java-sdk-autoscalingplans/1.11.327/aws-java-sdk-autoscalingplans-1.11.327.jar:/Users/luisgustavosouzasantos/.m2/repository/com/amazonaws/aws-java-sdk-workmail/1.11.327/aws-java-sdk-workmail-1.11.327.jar:/Users/luisgustavosouzasantos/.m2/repository/com/amazonaws/aws-java-sdk-servicediscovery/1.11.327/aws-java-sdk-servicediscovery-1.11.327.jar:/Users/luisgustavosouzasantos/.m2/repository/com/amazonaws/aws-java-sdk-cloud9/1.11.327/aws-java-sdk-cloud9-1.11.327.jar:/Users/luisgustavosouzasantos/.m2/repository/com/amazonaws/aws-java-sdk-serverlessapplicationrepository/1.11.327/aws-java-sdk-serverlessapplicationrepository-1.11.327.jar:/Users/luisgustavosouzasantos/.m2/repository/com/amazonaws/aws-java-sdk-alexaforbusiness/1.11.327/aws-java-sdk-alexaforbusiness-1.11.327.jar:/Users/luisgustavosouzasantos/.m2/repository/com/amazonaws/aws-java-sdk-resourcegroups/1.11.327/aws-java-sdk-resourcegroups-1.11.327.jar:/Users/luisgustavosouzasantos/.m2/repository/com/amazonaws/aws-java-sdk-comprehend/1.11.327/aws-java-sdk-comprehend-1.11.327.jar:/Users/luisgustavosouzasantos/.m2/repository/com/amazonaws/aws-java-sdk-translate/1.11.327/aws-java-sdk-translate-1.11.327.jar:/Users/luisgustavosouzasantos/.m2/repository/com/amazonaws/aws-java-sdk-sagemaker/1.11.327/aws-java-sdk-sagemaker-1.11.327.jar:/Users/luisgustavosouzasantos/.m2/repository/com/amazonaws/aws-java-sdk-iotjobsdataplane/1.11.327/aws-java-sdk-iotjobsdataplane-1.11.327.jar:/Users/luisgustavosouzasantos/.m2/repository/com/amazonaws/aws-java-sdk-sagemakerruntime/1.11.327/aws-java-sdk-sagemakerruntime-1.11.327.jar:/Users/luisgustavosouzasantos/.m2/repository/com/amazonaws/aws-java-sdk-kinesisvideo/1.11.327/aws-java-sdk-kinesisvideo-1.11.327.jar:/Users/luisgustavosouzasantos/.m2/repository/io/netty/netty-codec-http/4.1.51.Final/netty-codec-http-4.1.51.Final.jar:/Users/luisgustavosouzasantos/.m2/repository/io/netty/netty-common/4.1.51.Final/netty-common-4.1.51.Final.jar:/Users/luisgustavosouzasantos/.m2/repository/io/netty/netty-buffer/4.1.51.Final/netty-buffer-4.1.51.Final.jar:/Users/luisgustavosouzasantos/.m2/repository/io/netty/netty-transport/4.1.51.Final/netty-transport-4.1.51.Final.jar:/Users/luisgustavosouzasantos/.m2/repository/io/netty/netty-codec/4.1.51.Final/netty-codec-4.1.51.Final.jar:/Users/luisgustavosouzasantos/.m2/repository/io/netty/netty-handler/4.1.51.Final/netty-handler-4.1.51.Final.jar:/Users/luisgustavosouzasantos/.m2/repository/io/netty/netty-resolver/4.1.51.Final/netty-resolver-4.1.51.Final.jar:/Users/luisgustavosouzasantos/.m2/repository/com/amazonaws/aws-java-sdk-appsync/1.11.327/aws-java-sdk-appsync-1.11.327.jar:/Users/luisgustavosouzasantos/.m2/repository/com/amazonaws/aws-java-sdk-guardduty/1.11.327/aws-java-sdk-guardduty-1.11.327.jar:/Users/luisgustavosouzasantos/.m2/repository/com/amazonaws/aws-java-sdk-mq/1.11.327/aws-java-sdk-mq-1.11.327.jar:/Users/luisgustavosouzasantos/.m2/repository/com/amazonaws/aws-java-sdk-mediaconvert/1.11.327/aws-java-sdk-mediaconvert-1.11.327.jar:/Users/luisgustavosouzasantos/.m2/repository/com/amazonaws/aws-java-sdk-mediastore/1.11.327/aws-java-sdk-mediastore-1.11.327.jar:/Users/luisgustavosouzasantos/.m2/repository/com/amazonaws/aws-java-sdk-mediastoredata/1.11.327/aws-java-sdk-mediastoredata-1.11.327.jar:/Users/luisgustavosouzasantos/.m2/repository/com/amazonaws/aws-java-sdk-medialive/1.11.327/aws-java-sdk-medialive-1.11.327.jar:/Users/luisgustavosouzasantos/.m2/repository/com/amazonaws/aws-java-sdk-mediapackage/1.11.327/aws-java-sdk-mediapackage-1.11.327.jar:/Users/luisgustavosouzasantos/.m2/repository/com/amazonaws/aws-java-sdk-costexplorer/1.11.327/aws-java-sdk-costexplorer-1.11.327.jar:/Users/luisgustavosouzasantos/.m2/repository/com/amazonaws/aws-java-sdk-pricing/1.11.327/aws-java-sdk-pricing-1.11.327.jar:/Users/luisgustavosouzasantos/.m2/repository/com/amazonaws/aws-java-sdk-mobile/1.11.327/aws-java-sdk-mobile-1.11.327.jar:/Users/luisgustavosouzasantos/.m2/repository/com/amazonaws/aws-java-sdk-cloudhsmv2/1.11.327/aws-java-sdk-cloudhsmv2-1.11.327.jar:/Users/luisgustavosouzasantos/.m2/repository/com/amazonaws/aws-java-sdk-glue/1.11.327/aws-java-sdk-glue-1.11.327.jar:/Users/luisgustavosouzasantos/.m2/repository/com/amazonaws/aws-java-sdk-migrationhub/1.11.327/aws-java-sdk-migrationhub-1.11.327.jar:/Users/luisgustavosouzasantos/.m2/repository/com/amazonaws/aws-java-sdk-dax/1.11.327/aws-java-sdk-dax-1.11.327.jar:/Users/luisgustavosouzasantos/.m2/repository/com/amazonaws/aws-java-sdk-greengrass/1.11.327/aws-java-sdk-greengrass-1.11.327.jar:/Users/luisgustavosouzasantos/.m2/repository/com/amazonaws/aws-java-sdk-athena/1.11.327/aws-java-sdk-athena-1.11.327.jar:/Users/luisgustavosouzasantos/.m2/repository/com/amazonaws/aws-java-sdk-marketplaceentitlement/1.11.327/aws-java-sdk-marketplaceentitlement-1.11.327.jar:/Users/luisgustavosouzasantos/.m2/repository/com/amazonaws/aws-java-sdk-codestar/1.11.327/aws-java-sdk-codestar-1.11.327.jar:/Users/luisgustavosouzasantos/.m2/repository/com/amazonaws/aws-java-sdk-lexmodelbuilding/1.11.327/aws-java-sdk-lexmodelbuilding-1.11.327.jar:/Users/luisgustavosouzasantos/.m2/repository/com/amazonaws/aws-java-sdk-resourcegroupstaggingapi/1.11.327/aws-java-sdk-resourcegroupstaggingapi-1.11.327.jar:/Users/luisgustavosouzasantos/.m2/repository/com/amazonaws/aws-java-sdk-pinpoint/1.11.327/aws-java-sdk-pinpoint-1.11.327.jar:/Users/luisgustavosouzasantos/.m2/repository/com/amazonaws/aws-java-sdk-xray/1.11.327/aws-java-sdk-xray-1.11.327.jar:/Users/luisgustavosouzasantos/.m2/repository/com/amazonaws/aws-java-sdk-opsworkscm/1.11.327/aws-java-sdk-opsworkscm-1.11.327.jar:/Users/luisgustavosouzasantos/.m2/repository/com/amazonaws/aws-java-sdk-support/1.11.327/aws-java-sdk-support-1.11.327.jar:/Users/luisgustavosouzasantos/.m2/repository/com/amazonaws/aws-java-sdk-simpledb/1.11.327/aws-java-sdk-simpledb-1.11.327.jar:/Users/luisgustavosouzasantos/.m2/repository/com/amazonaws/aws-java-sdk-servicecatalog/1.11.327/aws-java-sdk-servicecatalog-1.11.327.jar:/Users/luisgustavosouzasantos/.m2/repository/com/amazonaws/aws-java-sdk-servermigration/1.11.327/aws-java-sdk-servermigration-1.11.327.jar:/Users/luisgustavosouzasantos/.m2/repository/com/amazonaws/aws-java-sdk-simpleworkflow/1.11.327/aws-java-sdk-simpleworkflow-1.11.327.jar:/Users/luisgustavosouzasantos/.m2/repository/com/amazonaws/aws-java-sdk-storagegateway/1.11.327/aws-java-sdk-storagegateway-1.11.327.jar:/Users/luisgustavosouzasantos/.m2/repository/com/amazonaws/aws-java-sdk-route53/1.11.327/aws-java-sdk-route53-1.11.327.jar:/Users/luisgustavosouzasantos/.m2/repository/com/amazonaws/aws-java-sdk-s3/1.11.327/aws-java-sdk-s3-1.11.327.jar:/Users/luisgustavosouzasantos/.m2/repository/com/amazonaws/aws-java-sdk-importexport/1.11.327/aws-java-sdk-importexport-1.11.327.jar:/Users/luisgustavosouzasantos/.m2/repository/com/amazonaws/aws-java-sdk-sts/1.11.327/aws-java-sdk-sts-1.11.327.jar:/Users/luisgustavosouzasantos/.m2/repository/com/amazonaws/aws-java-sdk-sqs/1.11.327/aws-java-sdk-sqs-1.11.327.jar:/Users/luisgustavosouzasantos/.m2/repository/com/amazonaws/aws-java-sdk-rds/1.11.327/aws-java-sdk-rds-1.11.327.jar:/Users/luisgustavosouzasantos/.m2/repository/com/amazonaws/aws-java-sdk-redshift/1.11.327/aws-java-sdk-redshift-1.11.327.jar:/Users/luisgustavosouzasantos/.m2/repository/com/amazonaws/aws-java-sdk-elasticbeanstalk/1.11.327/aws-java-sdk-elasticbeanstalk-1.11.327.jar:/Users/luisgustavosouzasantos/.m2/repository/com/amazonaws/aws-java-sdk-glacier/1.11.327/aws-java-sdk-glacier-1.11.327.jar:/Users/luisgustavosouzasantos/.m2/repository/com/amazonaws/aws-java-sdk-iam/1.11.327/aws-java-sdk-iam-1.11.327.jar:/Users/luisgustavosouzasantos/.m2/repository/com/amazonaws/aws-java-sdk-datapipeline/1.11.327/aws-java-sdk-datapipeline-1.11.327.jar:/Users/luisgustavosouzasantos/.m2/repository/com/amazonaws/aws-java-sdk-elasticloadbalancing/1.11.327/aws-java-sdk-elasticloadbalancing-1.11.327.jar:/Users/luisgustavosouzasantos/.m2/repository/com/amazonaws/aws-java-sdk-elasticloadbalancingv2/1.11.327/aws-java-sdk-elasticloadbalancingv2-1.11.327.jar:/Users/luisgustavosouzasantos/.m2/repository/com/amazonaws/aws-java-sdk-emr/1.11.327/aws-java-sdk-emr-1.11.327.jar:/Users/luisgustavosouzasantos/.m2/repository/com/amazonaws/aws-java-sdk-elasticache/1.11.327/aws-java-sdk-elasticache-1.11.327.jar:/Users/luisgustavosouzasantos/.m2/repository/com/amazonaws/aws-java-sdk-elastictranscoder/1.11.327/aws-java-sdk-elastictranscoder-1.11.327.jar:/Users/luisgustavosouzasantos/.m2/repository/com/amazonaws/aws-java-sdk-ec2/1.11.327/aws-java-sdk-ec2-1.11.327.jar:/Users/luisgustavosouzasantos/.m2/repository/com/amazonaws/aws-java-sdk-dynamodb/1.11.327/aws-java-sdk-dynamodb-1.11.327.jar:/Users/luisgustavosouzasantos/.m2/repository/com/amazonaws/aws-java-sdk-sns/1.11.327/aws-java-sdk-sns-1.11.327.jar:/Users/luisgustavosouzasantos/.m2/repository/com/amazonaws/aws-java-sdk-budgets/1.11.327/aws-java-sdk-budgets-1.11.327.jar:/Users/luisgustavosouzasantos/.m2/repository/com/amazonaws/aws-java-sdk-cloudtrail/1.11.327/aws-java-sdk-cloudtrail-1.11.327.jar:/Users/luisgustavosouzasantos/.m2/repository/com/amazonaws/aws-java-sdk-cloudwatch/1.11.327/aws-java-sdk-cloudwatch-1.11.327.jar:/Users/luisgustavosouzasantos/.m2/repository/com/amazonaws/aws-java-sdk-logs/1.11.327/aws-java-sdk-logs-1.11.327.jar:/Users/luisgustavosouzasantos/.m2/repository/com/amazonaws/aws-java-sdk-events/1.11.327/aws-java-sdk-events-1.11.327.jar:/Users/luisgustavosouzasantos/.m2/repository/com/amazonaws/aws-java-sdk-cognitoidentity/1.11.327/aws-java-sdk-cognitoidentity-1.11.327.jar:/Users/luisgustavosouzasantos/.m2/repository/com/amazonaws/aws-java-sdk-cognitosync/1.11.327/aws-java-sdk-cognitosync-1.11.327.jar:/Users/luisgustavosouzasantos/.m2/repository/com/amazonaws/aws-java-sdk-directconnect/1.11.327/aws-java-sdk-directconnect-1.11.327.jar:/Users/luisgustavosouzasantos/.m2/repository/com/amazonaws/aws-java-sdk-cloudformation/1.11.327/aws-java-sdk-cloudformation-1.11.327.jar:/Users/luisgustavosouzasantos/.m2/repository/com/amazonaws/aws-java-sdk-cloudfront/1.11.327/aws-java-sdk-cloudfront-1.11.327.jar:/Users/luisgustavosouzasantos/.m2/repository/com/amazonaws/aws-java-sdk-clouddirectory/1.11.327/aws-java-sdk-clouddirectory-1.11.327.jar:/Users/luisgustavosouzasantos/.m2/repository/com/amazonaws/aws-java-sdk-kinesis/1.11.327/aws-java-sdk-kinesis-1.11.327.jar:/Users/luisgustavosouzasantos/.m2/repository/com/amazonaws/aws-java-sdk-opsworks/1.11.327/aws-java-sdk-opsworks-1.11.327.jar:/Users/luisgustavosouzasantos/.m2/repository/com/amazonaws/aws-java-sdk-ses/1.11.327/aws-java-sdk-ses-1.11.327.jar:/Users/luisgustavosouzasantos/.m2/repository/com/amazonaws/aws-java-sdk-autoscaling/1.11.327/aws-java-sdk-autoscaling-1.11.327.jar:/Users/luisgustavosouzasantos/.m2/repository/com/amazonaws/aws-java-sdk-cloudsearch/1.11.327/aws-java-sdk-cloudsearch-1.11.327.jar:/Users/luisgustavosouzasantos/.m2/repository/com/amazonaws/aws-java-sdk-cloudwatchmetrics/1.11.327/aws-java-sdk-cloudwatchmetrics-1.11.327.jar:/Users/luisgustavosouzasantos/.m2/repository/com/amazonaws/aws-java-sdk-codedeploy/1.11.327/aws-java-sdk-codedeploy-1.11.327.jar:/Users/luisgustavosouzasantos/.m2/repository/com/amazonaws/aws-java-sdk-codepipeline/1.11.327/aws-java-sdk-codepipeline-1.11.327.jar:/Users/luisgustavosouzasantos/.m2/repository/com/amazonaws/aws-java-sdk-kms/1.11.327/aws-java-sdk-kms-1.11.327.jar:/Users/luisgustavosouzasantos/.m2/repository/com/amazonaws/aws-java-sdk-config/1.11.327/aws-java-sdk-config-1.11.327.jar:/Users/luisgustavosouzasantos/.m2/repository/com/amazonaws/aws-java-sdk-lambda/1.11.327/aws-java-sdk-lambda-1.11.327.jar:/Users/luisgustavosouzasantos/.m2/repository/com/amazonaws/aws-java-sdk-ecs/1.11.327/aws-java-sdk-ecs-1.11.327.jar:/Users/luisgustavosouzasantos/.m2/repository/com/amazonaws/aws-java-sdk-ecr/1.11.327/aws-java-sdk-ecr-1.11.327.jar:/Users/luisgustavosouzasantos/.m2/repository/com/amazonaws/aws-java-sdk-cloudhsm/1.11.327/aws-java-sdk-cloudhsm-1.11.327.jar:/Users/luisgustavosouzasantos/.m2/repository/com/amazonaws/aws-java-sdk-ssm/1.11.327/aws-java-sdk-ssm-1.11.327.jar:/Users/luisgustavosouzasantos/.m2/repository/com/amazonaws/aws-java-sdk-workspaces/1.11.327/aws-java-sdk-workspaces-1.11.327.jar:/Users/luisgustavosouzasantos/.m2/repository/com/amazonaws/aws-java-sdk-machinelearning/1.11.327/aws-java-sdk-machinelearning-1.11.327.jar:/Users/luisgustavosouzasantos/.m2/repository/com/amazonaws/aws-java-sdk-directory/1.11.327/aws-java-sdk-directory-1.11.327.jar:/Users/luisgustavosouzasantos/.m2/repository/com/amazonaws/aws-java-sdk-efs/1.11.327/aws-java-sdk-efs-1.11.327.jar:/Users/luisgustavosouzasantos/.m2/repository/com/amazonaws/aws-java-sdk-codecommit/1.11.327/aws-java-sdk-codecommit-1.11.327.jar:/Users/luisgustavosouzasantos/.m2/repository/com/amazonaws/aws-java-sdk-devicefarm/1.11.327/aws-java-sdk-devicefarm-1.11.327.jar:/Users/luisgustavosouzasantos/.m2/repository/com/amazonaws/aws-java-sdk-elasticsearch/1.11.327/aws-java-sdk-elasticsearch-1.11.327.jar:/Users/luisgustavosouzasantos/.m2/repository/com/amazonaws/aws-java-sdk-waf/1.11.327/aws-java-sdk-waf-1.11.327.jar:/Users/luisgustavosouzasantos/.m2/repository/com/amazonaws/aws-java-sdk-marketplacecommerceanalytics/1.11.327/aws-java-sdk-marketplacecommerceanalytics-1.11.327.jar:/Users/luisgustavosouzasantos/.m2/repository/com/amazonaws/aws-java-sdk-inspector/1.11.327/aws-java-sdk-inspector-1.11.327.jar:/Users/luisgustavosouzasantos/.m2/repository/com/amazonaws/aws-java-sdk-iot/1.11.327/aws-java-sdk-iot-1.11.327.jar:/Users/luisgustavosouzasantos/.m2/repository/com/amazonaws/aws-java-sdk-api-gateway/1.11.327/aws-java-sdk-api-gateway-1.11.327.jar:/Users/luisgustavosouzasantos/.m2/repository/com/amazonaws/aws-java-sdk-acm/1.11.327/aws-java-sdk-acm-1.11.327.jar:/Users/luisgustavosouzasantos/.m2/repository/com/amazonaws/aws-java-sdk-gamelift/1.11.327/aws-java-sdk-gamelift-1.11.327.jar:/Users/luisgustavosouzasantos/.m2/repository/com/amazonaws/aws-java-sdk-dms/1.11.327/aws-java-sdk-dms-1.11.327.jar:/Users/luisgustavosouzasantos/.m2/repository/com/amazonaws/aws-java-sdk-marketplacemeteringservice/1.11.327/aws-java-sdk-marketplacemeteringservice-1.11.327.jar:/Users/luisgustavosouzasantos/.m2/repository/com/amazonaws/aws-java-sdk-cognitoidp/1.11.327/aws-java-sdk-cognitoidp-1.11.327.jar:/Users/luisgustavosouzasantos/.m2/repository/com/amazonaws/aws-java-sdk-discovery/1.11.327/aws-java-sdk-discovery-1.11.327.jar:/Users/luisgustavosouzasantos/.m2/repository/com/amazonaws/aws-java-sdk-applicationautoscaling/1.11.327/aws-java-sdk-applicationautoscaling-1.11.327.jar:/Users/luisgustavosouzasantos/.m2/repository/com/amazonaws/aws-java-sdk-snowball/1.11.327/aws-java-sdk-snowball-1.11.327.jar:/Users/luisgustavosouzasantos/.m2/repository/com/amazonaws/aws-java-sdk-rekognition/1.11.327/aws-java-sdk-rekognition-1.11.327.jar:/Users/luisgustavosouzasantos/.m2/repository/com/amazonaws/aws-java-sdk-polly/1.11.327/aws-java-sdk-polly-1.11.327.jar:/Users/luisgustavosouzasantos/.m2/repository/com/amazonaws/aws-java-sdk-lightsail/1.11.327/aws-java-sdk-lightsail-1.11.327.jar:/Users/luisgustavosouzasantos/.m2/repository/com/amazonaws/aws-java-sdk-stepfunctions/1.11.327/aws-java-sdk-stepfunctions-1.11.327.jar:/Users/luisgustavosouzasantos/.m2/repository/com/amazonaws/aws-java-sdk-health/1.11.327/aws-java-sdk-health-1.11.327.jar:/Users/luisgustavosouzasantos/.m2/repository/com/amazonaws/aws-java-sdk-costandusagereport/1.11.327/aws-java-sdk-costandusagereport-1.11.327.jar:/Users/luisgustavosouzasantos/.m2/repository/com/amazonaws/aws-java-sdk-codebuild/1.11.327/aws-java-sdk-codebuild-1.11.327.jar:/Users/luisgustavosouzasantos/.m2/repository/com/amazonaws/aws-java-sdk-appstream/1.11.327/aws-java-sdk-appstream-1.11.327.jar:/Users/luisgustavosouzasantos/.m2/repository/com/amazonaws/aws-java-sdk-shield/1.11.327/aws-java-sdk-shield-1.11.327.jar:/Users/luisgustavosouzasantos/.m2/repository/com/amazonaws/aws-java-sdk-batch/1.11.327/aws-java-sdk-batch-1.11.327.jar:/Users/luisgustavosouzasantos/.m2/repository/com/amazonaws/aws-java-sdk-lex/1.11.327/aws-java-sdk-lex-1.11.327.jar:/Users/luisgustavosouzasantos/.m2/repository/com/amazonaws/aws-java-sdk-mechanicalturkrequester/1.11.327/aws-java-sdk-mechanicalturkrequester-1.11.327.jar:/Users/luisgustavosouzasantos/.m2/repository/com/amazonaws/aws-java-sdk-organizations/1.11.327/aws-java-sdk-organizations-1.11.327.jar:/Users/luisgustavosouzasantos/.m2/repository/com/amazonaws/aws-java-sdk-workdocs/1.11.327/aws-java-sdk-workdocs-1.11.327.jar:/Users/luisgustavosouzasantos/.m2/repository/com/amazonaws/aws-java-sdk-core/1.11.327/aws-java-sdk-core-1.11.327.jar:/Users/luisgustavosouzasantos/.m2/repository/commons-logging/commons-logging/1.1.3/commons-logging-1.1.3.jar:/Users/luisgustavosouzasantos/.m2/repository/org/apache/httpcomponents/httpclient/4.5.12/httpclient-4.5.12.jar:/Users/luisgustavosouzasantos/.m2/repository/org/apache/httpcomponents/httpcore/4.4.13/httpcore-4.4.13.jar:/Users/luisgustavosouzasantos/.m2/repository/commons-codec/commons-codec/1.14/commons-codec-1.14.jar:/Users/luisgustavosouzasantos/.m2/repository/software/amazon/ion/ion-java/1.0.2/ion-java-1.0.2.jar:/Users/luisgustavosouzasantos/.m2/repository/com/fasterxml/jackson/dataformat/jackson-dataformat-cbor/2.11.2/jackson-dataformat-cbor-2.11.2.jar:/Users/luisgustavosouzasantos/.m2/repository/joda-time/joda-time/2.8.1/joda-time-2.8.1.jar:/Users/luisgustavosouzasantos/.m2/repository/com/amazonaws/aws-java-sdk-models/1.11.327/aws-java-sdk-models-1.11.327.jar:/Users/luisgustavosouzasantos/.m2/repository/com/amazonaws/aws-java-sdk-swf-libraries/1.11.22/aws-java-sdk-swf-libraries-1.11.22.jar:/Users/luisgustavosouzasantos/.m2/repository/org/springframework/boot/spring-boot-starter-test/2.3.3.RELEASE/spring-boot-starter-test-2.3.3.RELEASE.jar:/Users/luisgustavosouzasantos/.m2/repository/org/springframework/boot/spring-boot-test/2.3.3.RELEASE/spring-boot-test-2.3.3.RELEASE.jar:/Users/luisgustavosouzasantos/.m2/repository/org/springframework/boot/spring-boot-test-autoconfigure/2.3.3.RELEASE/spring-boot-test-autoconfigure-2.3.3.RELEASE.jar:/Users/luisgustavosouzasantos/.m2/repository/com/jayway/jsonpath/json-path/2.4.0/json-path-2.4.0.jar:/Users/luisgustavosouzasantos/.m2/repository/net/minidev/json-smart/2.3/json-smart-2.3.jar:/Users/luisgustavosouzasantos/.m2/repository/net/minidev/accessors-smart/1.2/accessors-smart-1.2.jar:/Users/luisgustavosouzasantos/.m2/repository/org/ow2/asm/asm/5.0.4/asm-5.0.4.jar:/Users/luisgustavosouzasantos/.m2/repository/jakarta/xml/bind/jakarta.xml.bind-api/2.3.3/jakarta.xml.bind-api-2.3.3.jar:/Users/luisgustavosouzasantos/.m2/repository/jakarta/activation/jakarta.activation-api/1.2.2/jakarta.activation-api-1.2.2.jar:/Users/luisgustavosouzasantos/.m2/repository/org/assertj/assertj-core/3.16.1/assertj-core-3.16.1.jar:/Users/luisgustavosouzasantos/.m2/repository/org/hamcrest/hamcrest/2.2/hamcrest-2.2.jar:/Users/luisgustavosouzasantos/.m2/repository/org/junit/jupiter/junit-jupiter/5.6.2/junit-jupiter-5.6.2.jar:/Users/luisgustavosouzasantos/.m2/repository/org/junit/jupiter/junit-jupiter-api/5.6.2/junit-jupiter-api-5.6.2.jar:/Users/luisgustavosouzasantos/.m2/repository/org/apiguardian/apiguardian-api/1.1.0/apiguardian-api-1.1.0.jar:/Users/luisgustavosouzasantos/.m2/repository/org/opentest4j/opentest4j/1.2.0/opentest4j-1.2.0.jar:/Users/luisgustavosouzasantos/.m2/repository/org/junit/platform/junit-platform-commons/1.6.2/junit-platform-commons-1.6.2.jar:/Users/luisgustavosouzasantos/.m2/repository/org/junit/jupiter/junit-jupiter-params/5.6.2/junit-jupiter-params-5.6.2.jar:/Users/luisgustavosouzasantos/.m2/repository/org/junit/jupiter/junit-jupiter-engine/5.6.2/junit-jupiter-engine-5.6.2.jar:/Users/luisgustavosouzasantos/.m2/repository/org/junit/platform/junit-platform-engine/1.6.2/junit-platform-engine-1.6.2.jar:/Users/luisgustavosouzasantos/.m2/repository/org/mockito/mockito-core/3.3.3/mockito-core-3.3.3.jar:/Users/luisgustavosouzasantos/.m2/repository/net/bytebuddy/byte-buddy-agent/1.10.14/byte-buddy-agent-1.10.14.jar:/Users/luisgustavosouzasantos/.m2/repository/org/objenesis/objenesis/2.6/objenesis-2.6.jar:/Users/luisgustavosouzasantos/.m2/repository/org/mockito/mockito-junit-jupiter/3.3.3/mockito-junit-jupiter-3.3.3.jar:/Users/luisgustavosouzasantos/.m2/repository/org/skyscreamer/jsonassert/1.5.0/jsonassert-1.5.0.jar:/Users/luisgustavosouzasantos/.m2/repository/com/vaadin/external/google/android-json/0.0.20131108.vaadin1/android-json-0.0.20131108.vaadin1.jar:/Users/luisgustavosouzasantos/.m2/repository/org/springframework/spring-core/5.2.8.RELEASE/spring-core-5.2.8.RELEASE.jar:/Users/luisgustavosouzasantos/.m2/repository/org/springframework/spring-jcl/5.2.8.RELEASE/spring-jcl-5.2.8.RELEASE.jar:/Users/luisgustavosouzasantos/.m2/repository/org/springframework/spring-test/5.2.8.RELEASE/spring-test-5.2.8.RELEASE.jar:/Users/luisgustavosouzasantos/.m2/repository/org/xmlunit/xmlunit-core/2.7.0/xmlunit-core-2.7.0.jar:"/>
    <property name="sun.cpu.endian" value="little"/>
    <property name="user.home" value="/Users/luisgustavosouzasantos"/>
    <property name="user.language" value="en"/>
    <property name="java.specification.vendor" value="Oracle Corporation"/>
    <property name="java.home" value="/Library/Internet Plug-Ins/JavaAppletPlugin.plugin/Contents/Home"/>
    <property name="basedir" value="/Users/luisgustavosouzasantos/Projects/Faculdade/bk_core_blog_cars"/>
    <property name="file.separator" value="/"/>
    <property name="line.separator" value="&#10;"/>
    <property name="java.vm.specification.vendor" value="Oracle Corporation"/>
    <property name="java.specification.name" value="Java Platform API Specification"/>
    <property name="java.awt.graphicsenv" value="sun.awt.CGraphicsEnvironment"/>
    <property name="surefire.real.class.path" value="/Users/luisgustavosouzasantos/Projects/Faculdade/bk_core_blog_cars/target/surefire/surefirebooter7894874658522203541.jar"/>
    <property name="sun.boot.class.path" value="/Library/Internet Plug-Ins/JavaAppletPlugin.plugin/Contents/Home/lib/resources.jar:/Library/Internet Plug-Ins/JavaAppletPlugin.plugin/Contents/Home/lib/rt.jar:/Library/Internet Plug-Ins/JavaAppletPlugin.plugin/Contents/Home/lib/sunrsasign.jar:/Library/Internet Plug-Ins/JavaAppletPlugin.plugin/Contents/Home/lib/jsse.jar:/Library/Internet Plug-Ins/JavaAppletPlugin.plugin/Contents/Home/lib/jce.jar:/Library/Internet Plug-Ins/JavaAppletPlugin.plugin/Contents/Home/lib/charsets.jar:/Library/Internet Plug-Ins/JavaAppletPlugin.plugin/Contents/Home/lib/jfr.jar:/Library/Internet Plug-Ins/JavaAppletPlugin.plugin/Contents/Home/classes"/>
    <property name="sun.management.compiler" value="HotSpot 64-Bit Tiered Compilers"/>
    <property name="ftp.nonProxyHosts" value="local|*.local|169.254/16|*.169.254/16"/>
    <property name="java.runtime.version" value="1.8.0_281-b09"/>
    <property name="user.name" value="luisgustavosouzasantos"/>
    <property name="path.separator" value=":"/>
    <property name="os.version" value="10.16"/>
    <property name="java.endorsed.dirs" value="/Library/Internet Plug-Ins/JavaAppletPlugin.plugin/Contents/Home/lib/endorsed"/>
    <property name="java.runtime.name" value="Java(TM) SE Runtime Environment"/>
    <property name="file.encoding" value="UTF-8"/>
    <property name="java.vm.name" value="Java HotSpot(TM) 64-Bit Server VM"/>
    <property name="localRepository" value="/Users/luisgustavosouzasantos/.m2/repository"/>
    <property name="java.vendor.url.bug" value="http://bugreport.sun.com/bugreport/"/>
    <property name="java.io.tmpdir" value="/var/folders/j0/q1fp1p9s22n2qsvy7bwq1qk80000gn/T/"/>
    <property name="java.version" value="1.8.0_281"/>
    <property name="user.dir" value="/Users/luisgustavosouzasantos/Projects/Faculdade/bk_core_blog_cars"/>
    <property name="os.arch" value="x86_64"/>
    <property name="java.vm.specification.name" value="Java Virtual Machine Specification"/>
    <property name="java.awt.printerjob" value="sun.lwawt.macosx.CPrinterJob"/>
    <property name="sun.os.patch.level" value="unknown"/>
    <property name="java.library.path" value="/Users/luisgustavosouzasantos/Library/Java/Extensions:/Library/Java/Extensions:/Network/Library/Java/Extensions:/System/Library/Java/Extensions:/usr/lib/java:."/>
    <property name="java.vm.info" value="mixed mode"/>
    <property name="java.vendor" value="Oracle Corporation"/>
    <property name="java.vm.version" value="25.281-b09"/>
    <property name="java.ext.dirs" value="/Users/luisgustavosouzasantos/Library/Java/Extensions:/Library/Internet Plug-Ins/JavaAppletPlugin.plugin/Contents/Home/lib/ext:/Library/Java/Extensions:/Network/Library/Java/Extensions:/System/Library/Java/Extensions:/usr/lib/java"/>
    <property name="sun.io.unicode.encoding" value="UnicodeBig"/>
    <property name="java.class.version" value="52.0"/>
    <property name="socksNonProxyHosts" value="local|*.local|169.254/16|*.169.254/16"/>
  </properties>
  <testcase name="contextLoads" classname="br.com.supersim.blog.BlogApplicationTests" time="0.002">
    <error message="Failed to load ApplicationContext" type="java.lang.IllegalStateException">java.lang.IllegalStateException: Failed to load ApplicationContext
Caused by: org.springframework.beans.factory.UnsatisfiedDependencyException: Error creating bean with name 'authenticationController': Unsatisfied dependency expressed through field 'authService'; nested exception is org.springframework.beans.factory.UnsatisfiedDependencyException: Error creating bean with name 'authServiceImpl': Unsatisfied dependency expressed through field 'authenticationManager'; nested exception is org.springframework.beans.factory.UnsatisfiedDependencyException: Error creating bean with name 'securityConfigurations': Unsatisfied dependency expressed through field 'tokenService'; nested exception is org.springframework.beans.factory.UnsatisfiedDependencyException: Error creating bean with name 'tokenService': Unsatisfied dependency expressed through field 'properties'; nested exception is org.springframework.beans.factory.BeanCreationException: Error creating bean with name 'properties' defined in file [/Users/luisgustavosouzasantos/Projects/Faculdade/bk_core_blog_cars/target/classes/br/com/supersim/blog/entity/Properties.class]: Unexpected exception during bean creation; nested exception is java.lang.IllegalArgumentException: Could not resolve placeholder 'BUCKET_S3_NAME' in value "${BUCKET_S3_NAME}"
Caused by: org.springframework.beans.factory.UnsatisfiedDependencyException: Error creating bean with name 'authServiceImpl': Unsatisfied dependency expressed through field 'authenticationManager'; nested exception is org.springframework.beans.factory.UnsatisfiedDependencyException: Error creating bean with name 'securityConfigurations': Unsatisfied dependency expressed through field 'tokenService'; nested exception is org.springframework.beans.factory.UnsatisfiedDependencyException: Error creating bean with name 'tokenService': Unsatisfied dependency expressed through field 'properties'; nested exception is org.springframework.beans.factory.BeanCreationException: Error creating bean with name 'properties' defined in file [/Users/luisgustavosouzasantos/Projects/Faculdade/bk_core_blog_cars/target/classes/br/com/supersim/blog/entity/Properties.class]: Unexpected exception during bean creation; nested exception is java.lang.IllegalArgumentException: Could not resolve placeholder 'BUCKET_S3_NAME' in value "${BUCKET_S3_NAME}"
Caused by: org.springframework.beans.factory.UnsatisfiedDependencyException: Error creating bean with name 'securityConfigurations': Unsatisfied dependency expressed through field 'tokenService'; nested exception is org.springframework.beans.factory.UnsatisfiedDependencyException: Error creating bean with name 'tokenService': Unsatisfied dependency expressed through field 'properties'; nested exception is org.springframework.beans.factory.BeanCreationException: Error creating bean with name 'properties' defined in file [/Users/luisgustavosouzasantos/Projects/Faculdade/bk_core_blog_cars/target/classes/br/com/supersim/blog/entity/Properties.class]: Unexpected exception during bean creation; nested exception is java.lang.IllegalArgumentException: Could not resolve placeholder 'BUCKET_S3_NAME' in value "${BUCKET_S3_NAME}"
Caused by: org.springframework.beans.factory.UnsatisfiedDependencyException: Error creating bean with name 'tokenService': Unsatisfied dependency expressed through field 'properties'; nested exception is org.springframework.beans.factory.BeanCreationException: Error creating bean with name 'properties' defined in file [/Users/luisgustavosouzasantos/Projects/Faculdade/bk_core_blog_cars/target/classes/br/com/supersim/blog/entity/Properties.class]: Unexpected exception during bean creation; nested exception is java.lang.IllegalArgumentException: Could not resolve placeholder 'BUCKET_S3_NAME' in value "${BUCKET_S3_NAME}"
Caused by: org.springframework.beans.factory.BeanCreationException: Error creating bean with name 'properties' defined in file [/Users/luisgustavosouzasantos/Projects/Faculdade/bk_core_blog_cars/target/classes/br/com/supersim/blog/entity/Properties.class]: Unexpected exception during bean creation; nested exception is java.lang.IllegalArgumentException: Could not resolve placeholder 'BUCKET_S3_NAME' in value "${BUCKET_S3_NAME}"
Caused by: java.lang.IllegalArgumentException: Could not resolve placeholder 'BUCKET_S3_NAME' in value "${BUCKET_S3_NAME}"
</error>
    <system-out><![CDATA[20:57:43.512 [main] DEBUG org.springframework.test.context.BootstrapUtils - Instantiating CacheAwareContextLoaderDelegate from class [org.springframework.test.context.cache.DefaultCacheAwareContextLoaderDelegate]
20:57:43.530 [main] DEBUG org.springframework.test.context.BootstrapUtils - Instantiating BootstrapContext using constructor [public org.springframework.test.context.support.DefaultBootstrapContext(java.lang.Class,org.springframework.test.context.CacheAwareContextLoaderDelegate)]
20:57:43.569 [main] DEBUG org.springframework.test.context.BootstrapUtils - Instantiating TestContextBootstrapper for test class [br.com.supersim.blog.BlogApplicationTests] from class [org.springframework.boot.test.context.SpringBootTestContextBootstrapper]
20:57:43.596 [main] INFO org.springframework.boot.test.context.SpringBootTestContextBootstrapper - Neither @ContextConfiguration nor @ContextHierarchy found for test class [br.com.supersim.blog.BlogApplicationTests], using SpringBootContextLoader
20:57:43.601 [main] DEBUG org.springframework.test.context.support.AbstractContextLoader - Did not detect default resource location for test class [br.com.supersim.blog.BlogApplicationTests]: class path resource [br/com/supersim/blog/BlogApplicationTests-context.xml] does not exist
20:57:43.602 [main] DEBUG org.springframework.test.context.support.AbstractContextLoader - Did not detect default resource location for test class [br.com.supersim.blog.BlogApplicationTests]: class path resource [br/com/supersim/blog/BlogApplicationTestsContext.groovy] does not exist
20:57:43.602 [main] INFO org.springframework.test.context.support.AbstractContextLoader - Could not detect default resource locations for test class [br.com.supersim.blog.BlogApplicationTests]: no resource found for suffixes {-context.xml, Context.groovy}.
20:57:43.603 [main] INFO org.springframework.test.context.support.AnnotationConfigContextLoaderUtils - Could not detect default configuration classes for test class [br.com.supersim.blog.BlogApplicationTests]: BlogApplicationTests does not declare any static, non-private, non-final, nested classes annotated with @Configuration.
20:57:43.662 [main] DEBUG org.springframework.test.context.support.ActiveProfilesUtils - Could not find an 'annotation declaring class' for annotation type [org.springframework.test.context.ActiveProfiles] and class [br.com.supersim.blog.BlogApplicationTests]
20:57:43.765 [main] DEBUG org.springframework.context.annotation.ClassPathScanningCandidateComponentProvider - Identified candidate component class: file [/Users/luisgustavosouzasantos/Projects/Faculdade/bk_core_blog_cars/target/classes/br/com/supersim/blog/BlogApplication.class]
20:57:43.766 [main] INFO org.springframework.boot.test.context.SpringBootTestContextBootstrapper - Found @SpringBootConfiguration br.com.supersim.blog.BlogApplication for test class br.com.supersim.blog.BlogApplicationTests
20:57:43.931 [main] DEBUG org.springframework.boot.test.context.SpringBootTestContextBootstrapper - @TestExecutionListeners is not present for class [br.com.supersim.blog.BlogApplicationTests]: using defaults.
20:57:43.931 [main] INFO org.springframework.boot.test.context.SpringBootTestContextBootstrapper - Loaded default TestExecutionListener class names from location [META-INF/spring.factories]: [org.springframework.boot.test.mock.mockito.MockitoTestExecutionListener, org.springframework.boot.test.mock.mockito.ResetMocksTestExecutionListener, org.springframework.boot.test.autoconfigure.restdocs.RestDocsTestExecutionListener, org.springframework.boot.test.autoconfigure.web.client.MockRestServiceServerResetTestExecutionListener, org.springframework.boot.test.autoconfigure.web.servlet.MockMvcPrintOnlyOnFailureTestExecutionListener, org.springframework.boot.test.autoconfigure.web.servlet.WebDriverTestExecutionListener, org.springframework.boot.test.autoconfigure.webservices.client.MockWebServiceServerTestExecutionListener, org.springframework.test.context.web.ServletTestExecutionListener, org.springframework.test.context.support.DirtiesContextBeforeModesTestExecutionListener, org.springframework.test.context.support.DependencyInjectionTestExecutionListener, org.springframework.test.context.support.DirtiesContextTestExecutionListener, org.springframework.test.context.transaction.TransactionalTestExecutionListener, org.springframework.test.context.jdbc.SqlScriptsTestExecutionListener, org.springframework.test.context.event.EventPublishingTestExecutionListener]
20:57:43.954 [main] INFO org.springframework.boot.test.context.SpringBootTestContextBootstrapper - Using TestExecutionListeners: [org.springframework.test.context.web.ServletTestExecutionListener@3aa078fd, org.springframework.test.context.support.DirtiesContextBeforeModesTestExecutionListener@d23e042, org.springframework.boot.test.mock.mockito.MockitoTestExecutionListener@46d59067, org.springframework.boot.test.autoconfigure.SpringBootDependencyInjectionTestExecutionListener@2d0399f4, org.springframework.test.context.support.DirtiesContextTestExecutionListener@14dd7b39, org.springframework.test.context.transaction.TransactionalTestExecutionListener@66ea810, org.springframework.test.context.jdbc.SqlScriptsTestExecutionListener@6cd24612, org.springframework.test.context.event.EventPublishingTestExecutionListener@5dafbe45, org.springframework.boot.test.mock.mockito.ResetMocksTestExecutionListener@2254127a, org.springframework.boot.test.autoconfigure.restdocs.RestDocsTestExecutionListener@51891008, org.springframework.boot.test.autoconfigure.web.client.MockRestServiceServerResetTestExecutionListener@2f953efd, org.springframework.boot.test.autoconfigure.web.servlet.MockMvcPrintOnlyOnFailureTestExecutionListener@f68f0dc, org.springframework.boot.test.autoconfigure.web.servlet.WebDriverTestExecutionListener@d2de489, org.springframework.boot.test.autoconfigure.webservices.client.MockWebServiceServerTestExecutionListener@14bdbc74]
20:57:43.958 [main] DEBUG org.springframework.test.context.support.AbstractDirtiesContextTestExecutionListener - Before test class: context [DefaultTestContext@5d908d47 testClass = BlogApplicationTests, testInstance = [null], testMethod = [null], testException = [null], mergedContextConfiguration = [WebMergedContextConfiguration@5efa40fe testClass = BlogApplicationTests, locations = '{}', classes = '{class br.com.supersim.blog.BlogApplication}', contextInitializerClasses = '[]', activeProfiles = '{}', propertySourceLocations = '{}', propertySourceProperties = '{org.springframework.boot.test.context.SpringBootTestContextBootstrapper=true}', contextCustomizers = set[org.springframework.boot.test.context.filter.ExcludeFilterContextCustomizer@4efbca5a, org.springframework.boot.test.json.DuplicateJsonObjectContextCustomizerFactory$DuplicateJsonObjectContextCustomizer@77fbd92c, org.springframework.boot.test.mock.mockito.MockitoContextCustomizer@0, org.springframework.boot.test.web.client.TestRestTemplateContextCustomizer@4c371370, org.springframework.boot.test.autoconfigure.properties.PropertyMappingContextCustomizer@0, org.springframework.boot.test.autoconfigure.web.servlet.WebDriverContextCustomizerFactory$Customizer@73a1e9a9, org.springframework.boot.test.context.SpringBootTestArgs@1], resourceBasePath = 'src/main/webapp', contextLoader = 'org.springframework.boot.test.context.SpringBootContextLoader', parent = [null]], attributes = map['org.springframework.test.context.web.ServletTestExecutionListener.activateListener' -> true]], class annotated with @DirtiesContext [false] with mode [null].
20:57:43.991 [main] DEBUG org.springframework.test.context.support.TestPropertySourceUtils - Adding inlined properties to environment: {spring.jmx.enabled=false, org.springframework.boot.test.context.SpringBootTestContextBootstrapper=true}

  .   ____          _            __ _ _
 /\\ / ___'_ __ _ _(_)_ __  __ _ \ \ \ \
( ( )\___ | '_ | '_| | '_ \/ _` | \ \ \ \
 \\/  ___)| |_)| | | | | || (_| |  ) ) ) )
  '  |____| .__|_| |_|_| |_\__, | / / / /
 =========|_|==============|___/=/_/_/_/
 :: Spring Boot ::        (v2.3.3.RELEASE)

2021-11-07 20:57:44.224  INFO 4629 --- [           main] b.c.supersim.blog.BlogApplicationTests   : Starting BlogApplicationTests on Luiss-MacBook-Pro.local with PID 4629 (started by luisgustavosouzasantos in /Users/luisgustavosouzasantos/Projects/Faculdade/bk_core_blog_cars)
2021-11-07 20:57:44.225  INFO 4629 --- [           main] b.c.supersim.blog.BlogApplicationTests   : No active profile set, falling back to default profiles: default
2021-11-07 20:57:44.978  INFO 4629 --- [           main] .s.d.r.c.RepositoryConfigurationDelegate : Bootstrapping Spring Data JPA repositories in DEFERRED mode.
2021-11-07 20:57:45.083  INFO 4629 --- [           main] .s.d.r.c.RepositoryConfigurationDelegate : Finished Spring Data repository scanning in 92ms. Found 4 JPA repository interfaces.
2021-11-07 20:57:45.662  INFO 4629 --- [           main] o.s.s.concurrent.ThreadPoolTaskExecutor  : Initializing ExecutorService 'applicationTaskExecutor'
2021-11-07 20:57:45.724  INFO 4629 --- [         task-1] o.hibernate.jpa.internal.util.LogHelper  : HHH000204: Processing PersistenceUnitInfo [name: default]
2021-11-07 20:57:45.831  WARN 4629 --- [           main] JpaBaseConfiguration$JpaWebConfiguration : spring.jpa.open-in-view is enabled by default. Therefore, database queries may be performed during view rendering. Explicitly configure spring.jpa.open-in-view to disable this warning
2021-11-07 20:57:45.840  INFO 4629 --- [         task-1] org.hibernate.Version                    : HHH000412: Hibernate ORM core version 5.4.20.Final
2021-11-07 20:57:45.916  WARN 4629 --- [           main] o.s.w.c.s.GenericWebApplicationContext   : Exception encountered during context initialization - cancelling refresh attempt: org.springframework.beans.factory.UnsatisfiedDependencyException: Error creating bean with name 'authenticationController': Unsatisfied dependency expressed through field 'authService'; nested exception is org.springframework.beans.factory.UnsatisfiedDependencyException: Error creating bean with name 'authServiceImpl': Unsatisfied dependency expressed through field 'authenticationManager'; nested exception is org.springframework.beans.factory.UnsatisfiedDependencyException: Error creating bean with name 'securityConfigurations': Unsatisfied dependency expressed through field 'tokenService'; nested exception is org.springframework.beans.factory.UnsatisfiedDependencyException: Error creating bean with name 'tokenService': Unsatisfied dependency expressed through field 'properties'; nested exception is org.springframework.beans.factory.BeanCreationException: Error creating bean with name 'properties' defined in file [/Users/luisgustavosouzasantos/Projects/Faculdade/bk_core_blog_cars/target/classes/br/com/supersim/blog/entity/Properties.class]: Unexpected exception during bean creation; nested exception is java.lang.IllegalArgumentException: Could not resolve placeholder 'BUCKET_S3_NAME' in value "${BUCKET_S3_NAME}"
2021-11-07 20:57:45.916  INFO 4629 --- [           main] j.LocalContainerEntityManagerFactoryBean : Closing JPA EntityManagerFactory for persistence unit 'default'
2021-11-07 20:57:46.025  INFO 4629 --- [         task-1] o.hibernate.annotations.common.Version   : HCANN000001: Hibernate Commons Annotations {5.1.0.Final}
2021-11-07 20:57:46.157  INFO 4629 --- [         task-1] com.zaxxer.hikari.HikariDataSource       : HikariPool-1 - Starting...
2021-11-07 20:57:47.317 ERROR 4629 --- [         task-1] com.zaxxer.hikari.pool.HikariPool        : HikariPool-1 - Exception during pool initialization.

com.mysql.cj.jdbc.exceptions.CommunicationsException: Communications link failure

The last packet sent successfully to the server was 0 milliseconds ago. The driver has not received any packets from the server.
	at com.mysql.cj.jdbc.exceptions.SQLError.createCommunicationsException(SQLError.java:174) ~[mysql-connector-java-8.0.21.jar:8.0.21]
	at com.mysql.cj.jdbc.exceptions.SQLExceptionsMapping.translateException(SQLExceptionsMapping.java:64) ~[mysql-connector-java-8.0.21.jar:8.0.21]
	at com.mysql.cj.jdbc.ConnectionImpl.createNewIO(ConnectionImpl.java:836) ~[mysql-connector-java-8.0.21.jar:8.0.21]
	at com.mysql.cj.jdbc.ConnectionImpl.<init>(ConnectionImpl.java:456) ~[mysql-connector-java-8.0.21.jar:8.0.21]
	at com.mysql.cj.jdbc.ConnectionImpl.getInstance(ConnectionImpl.java:246) ~[mysql-connector-java-8.0.21.jar:8.0.21]
	at com.mysql.cj.jdbc.NonRegisteringDriver.connect(NonRegisteringDriver.java:197) ~[mysql-connector-java-8.0.21.jar:8.0.21]
	at com.zaxxer.hikari.util.DriverDataSource.getConnection(DriverDataSource.java:138) ~[HikariCP-3.4.5.jar:na]
	at com.zaxxer.hikari.pool.PoolBase.newConnection(PoolBase.java:358) ~[HikariCP-3.4.5.jar:na]
	at com.zaxxer.hikari.pool.PoolBase.newPoolEntry(PoolBase.java:206) ~[HikariCP-3.4.5.jar:na]
	at com.zaxxer.hikari.pool.HikariPool.createPoolEntry(HikariPool.java:477) [HikariCP-3.4.5.jar:na]
	at com.zaxxer.hikari.pool.HikariPool.checkFailFast(HikariPool.java:560) [HikariCP-3.4.5.jar:na]
	at com.zaxxer.hikari.pool.HikariPool.<init>(HikariPool.java:115) [HikariCP-3.4.5.jar:na]
	at com.zaxxer.hikari.HikariDataSource.getConnection(HikariDataSource.java:112) [HikariCP-3.4.5.jar:na]
	at org.hibernate.engine.jdbc.connections.internal.DatasourceConnectionProviderImpl.getConnection(DatasourceConnectionProviderImpl.java:122) [hibernate-core-5.4.20.Final.jar:5.4.20.Final]
	at org.hibernate.engine.jdbc.env.internal.JdbcEnvironmentInitiator$ConnectionProviderJdbcConnectionAccess.obtainConnection(JdbcEnvironmentInitiator.java:180) [hibernate-core-5.4.20.Final.jar:5.4.20.Final]
	at org.hibernate.engine.jdbc.env.internal.JdbcEnvironmentInitiator.initiateService(JdbcEnvironmentInitiator.java:68) [hibernate-core-5.4.20.Final.jar:5.4.20.Final]
	at org.hibernate.engine.jdbc.env.internal.JdbcEnvironmentInitiator.initiateService(JdbcEnvironmentInitiator.java:35) [hibernate-core-5.4.20.Final.jar:5.4.20.Final]
	at org.hibernate.boot.registry.internal.StandardServiceRegistryImpl.initiateService(StandardServiceRegistryImpl.java:101) [hibernate-core-5.4.20.Final.jar:5.4.20.Final]
	at org.hibernate.service.internal.AbstractServiceRegistryImpl.createService(AbstractServiceRegistryImpl.java:263) [hibernate-core-5.4.20.Final.jar:5.4.20.Final]
	at org.hibernate.service.internal.AbstractServiceRegistryImpl.initializeService(AbstractServiceRegistryImpl.java:237) [hibernate-core-5.4.20.Final.jar:5.4.20.Final]
	at org.hibernate.service.internal.AbstractServiceRegistryImpl.getService(AbstractServiceRegistryImpl.java:214) [hibernate-core-5.4.20.Final.jar:5.4.20.Final]
	at org.hibernate.id.factory.internal.DefaultIdentifierGeneratorFactory.injectServices(DefaultIdentifierGeneratorFactory.java:152) [hibernate-core-5.4.20.Final.jar:5.4.20.Final]
	at org.hibernate.service.internal.AbstractServiceRegistryImpl.injectDependencies(AbstractServiceRegistryImpl.java:286) [hibernate-core-5.4.20.Final.jar:5.4.20.Final]
	at org.hibernate.service.internal.AbstractServiceRegistryImpl.initializeService(AbstractServiceRegistryImpl.java:243) [hibernate-core-5.4.20.Final.jar:5.4.20.Final]
	at org.hibernate.service.internal.AbstractServiceRegistryImpl.getService(AbstractServiceRegistryImpl.java:214) [hibernate-core-5.4.20.Final.jar:5.4.20.Final]
	at org.hibernate.boot.internal.InFlightMetadataCollectorImpl.<init>(InFlightMetadataCollectorImpl.java:176) [hibernate-core-5.4.20.Final.jar:5.4.20.Final]
	at org.hibernate.boot.model.process.spi.MetadataBuildingProcess.complete(MetadataBuildingProcess.java:118) [hibernate-core-5.4.20.Final.jar:5.4.20.Final]
	at org.hibernate.jpa.boot.internal.EntityManagerFactoryBuilderImpl.metadata(EntityManagerFactoryBuilderImpl.java:1224) [hibernate-core-5.4.20.Final.jar:5.4.20.Final]
	at org.hibernate.jpa.boot.internal.EntityManagerFactoryBuilderImpl.build(EntityManagerFactoryBuilderImpl.java:1255) [hibernate-core-5.4.20.Final.jar:5.4.20.Final]
	at org.springframework.orm.jpa.vendor.SpringHibernateJpaPersistenceProvider.createContainerEntityManagerFactory(SpringHibernateJpaPersistenceProvider.java:58) [spring-orm-5.2.8.RELEASE.jar:5.2.8.RELEASE]
	at org.springframework.orm.jpa.LocalContainerEntityManagerFactoryBean.createNativeEntityManagerFactory(LocalContainerEntityManagerFactoryBean.java:365) [spring-orm-5.2.8.RELEASE.jar:5.2.8.RELEASE]
	at org.springframework.orm.jpa.AbstractEntityManagerFactoryBean.buildNativeEntityManagerFactory(AbstractEntityManagerFactoryBean.java:391) [spring-orm-5.2.8.RELEASE.jar:5.2.8.RELEASE]
	at java.util.concurrent.FutureTask.run(FutureTask.java:266) ~[na:1.8.0_281]
	at java.util.concurrent.ThreadPoolExecutor.runWorker(ThreadPoolExecutor.java:1149) ~[na:1.8.0_281]
	at java.util.concurrent.ThreadPoolExecutor$Worker.run(ThreadPoolExecutor.java:624) ~[na:1.8.0_281]
	at java.lang.Thread.run(Thread.java:748) ~[na:1.8.0_281]
Caused by: com.mysql.cj.exceptions.CJCommunicationsException: Communications link failure

The last packet sent successfully to the server was 0 milliseconds ago. The driver has not received any packets from the server.
	at sun.reflect.NativeConstructorAccessorImpl.newInstance0(Native Method) ~[na:1.8.0_281]
	at sun.reflect.NativeConstructorAccessorImpl.newInstance(NativeConstructorAccessorImpl.java:62) ~[na:1.8.0_281]
	at sun.reflect.DelegatingConstructorAccessorImpl.newInstance(DelegatingConstructorAccessorImpl.java:45) ~[na:1.8.0_281]
	at java.lang.reflect.Constructor.newInstance(Constructor.java:423) ~[na:1.8.0_281]
	at com.mysql.cj.exceptions.ExceptionFactory.createException(ExceptionFactory.java:61) ~[mysql-connector-java-8.0.21.jar:8.0.21]
	at com.mysql.cj.exceptions.ExceptionFactory.createException(ExceptionFactory.java:105) ~[mysql-connector-java-8.0.21.jar:8.0.21]
	at com.mysql.cj.exceptions.ExceptionFactory.createException(ExceptionFactory.java:151) ~[mysql-connector-java-8.0.21.jar:8.0.21]
	at com.mysql.cj.exceptions.ExceptionFactory.createCommunicationsException(ExceptionFactory.java:167) ~[mysql-connector-java-8.0.21.jar:8.0.21]
	at com.mysql.cj.protocol.a.NativeSocketConnection.connect(NativeSocketConnection.java:91) ~[mysql-connector-java-8.0.21.jar:8.0.21]
	at com.mysql.cj.NativeSession.connect(NativeSession.java:144) ~[mysql-connector-java-8.0.21.jar:8.0.21]
	at com.mysql.cj.jdbc.ConnectionImpl.connectOneTryOnly(ConnectionImpl.java:956) ~[mysql-connector-java-8.0.21.jar:8.0.21]
	at com.mysql.cj.jdbc.ConnectionImpl.createNewIO(ConnectionImpl.java:826) ~[mysql-connector-java-8.0.21.jar:8.0.21]
	... 33 common frames omitted
Caused by: java.net.UnknownHostException: ${DATA_BASE_URL}: nodename nor servname provided, or not known
	at java.net.Inet6AddressImpl.lookupAllHostAddr(Native Method) ~[na:1.8.0_281]
	at java.net.InetAddress$2.lookupAllHostAddr(InetAddress.java:929) ~[na:1.8.0_281]
	at java.net.InetAddress.getAddressesFromNameService(InetAddress.java:1324) ~[na:1.8.0_281]
	at java.net.InetAddress.getAllByName0(InetAddress.java:1277) ~[na:1.8.0_281]
	at java.net.InetAddress.getAllByName(InetAddress.java:1193) ~[na:1.8.0_281]
	at java.net.InetAddress.getAllByName(InetAddress.java:1127) ~[na:1.8.0_281]
	at com.mysql.cj.protocol.StandardSocketFactory.connect(StandardSocketFactory.java:132) ~[mysql-connector-java-8.0.21.jar:8.0.21]
	at com.mysql.cj.protocol.a.NativeSocketConnection.connect(NativeSocketConnection.java:65) ~[mysql-connector-java-8.0.21.jar:8.0.21]
	... 36 common frames omitted

2021-11-07 20:57:47.318  WARN 4629 --- [         task-1] o.h.e.j.e.i.JdbcEnvironmentInitiator     : HHH000342: Could not obtain connection to query metadata : Communications link failure

The last packet sent successfully to the server was 0 milliseconds ago. The driver has not received any packets from the server.
2021-11-07 20:57:47.337  INFO 4629 --- [         task-1] org.hibernate.dialect.Dialect            : HHH000400: Using dialect: org.hibernate.dialect.MySQL8Dialect
2021-11-07 20:57:48.108  INFO 4629 --- [         task-1] com.zaxxer.hikari.HikariDataSource       : HikariPool-1 - Starting...
2021-11-07 20:57:49.111 ERROR 4629 --- [         task-1] com.zaxxer.hikari.pool.HikariPool        : HikariPool-1 - Exception during pool initialization.

com.mysql.cj.jdbc.exceptions.CommunicationsException: Communications link failure

The last packet sent successfully to the server was 0 milliseconds ago. The driver has not received any packets from the server.
	at com.mysql.cj.jdbc.exceptions.SQLError.createCommunicationsException(SQLError.java:174) ~[mysql-connector-java-8.0.21.jar:8.0.21]
	at com.mysql.cj.jdbc.exceptions.SQLExceptionsMapping.translateException(SQLExceptionsMapping.java:64) ~[mysql-connector-java-8.0.21.jar:8.0.21]
	at com.mysql.cj.jdbc.ConnectionImpl.createNewIO(ConnectionImpl.java:836) ~[mysql-connector-java-8.0.21.jar:8.0.21]
	at com.mysql.cj.jdbc.ConnectionImpl.<init>(ConnectionImpl.java:456) ~[mysql-connector-java-8.0.21.jar:8.0.21]
	at com.mysql.cj.jdbc.ConnectionImpl.getInstance(ConnectionImpl.java:246) ~[mysql-connector-java-8.0.21.jar:8.0.21]
	at com.mysql.cj.jdbc.NonRegisteringDriver.connect(NonRegisteringDriver.java:197) ~[mysql-connector-java-8.0.21.jar:8.0.21]
	at com.zaxxer.hikari.util.DriverDataSource.getConnection(DriverDataSource.java:138) ~[HikariCP-3.4.5.jar:na]
	at com.zaxxer.hikari.pool.PoolBase.newConnection(PoolBase.java:358) ~[HikariCP-3.4.5.jar:na]
	at com.zaxxer.hikari.pool.PoolBase.newPoolEntry(PoolBase.java:206) ~[HikariCP-3.4.5.jar:na]
	at com.zaxxer.hikari.pool.HikariPool.createPoolEntry(HikariPool.java:477) [HikariCP-3.4.5.jar:na]
	at com.zaxxer.hikari.pool.HikariPool.checkFailFast(HikariPool.java:560) [HikariCP-3.4.5.jar:na]
	at com.zaxxer.hikari.pool.HikariPool.<init>(HikariPool.java:115) [HikariCP-3.4.5.jar:na]
	at com.zaxxer.hikari.HikariDataSource.getConnection(HikariDataSource.java:112) [HikariCP-3.4.5.jar:na]
	at org.hibernate.engine.jdbc.connections.internal.DatasourceConnectionProviderImpl.getConnection(DatasourceConnectionProviderImpl.java:122) [hibernate-core-5.4.20.Final.jar:5.4.20.Final]
	at org.hibernate.engine.jdbc.env.internal.JdbcEnvironmentInitiator$ConnectionProviderJdbcConnectionAccess.obtainConnection(JdbcEnvironmentInitiator.java:180) [hibernate-core-5.4.20.Final.jar:5.4.20.Final]
	at org.hibernate.resource.transaction.backend.jdbc.internal.DdlTransactionIsolatorNonJtaImpl.getIsolatedConnection(DdlTransactionIsolatorNonJtaImpl.java:43) [hibernate-core-5.4.20.Final.jar:5.4.20.Final]
	at org.hibernate.tool.schema.internal.exec.ImprovedExtractionContextImpl.getJdbcConnection(ImprovedExtractionContextImpl.java:60) [hibernate-core-5.4.20.Final.jar:5.4.20.Final]
	at org.hibernate.tool.schema.internal.exec.ImprovedExtractionContextImpl.getJdbcDatabaseMetaData(ImprovedExtractionContextImpl.java:67) [hibernate-core-5.4.20.Final.jar:5.4.20.Final]
	at org.hibernate.tool.schema.extract.internal.InformationExtractorJdbcDatabaseMetaDataImpl.getTables(InformationExtractorJdbcDatabaseMetaDataImpl.java:333) [hibernate-core-5.4.20.Final.jar:5.4.20.Final]
	at org.hibernate.tool.schema.extract.internal.DatabaseInformationImpl.getTablesInformation(DatabaseInformationImpl.java:120) [hibernate-core-5.4.20.Final.jar:5.4.20.Final]
	at org.hibernate.tool.schema.internal.GroupedSchemaMigratorImpl.performTablesMigration(GroupedSchemaMigratorImpl.java:65) [hibernate-core-5.4.20.Final.jar:5.4.20.Final]
	at org.hibernate.tool.schema.internal.AbstractSchemaMigrator.performMigration(AbstractSchemaMigrator.java:207) [hibernate-core-5.4.20.Final.jar:5.4.20.Final]
	at org.hibernate.tool.schema.internal.AbstractSchemaMigrator.doMigration(AbstractSchemaMigrator.java:114) [hibernate-core-5.4.20.Final.jar:5.4.20.Final]
	at org.hibernate.tool.schema.spi.SchemaManagementToolCoordinator.performDatabaseAction(SchemaManagementToolCoordinator.java:184) [hibernate-core-5.4.20.Final.jar:5.4.20.Final]
	at org.hibernate.tool.schema.spi.SchemaManagementToolCoordinator.process(SchemaManagementToolCoordinator.java:73) [hibernate-core-5.4.20.Final.jar:5.4.20.Final]
	at org.hibernate.internal.SessionFactoryImpl.<init>(SessionFactoryImpl.java:316) [hibernate-core-5.4.20.Final.jar:5.4.20.Final]
	at org.hibernate.boot.internal.SessionFactoryBuilderImpl.build(SessionFactoryBuilderImpl.java:469) [hibernate-core-5.4.20.Final.jar:5.4.20.Final]
	at org.hibernate.jpa.boot.internal.EntityManagerFactoryBuilderImpl.build(EntityManagerFactoryBuilderImpl.java:1259) [hibernate-core-5.4.20.Final.jar:5.4.20.Final]
	at org.springframework.orm.jpa.vendor.SpringHibernateJpaPersistenceProvider.createContainerEntityManagerFactory(SpringHibernateJpaPersistenceProvider.java:58) [spring-orm-5.2.8.RELEASE.jar:5.2.8.RELEASE]
	at org.springframework.orm.jpa.LocalContainerEntityManagerFactoryBean.createNativeEntityManagerFactory(LocalContainerEntityManagerFactoryBean.java:365) [spring-orm-5.2.8.RELEASE.jar:5.2.8.RELEASE]
	at org.springframework.orm.jpa.AbstractEntityManagerFactoryBean.buildNativeEntityManagerFactory(AbstractEntityManagerFactoryBean.java:391) [spring-orm-5.2.8.RELEASE.jar:5.2.8.RELEASE]
	at java.util.concurrent.FutureTask.run(FutureTask.java:266) ~[na:1.8.0_281]
	at java.util.concurrent.ThreadPoolExecutor.runWorker(ThreadPoolExecutor.java:1149) ~[na:1.8.0_281]
	at java.util.concurrent.ThreadPoolExecutor$Worker.run(ThreadPoolExecutor.java:624) ~[na:1.8.0_281]
	at java.lang.Thread.run(Thread.java:748) ~[na:1.8.0_281]
Caused by: com.mysql.cj.exceptions.CJCommunicationsException: Communications link failure

The last packet sent successfully to the server was 0 milliseconds ago. The driver has not received any packets from the server.
	at sun.reflect.NativeConstructorAccessorImpl.newInstance0(Native Method) ~[na:1.8.0_281]
	at sun.reflect.NativeConstructorAccessorImpl.newInstance(NativeConstructorAccessorImpl.java:62) ~[na:1.8.0_281]
	at sun.reflect.DelegatingConstructorAccessorImpl.newInstance(DelegatingConstructorAccessorImpl.java:45) ~[na:1.8.0_281]
	at java.lang.reflect.Constructor.newInstance(Constructor.java:423) ~[na:1.8.0_281]
	at com.mysql.cj.exceptions.ExceptionFactory.createException(ExceptionFactory.java:61) ~[mysql-connector-java-8.0.21.jar:8.0.21]
	at com.mysql.cj.exceptions.ExceptionFactory.createException(ExceptionFactory.java:105) ~[mysql-connector-java-8.0.21.jar:8.0.21]
	at com.mysql.cj.exceptions.ExceptionFactory.createException(ExceptionFactory.java:151) ~[mysql-connector-java-8.0.21.jar:8.0.21]
	at com.mysql.cj.exceptions.ExceptionFactory.createCommunicationsException(ExceptionFactory.java:167) ~[mysql-connector-java-8.0.21.jar:8.0.21]
	at com.mysql.cj.protocol.a.NativeSocketConnection.connect(NativeSocketConnection.java:91) ~[mysql-connector-java-8.0.21.jar:8.0.21]
	at com.mysql.cj.NativeSession.connect(NativeSession.java:144) ~[mysql-connector-java-8.0.21.jar:8.0.21]
	at com.mysql.cj.jdbc.ConnectionImpl.connectOneTryOnly(ConnectionImpl.java:956) ~[mysql-connector-java-8.0.21.jar:8.0.21]
	at com.mysql.cj.jdbc.ConnectionImpl.createNewIO(ConnectionImpl.java:826) ~[mysql-connector-java-8.0.21.jar:8.0.21]
	... 32 common frames omitted
Caused by: java.net.UnknownHostException: ${DATA_BASE_URL}
	at java.net.InetAddress.getAllByName0(InetAddress.java:1281) ~[na:1.8.0_281]
	at java.net.InetAddress.getAllByName(InetAddress.java:1193) ~[na:1.8.0_281]
	at java.net.InetAddress.getAllByName(InetAddress.java:1127) ~[na:1.8.0_281]
	at com.mysql.cj.protocol.StandardSocketFactory.connect(StandardSocketFactory.java:132) ~[mysql-connector-java-8.0.21.jar:8.0.21]
	at com.mysql.cj.protocol.a.NativeSocketConnection.connect(NativeSocketConnection.java:65) ~[mysql-connector-java-8.0.21.jar:8.0.21]
	... 35 common frames omitted

2021-11-07 20:57:49.113  WARN 4629 --- [         task-1] o.h.engine.jdbc.spi.SqlExceptionHelper   : SQL Error: 0, SQLState: 08S01
2021-11-07 20:57:49.113 ERROR 4629 --- [         task-1] o.h.engine.jdbc.spi.SqlExceptionHelper   : Communications link failure

The last packet sent successfully to the server was 0 milliseconds ago. The driver has not received any packets from the server.
2021-11-07 20:57:49.118  WARN 4629 --- [           main] o.s.b.f.support.DisposableBeanAdapter    : Invocation of destroy method failed on bean with name 'entityManagerFactory': javax.persistence.PersistenceException: [PersistenceUnit: default] Unable to build Hibernate SessionFactory; nested exception is org.hibernate.exception.JDBCConnectionException: Unable to open JDBC Connection for DDL execution
2021-11-07 20:57:49.119  INFO 4629 --- [           main] o.s.s.concurrent.ThreadPoolTaskExecutor  : Shutting down ExecutorService 'applicationTaskExecutor'
2021-11-07 20:57:49.126  INFO 4629 --- [           main] ConditionEvaluationReportLoggingListener : 

Error starting ApplicationContext. To display the conditions report re-run your application with 'debug' enabled.
2021-11-07 20:57:49.131 ERROR 4629 --- [           main] o.s.boot.SpringApplication               : Application run failed

org.springframework.beans.factory.UnsatisfiedDependencyException: Error creating bean with name 'authenticationController': Unsatisfied dependency expressed through field 'authService'; nested exception is org.springframework.beans.factory.UnsatisfiedDependencyException: Error creating bean with name 'authServiceImpl': Unsatisfied dependency expressed through field 'authenticationManager'; nested exception is org.springframework.beans.factory.UnsatisfiedDependencyException: Error creating bean with name 'securityConfigurations': Unsatisfied dependency expressed through field 'tokenService'; nested exception is org.springframework.beans.factory.UnsatisfiedDependencyException: Error creating bean with name 'tokenService': Unsatisfied dependency expressed through field 'properties'; nested exception is org.springframework.beans.factory.BeanCreationException: Error creating bean with name 'properties' defined in file [/Users/luisgustavosouzasantos/Projects/Faculdade/bk_core_blog_cars/target/classes/br/com/supersim/blog/entity/Properties.class]: Unexpected exception during bean creation; nested exception is java.lang.IllegalArgumentException: Could not resolve placeholder 'BUCKET_S3_NAME' in value "${BUCKET_S3_NAME}"
	at org.springframework.beans.factory.annotation.AutowiredAnnotationBeanPostProcessor$AutowiredFieldElement.inject(AutowiredAnnotationBeanPostProcessor.java:643) ~[spring-beans-5.2.8.RELEASE.jar:5.2.8.RELEASE]
	at org.springframework.beans.factory.annotation.InjectionMetadata.inject(InjectionMetadata.java:130) ~[spring-beans-5.2.8.RELEASE.jar:5.2.8.RELEASE]
	at org.springframework.beans.factory.annotation.AutowiredAnnotationBeanPostProcessor.postProcessProperties(AutowiredAnnotationBeanPostProcessor.java:399) ~[spring-beans-5.2.8.RELEASE.jar:5.2.8.RELEASE]
	at org.springframework.beans.factory.support.AbstractAutowireCapableBeanFactory.populateBean(AbstractAutowireCapableBeanFactory.java:1420) ~[spring-beans-5.2.8.RELEASE.jar:5.2.8.RELEASE]
	at org.springframework.beans.factory.support.AbstractAutowireCapableBeanFactory.doCreateBean(AbstractAutowireCapableBeanFactory.java:593) ~[spring-beans-5.2.8.RELEASE.jar:5.2.8.RELEASE]
	at org.springframework.beans.factory.support.AbstractAutowireCapableBeanFactory.createBean(AbstractAutowireCapableBeanFactory.java:516) ~[spring-beans-5.2.8.RELEASE.jar:5.2.8.RELEASE]
	at org.springframework.beans.factory.support.AbstractBeanFactory.lambda$doGetBean$0(AbstractBeanFactory.java:324) ~[spring-beans-5.2.8.RELEASE.jar:5.2.8.RELEASE]
	at org.springframework.beans.factory.support.DefaultSingletonBeanRegistry.getSingleton(DefaultSingletonBeanRegistry.java:226) ~[spring-beans-5.2.8.RELEASE.jar:5.2.8.RELEASE]
	at org.springframework.beans.factory.support.AbstractBeanFactory.doGetBean(AbstractBeanFactory.java:322) ~[spring-beans-5.2.8.RELEASE.jar:5.2.8.RELEASE]
	at org.springframework.beans.factory.support.AbstractBeanFactory.getBean(AbstractBeanFactory.java:202) ~[spring-beans-5.2.8.RELEASE.jar:5.2.8.RELEASE]
	at org.springframework.beans.factory.support.DefaultListableBeanFactory.preInstantiateSingletons(DefaultListableBeanFactory.java:897) ~[spring-beans-5.2.8.RELEASE.jar:5.2.8.RELEASE]
	at org.springframework.context.support.AbstractApplicationContext.finishBeanFactoryInitialization(AbstractApplicationContext.java:879) ~[spring-context-5.2.8.RELEASE.jar:5.2.8.RELEASE]
	at org.springframework.context.support.AbstractApplicationContext.refresh(AbstractApplicationContext.java:551) ~[spring-context-5.2.8.RELEASE.jar:5.2.8.RELEASE]
	at org.springframework.boot.SpringApplication.refresh(SpringApplication.java:758) ~[spring-boot-2.3.3.RELEASE.jar:2.3.3.RELEASE]
	at org.springframework.boot.SpringApplication.refresh(SpringApplication.java:750) ~[spring-boot-2.3.3.RELEASE.jar:2.3.3.RELEASE]
	at org.springframework.boot.SpringApplication.refreshContext(SpringApplication.java:397) ~[spring-boot-2.3.3.RELEASE.jar:2.3.3.RELEASE]
	at org.springframework.boot.SpringApplication.run(SpringApplication.java:315) ~[spring-boot-2.3.3.RELEASE.jar:2.3.3.RELEASE]
	at org.springframework.boot.test.context.SpringBootContextLoader.loadContext(SpringBootContextLoader.java:120) [spring-boot-test-2.3.3.RELEASE.jar:2.3.3.RELEASE]
	at org.springframework.test.context.cache.DefaultCacheAwareContextLoaderDelegate.loadContextInternal(DefaultCacheAwareContextLoaderDelegate.java:99) [spring-test-5.2.8.RELEASE.jar:5.2.8.RELEASE]
	at org.springframework.test.context.cache.DefaultCacheAwareContextLoaderDelegate.loadContext(DefaultCacheAwareContextLoaderDelegate.java:124) [spring-test-5.2.8.RELEASE.jar:5.2.8.RELEASE]
	at org.springframework.test.context.support.DefaultTestContext.getApplicationContext(DefaultTestContext.java:123) [spring-test-5.2.8.RELEASE.jar:5.2.8.RELEASE]
	at org.springframework.test.context.web.ServletTestExecutionListener.setUpRequestContextIfNecessary(ServletTestExecutionListener.java:190) [spring-test-5.2.8.RELEASE.jar:5.2.8.RELEASE]
	at org.springframework.test.context.web.ServletTestExecutionListener.prepareTestInstance(ServletTestExecutionListener.java:132) [spring-test-5.2.8.RELEASE.jar:5.2.8.RELEASE]
	at org.springframework.test.context.TestContextManager.prepareTestInstance(TestContextManager.java:244) [spring-test-5.2.8.RELEASE.jar:5.2.8.RELEASE]
	at org.springframework.test.context.junit.jupiter.SpringExtension.postProcessTestInstance(SpringExtension.java:98) [spring-test-5.2.8.RELEASE.jar:5.2.8.RELEASE]
	at org.junit.jupiter.engine.descriptor.ClassBasedTestDescriptor.lambda$invokeTestInstancePostProcessors$5(ClassBasedTestDescriptor.java:341) [junit-jupiter-engine-5.6.2.jar:5.6.2]
	at org.junit.jupiter.engine.descriptor.ClassBasedTestDescriptor.executeAndMaskThrowable(ClassBasedTestDescriptor.java:346) [junit-jupiter-engine-5.6.2.jar:5.6.2]
	at org.junit.jupiter.engine.descriptor.ClassBasedTestDescriptor.lambda$invokeTestInstancePostProcessors$6(ClassBasedTestDescriptor.java:341) [junit-jupiter-engine-5.6.2.jar:5.6.2]
	at java.util.stream.ReferencePipeline$3$1.accept(ReferencePipeline.java:193) ~[na:1.8.0_281]
	at java.util.stream.ReferencePipeline$2$1.accept(ReferencePipeline.java:175) ~[na:1.8.0_281]
	at java.util.ArrayList$ArrayListSpliterator.forEachRemaining(ArrayList.java:1384) ~[na:1.8.0_281]
	at java.util.stream.AbstractPipeline.copyInto(AbstractPipeline.java:482) ~[na:1.8.0_281]
	at java.util.stream.AbstractPipeline.wrapAndCopyInto(AbstractPipeline.java:472) ~[na:1.8.0_281]
	at java.util.stream.StreamSpliterators$WrappingSpliterator.forEachRemaining(StreamSpliterators.java:312) ~[na:1.8.0_281]
	at java.util.stream.Streams$ConcatSpliterator.forEachRemaining(Streams.java:743) ~[na:1.8.0_281]
	at java.util.stream.Streams$ConcatSpliterator.forEachRemaining(Streams.java:742) ~[na:1.8.0_281]
	at java.util.stream.ReferencePipeline$Head.forEach(ReferencePipeline.java:580) ~[na:1.8.0_281]
	at org.junit.jupiter.engine.descriptor.ClassBasedTestDescriptor.invokeTestInstancePostProcessors(ClassBasedTestDescriptor.java:340) [junit-jupiter-engine-5.6.2.jar:5.6.2]
	at org.junit.jupiter.engine.descriptor.ClassBasedTestDescriptor.instantiateAndPostProcessTestInstance(ClassBasedTestDescriptor.java:263) [junit-jupiter-engine-5.6.2.jar:5.6.2]
	at org.junit.jupiter.engine.descriptor.ClassBasedTestDescriptor.lambda$testInstancesProvider$2(ClassBasedTestDescriptor.java:256) [junit-jupiter-engine-5.6.2.jar:5.6.2]
	at java.util.Optional.orElseGet(Optional.java:267) ~[na:1.8.0_281]
	at org.junit.jupiter.engine.descriptor.ClassBasedTestDescriptor.lambda$testInstancesProvider$3(ClassBasedTestDescriptor.java:255) [junit-jupiter-engine-5.6.2.jar:5.6.2]
	at org.junit.jupiter.engine.execution.TestInstancesProvider.getTestInstances(TestInstancesProvider.java:29) ~[junit-jupiter-engine-5.6.2.jar:5.6.2]
	at org.junit.jupiter.engine.descriptor.TestMethodTestDescriptor.lambda$prepare$0(TestMethodTestDescriptor.java:108) ~[junit-jupiter-engine-5.6.2.jar:5.6.2]
	at org.junit.platform.engine.support.hierarchical.ThrowableCollector.execute(ThrowableCollector.java:73) ~[junit-platform-engine-1.6.2.jar:1.6.2]
	at org.junit.jupiter.engine.descriptor.TestMethodTestDescriptor.prepare(TestMethodTestDescriptor.java:107) ~[junit-jupiter-engine-5.6.2.jar:5.6.2]
	at org.junit.jupiter.engine.descriptor.TestMethodTestDescriptor.prepare(TestMethodTestDescriptor.java:71) ~[junit-jupiter-engine-5.6.2.jar:5.6.2]
	at org.junit.platform.engine.support.hierarchical.NodeTestTask.lambda$prepare$1(NodeTestTask.java:107) ~[junit-platform-engine-1.6.2.jar:1.6.2]
	at org.junit.platform.engine.support.hierarchical.ThrowableCollector.execute(ThrowableCollector.java:73) ~[junit-platform-engine-1.6.2.jar:1.6.2]
	at org.junit.platform.engine.support.hierarchical.NodeTestTask.prepare(NodeTestTask.java:107) ~[junit-platform-engine-1.6.2.jar:1.6.2]
	at org.junit.platform.engine.support.hierarchical.NodeTestTask.execute(NodeTestTask.java:75) ~[junit-platform-engine-1.6.2.jar:1.6.2]
	at java.util.ArrayList.forEach(ArrayList.java:1259) ~[na:1.8.0_281]
	at org.junit.platform.engine.support.hierarchical.SameThreadHierarchicalTestExecutorService.invokeAll(SameThreadHierarchicalTestExecutorService.java:38) ~[junit-platform-engine-1.6.2.jar:1.6.2]
	at org.junit.platform.engine.support.hierarchical.NodeTestTask.lambda$executeRecursively$5(NodeTestTask.java:139) ~[junit-platform-engine-1.6.2.jar:1.6.2]
	at org.junit.platform.engine.support.hierarchical.ThrowableCollector.execute(ThrowableCollector.java:73) ~[junit-platform-engine-1.6.2.jar:1.6.2]
	at org.junit.platform.engine.support.hierarchical.NodeTestTask.lambda$executeRecursively$7(NodeTestTask.java:125) ~[junit-platform-engine-1.6.2.jar:1.6.2]
	at org.junit.platform.engine.support.hierarchical.Node.around(Node.java:135) ~[junit-platform-engine-1.6.2.jar:1.6.2]
	at org.junit.platform.engine.support.hierarchical.NodeTestTask.lambda$executeRecursively$8(NodeTestTask.java:123) ~[junit-platform-engine-1.6.2.jar:1.6.2]
	at org.junit.platform.engine.support.hierarchical.ThrowableCollector.execute(ThrowableCollector.java:73) ~[junit-platform-engine-1.6.2.jar:1.6.2]
	at org.junit.platform.engine.support.hierarchical.NodeTestTask.executeRecursively(NodeTestTask.java:122) ~[junit-platform-engine-1.6.2.jar:1.6.2]
	at org.junit.platform.engine.support.hierarchical.NodeTestTask.execute(NodeTestTask.java:80) ~[junit-platform-engine-1.6.2.jar:1.6.2]
	at java.util.ArrayList.forEach(ArrayList.java:1259) ~[na:1.8.0_281]
	at org.junit.platform.engine.support.hierarchical.SameThreadHierarchicalTestExecutorService.invokeAll(SameThreadHierarchicalTestExecutorService.java:38) ~[junit-platform-engine-1.6.2.jar:1.6.2]
	at org.junit.platform.engine.support.hierarchical.NodeTestTask.lambda$executeRecursively$5(NodeTestTask.java:139) ~[junit-platform-engine-1.6.2.jar:1.6.2]
	at org.junit.platform.engine.support.hierarchical.ThrowableCollector.execute(ThrowableCollector.java:73) ~[junit-platform-engine-1.6.2.jar:1.6.2]
	at org.junit.platform.engine.support.hierarchical.NodeTestTask.lambda$executeRecursively$7(NodeTestTask.java:125) ~[junit-platform-engine-1.6.2.jar:1.6.2]
	at org.junit.platform.engine.support.hierarchical.Node.around(Node.java:135) ~[junit-platform-engine-1.6.2.jar:1.6.2]
	at org.junit.platform.engine.support.hierarchical.NodeTestTask.lambda$executeRecursively$8(NodeTestTask.java:123) ~[junit-platform-engine-1.6.2.jar:1.6.2]
	at org.junit.platform.engine.support.hierarchical.ThrowableCollector.execute(ThrowableCollector.java:73) ~[junit-platform-engine-1.6.2.jar:1.6.2]
	at org.junit.platform.engine.support.hierarchical.NodeTestTask.executeRecursively(NodeTestTask.java:122) ~[junit-platform-engine-1.6.2.jar:1.6.2]
	at org.junit.platform.engine.support.hierarchical.NodeTestTask.execute(NodeTestTask.java:80) ~[junit-platform-engine-1.6.2.jar:1.6.2]
	at org.junit.platform.engine.support.hierarchical.SameThreadHierarchicalTestExecutorService.submit(SameThreadHierarchicalTestExecutorService.java:32) ~[junit-platform-engine-1.6.2.jar:1.6.2]
	at org.junit.platform.engine.support.hierarchical.HierarchicalTestExecutor.execute(HierarchicalTestExecutor.java:57) ~[junit-platform-engine-1.6.2.jar:1.6.2]
	at org.junit.platform.engine.support.hierarchical.HierarchicalTestEngine.execute(HierarchicalTestEngine.java:51) ~[junit-platform-engine-1.6.2.jar:1.6.2]
	at org.junit.platform.launcher.core.DefaultLauncher.execute(DefaultLauncher.java:220) ~[junit-platform-launcher-1.3.1.jar:1.3.1]
	at org.junit.platform.launcher.core.DefaultLauncher.lambda$execute$6(DefaultLauncher.java:188) ~[junit-platform-launcher-1.3.1.jar:1.3.1]
	at org.junit.platform.launcher.core.DefaultLauncher.withInterceptedStreams(DefaultLauncher.java:202) ~[junit-platform-launcher-1.3.1.jar:1.3.1]
	at org.junit.platform.launcher.core.DefaultLauncher.execute(DefaultLauncher.java:181) ~[junit-platform-launcher-1.3.1.jar:1.3.1]
	at org.junit.platform.launcher.core.DefaultLauncher.execute(DefaultLauncher.java:128) ~[junit-platform-launcher-1.3.1.jar:1.3.1]
	at org.apache.maven.surefire.junitplatform.JUnitPlatformProvider.invokeAllTests(JUnitPlatformProvider.java:150) ~[surefire-junit-platform-2.22.2.jar:2.22.2]
	at org.apache.maven.surefire.junitplatform.JUnitPlatformProvider.invoke(JUnitPlatformProvider.java:124) ~[surefire-junit-platform-2.22.2.jar:2.22.2]
	at org.apache.maven.surefire.booter.ForkedBooter.invokeProviderInSameClassLoader(ForkedBooter.java:384) ~[surefire-booter-2.22.2.jar:2.22.2]
	at org.apache.maven.surefire.booter.ForkedBooter.runSuitesInProcess(ForkedBooter.java:345) ~[surefire-booter-2.22.2.jar:2.22.2]
	at org.apache.maven.surefire.booter.ForkedBooter.execute(ForkedBooter.java:126) ~[surefire-booter-2.22.2.jar:2.22.2]
	at org.apache.maven.surefire.booter.ForkedBooter.main(ForkedBooter.java:418) ~[surefire-booter-2.22.2.jar:2.22.2]
Caused by: org.springframework.beans.factory.UnsatisfiedDependencyException: Error creating bean with name 'authServiceImpl': Unsatisfied dependency expressed through field 'authenticationManager'; nested exception is org.springframework.beans.factory.UnsatisfiedDependencyException: Error creating bean with name 'securityConfigurations': Unsatisfied dependency expressed through field 'tokenService'; nested exception is org.springframework.beans.factory.UnsatisfiedDependencyException: Error creating bean with name 'tokenService': Unsatisfied dependency expressed through field 'properties'; nested exception is org.springframework.beans.factory.BeanCreationException: Error creating bean with name 'properties' defined in file [/Users/luisgustavosouzasantos/Projects/Faculdade/bk_core_blog_cars/target/classes/br/com/supersim/blog/entity/Properties.class]: Unexpected exception during bean creation; nested exception is java.lang.IllegalArgumentException: Could not resolve placeholder 'BUCKET_S3_NAME' in value "${BUCKET_S3_NAME}"
	at org.springframework.beans.factory.annotation.AutowiredAnnotationBeanPostProcessor$AutowiredFieldElement.inject(AutowiredAnnotationBeanPostProcessor.java:643) ~[spring-beans-5.2.8.RELEASE.jar:5.2.8.RELEASE]
	at org.springframework.beans.factory.annotation.InjectionMetadata.inject(InjectionMetadata.java:130) ~[spring-beans-5.2.8.RELEASE.jar:5.2.8.RELEASE]
	at org.springframework.beans.factory.annotation.AutowiredAnnotationBeanPostProcessor.postProcessProperties(AutowiredAnnotationBeanPostProcessor.java:399) ~[spring-beans-5.2.8.RELEASE.jar:5.2.8.RELEASE]
	at org.springframework.beans.factory.support.AbstractAutowireCapableBeanFactory.populateBean(AbstractAutowireCapableBeanFactory.java:1420) ~[spring-beans-5.2.8.RELEASE.jar:5.2.8.RELEASE]
	at org.springframework.beans.factory.support.AbstractAutowireCapableBeanFactory.doCreateBean(AbstractAutowireCapableBeanFactory.java:593) ~[spring-beans-5.2.8.RELEASE.jar:5.2.8.RELEASE]
	at org.springframework.beans.factory.support.AbstractAutowireCapableBeanFactory.createBean(AbstractAutowireCapableBeanFactory.java:516) ~[spring-beans-5.2.8.RELEASE.jar:5.2.8.RELEASE]
	at org.springframework.beans.factory.support.AbstractBeanFactory.lambda$doGetBean$0(AbstractBeanFactory.java:324) ~[spring-beans-5.2.8.RELEASE.jar:5.2.8.RELEASE]
	at org.springframework.beans.factory.support.DefaultSingletonBeanRegistry.getSingleton(DefaultSingletonBeanRegistry.java:226) ~[spring-beans-5.2.8.RELEASE.jar:5.2.8.RELEASE]
	at org.springframework.beans.factory.support.AbstractBeanFactory.doGetBean(AbstractBeanFactory.java:322) ~[spring-beans-5.2.8.RELEASE.jar:5.2.8.RELEASE]
	at org.springframework.beans.factory.support.AbstractBeanFactory.getBean(AbstractBeanFactory.java:202) ~[spring-beans-5.2.8.RELEASE.jar:5.2.8.RELEASE]
	at org.springframework.beans.factory.config.DependencyDescriptor.resolveCandidate(DependencyDescriptor.java:276) ~[spring-beans-5.2.8.RELEASE.jar:5.2.8.RELEASE]
	at org.springframework.beans.factory.support.DefaultListableBeanFactory.doResolveDependency(DefaultListableBeanFactory.java:1307) ~[spring-beans-5.2.8.RELEASE.jar:5.2.8.RELEASE]
	at org.springframework.beans.factory.support.DefaultListableBeanFactory.resolveDependency(DefaultListableBeanFactory.java:1227) ~[spring-beans-5.2.8.RELEASE.jar:5.2.8.RELEASE]
	at org.springframework.beans.factory.annotation.AutowiredAnnotationBeanPostProcessor$AutowiredFieldElement.inject(AutowiredAnnotationBeanPostProcessor.java:640) ~[spring-beans-5.2.8.RELEASE.jar:5.2.8.RELEASE]
	... 84 common frames omitted
Caused by: org.springframework.beans.factory.UnsatisfiedDependencyException: Error creating bean with name 'securityConfigurations': Unsatisfied dependency expressed through field 'tokenService'; nested exception is org.springframework.beans.factory.UnsatisfiedDependencyException: Error creating bean with name 'tokenService': Unsatisfied dependency expressed through field 'properties'; nested exception is org.springframework.beans.factory.BeanCreationException: Error creating bean with name 'properties' defined in file [/Users/luisgustavosouzasantos/Projects/Faculdade/bk_core_blog_cars/target/classes/br/com/supersim/blog/entity/Properties.class]: Unexpected exception during bean creation; nested exception is java.lang.IllegalArgumentException: Could not resolve placeholder 'BUCKET_S3_NAME' in value "${BUCKET_S3_NAME}"
	at org.springframework.beans.factory.annotation.AutowiredAnnotationBeanPostProcessor$AutowiredFieldElement.inject(AutowiredAnnotationBeanPostProcessor.java:643) ~[spring-beans-5.2.8.RELEASE.jar:5.2.8.RELEASE]
	at org.springframework.beans.factory.annotation.InjectionMetadata.inject(InjectionMetadata.java:130) ~[spring-beans-5.2.8.RELEASE.jar:5.2.8.RELEASE]
	at org.springframework.beans.factory.annotation.AutowiredAnnotationBeanPostProcessor.postProcessProperties(AutowiredAnnotationBeanPostProcessor.java:399) ~[spring-beans-5.2.8.RELEASE.jar:5.2.8.RELEASE]
	at org.springframework.beans.factory.support.AbstractAutowireCapableBeanFactory.populateBean(AbstractAutowireCapableBeanFactory.java:1420) ~[spring-beans-5.2.8.RELEASE.jar:5.2.8.RELEASE]
	at org.springframework.beans.factory.support.AbstractAutowireCapableBeanFactory.doCreateBean(AbstractAutowireCapableBeanFactory.java:593) ~[spring-beans-5.2.8.RELEASE.jar:5.2.8.RELEASE]
	at org.springframework.beans.factory.support.AbstractAutowireCapableBeanFactory.createBean(AbstractAutowireCapableBeanFactory.java:516) ~[spring-beans-5.2.8.RELEASE.jar:5.2.8.RELEASE]
	at org.springframework.beans.factory.support.AbstractBeanFactory.lambda$doGetBean$0(AbstractBeanFactory.java:324) ~[spring-beans-5.2.8.RELEASE.jar:5.2.8.RELEASE]
	at org.springframework.beans.factory.support.DefaultSingletonBeanRegistry.getSingleton(DefaultSingletonBeanRegistry.java:226) ~[spring-beans-5.2.8.RELEASE.jar:5.2.8.RELEASE]
	at org.springframework.beans.factory.support.AbstractBeanFactory.doGetBean(AbstractBeanFactory.java:322) ~[spring-beans-5.2.8.RELEASE.jar:5.2.8.RELEASE]
	at org.springframework.beans.factory.support.AbstractBeanFactory.getBean(AbstractBeanFactory.java:202) ~[spring-beans-5.2.8.RELEASE.jar:5.2.8.RELEASE]
	at org.springframework.beans.factory.support.ConstructorResolver.instantiateUsingFactoryMethod(ConstructorResolver.java:408) ~[spring-beans-5.2.8.RELEASE.jar:5.2.8.RELEASE]
	at org.springframework.beans.factory.support.AbstractAutowireCapableBeanFactory.instantiateUsingFactoryMethod(AbstractAutowireCapableBeanFactory.java:1336) ~[spring-beans-5.2.8.RELEASE.jar:5.2.8.RELEASE]
	at org.springframework.beans.factory.support.AbstractAutowireCapableBeanFactory.createBeanInstance(AbstractAutowireCapableBeanFactory.java:1176) ~[spring-beans-5.2.8.RELEASE.jar:5.2.8.RELEASE]
	at org.springframework.beans.factory.support.AbstractAutowireCapableBeanFactory.doCreateBean(AbstractAutowireCapableBeanFactory.java:556) ~[spring-beans-5.2.8.RELEASE.jar:5.2.8.RELEASE]
	at org.springframework.beans.factory.support.AbstractAutowireCapableBeanFactory.createBean(AbstractAutowireCapableBeanFactory.java:516) ~[spring-beans-5.2.8.RELEASE.jar:5.2.8.RELEASE]
	at org.springframework.beans.factory.support.AbstractBeanFactory.lambda$doGetBean$0(AbstractBeanFactory.java:324) ~[spring-beans-5.2.8.RELEASE.jar:5.2.8.RELEASE]
	at org.springframework.beans.factory.support.DefaultSingletonBeanRegistry.getSingleton(DefaultSingletonBeanRegistry.java:226) ~[spring-beans-5.2.8.RELEASE.jar:5.2.8.RELEASE]
	at org.springframework.beans.factory.support.AbstractBeanFactory.doGetBean(AbstractBeanFactory.java:322) ~[spring-beans-5.2.8.RELEASE.jar:5.2.8.RELEASE]
	at org.springframework.beans.factory.support.AbstractBeanFactory.getBean(AbstractBeanFactory.java:202) ~[spring-beans-5.2.8.RELEASE.jar:5.2.8.RELEASE]
	at org.springframework.beans.factory.config.DependencyDescriptor.resolveCandidate(DependencyDescriptor.java:276) ~[spring-beans-5.2.8.RELEASE.jar:5.2.8.RELEASE]
	at org.springframework.beans.factory.support.DefaultListableBeanFactory.doResolveDependency(DefaultListableBeanFactory.java:1307) ~[spring-beans-5.2.8.RELEASE.jar:5.2.8.RELEASE]
	at org.springframework.beans.factory.support.DefaultListableBeanFactory.resolveDependency(DefaultListableBeanFactory.java:1227) ~[spring-beans-5.2.8.RELEASE.jar:5.2.8.RELEASE]
	at org.springframework.beans.factory.annotation.AutowiredAnnotationBeanPostProcessor$AutowiredFieldElement.inject(AutowiredAnnotationBeanPostProcessor.java:640) ~[spring-beans-5.2.8.RELEASE.jar:5.2.8.RELEASE]
	... 97 common frames omitted
Caused by: org.springframework.beans.factory.UnsatisfiedDependencyException: Error creating bean with name 'tokenService': Unsatisfied dependency expressed through field 'properties'; nested exception is org.springframework.beans.factory.BeanCreationException: Error creating bean with name 'properties' defined in file [/Users/luisgustavosouzasantos/Projects/Faculdade/bk_core_blog_cars/target/classes/br/com/supersim/blog/entity/Properties.class]: Unexpected exception during bean creation; nested exception is java.lang.IllegalArgumentException: Could not resolve placeholder 'BUCKET_S3_NAME' in value "${BUCKET_S3_NAME}"
	at org.springframework.beans.factory.annotation.AutowiredAnnotationBeanPostProcessor$AutowiredFieldElement.inject(AutowiredAnnotationBeanPostProcessor.java:643) ~[spring-beans-5.2.8.RELEASE.jar:5.2.8.RELEASE]
	at org.springframework.beans.factory.annotation.InjectionMetadata.inject(InjectionMetadata.java:130) ~[spring-beans-5.2.8.RELEASE.jar:5.2.8.RELEASE]
	at org.springframework.beans.factory.annotation.AutowiredAnnotationBeanPostProcessor.postProcessProperties(AutowiredAnnotationBeanPostProcessor.java:399) ~[spring-beans-5.2.8.RELEASE.jar:5.2.8.RELEASE]
	at org.springframework.beans.factory.support.AbstractAutowireCapableBeanFactory.populateBean(AbstractAutowireCapableBeanFactory.java:1420) ~[spring-beans-5.2.8.RELEASE.jar:5.2.8.RELEASE]
	at org.springframework.beans.factory.support.AbstractAutowireCapableBeanFactory.doCreateBean(AbstractAutowireCapableBeanFactory.java:593) ~[spring-beans-5.2.8.RELEASE.jar:5.2.8.RELEASE]
	at org.springframework.beans.factory.support.AbstractAutowireCapableBeanFactory.createBean(AbstractAutowireCapableBeanFactory.java:516) ~[spring-beans-5.2.8.RELEASE.jar:5.2.8.RELEASE]
	at org.springframework.beans.factory.support.AbstractBeanFactory.lambda$doGetBean$0(AbstractBeanFactory.java:324) ~[spring-beans-5.2.8.RELEASE.jar:5.2.8.RELEASE]
	at org.springframework.beans.factory.support.DefaultSingletonBeanRegistry.getSingleton(DefaultSingletonBeanRegistry.java:226) ~[spring-beans-5.2.8.RELEASE.jar:5.2.8.RELEASE]
	at org.springframework.beans.factory.support.AbstractBeanFactory.doGetBean(AbstractBeanFactory.java:322) ~[spring-beans-5.2.8.RELEASE.jar:5.2.8.RELEASE]
	at org.springframework.beans.factory.support.AbstractBeanFactory.getBean(AbstractBeanFactory.java:202) ~[spring-beans-5.2.8.RELEASE.jar:5.2.8.RELEASE]
	at org.springframework.beans.factory.config.DependencyDescriptor.resolveCandidate(DependencyDescriptor.java:276) ~[spring-beans-5.2.8.RELEASE.jar:5.2.8.RELEASE]
	at org.springframework.beans.factory.support.DefaultListableBeanFactory.doResolveDependency(DefaultListableBeanFactory.java:1307) ~[spring-beans-5.2.8.RELEASE.jar:5.2.8.RELEASE]
	at org.springframework.beans.factory.support.DefaultListableBeanFactory.resolveDependency(DefaultListableBeanFactory.java:1227) ~[spring-beans-5.2.8.RELEASE.jar:5.2.8.RELEASE]
	at org.springframework.beans.factory.annotation.AutowiredAnnotationBeanPostProcessor$AutowiredFieldElement.inject(AutowiredAnnotationBeanPostProcessor.java:640) ~[spring-beans-5.2.8.RELEASE.jar:5.2.8.RELEASE]
	... 119 common frames omitted
Caused by: org.springframework.beans.factory.BeanCreationException: Error creating bean with name 'properties' defined in file [/Users/luisgustavosouzasantos/Projects/Faculdade/bk_core_blog_cars/target/classes/br/com/supersim/blog/entity/Properties.class]: Unexpected exception during bean creation; nested exception is java.lang.IllegalArgumentException: Could not resolve placeholder 'BUCKET_S3_NAME' in value "${BUCKET_S3_NAME}"
	at org.springframework.beans.factory.support.AbstractAutowireCapableBeanFactory.createBean(AbstractAutowireCapableBeanFactory.java:529) ~[spring-beans-5.2.8.RELEASE.jar:5.2.8.RELEASE]
	at org.springframework.beans.factory.support.AbstractBeanFactory.lambda$doGetBean$0(AbstractBeanFactory.java:324) ~[spring-beans-5.2.8.RELEASE.jar:5.2.8.RELEASE]
	at org.springframework.beans.factory.support.DefaultSingletonBeanRegistry.getSingleton(DefaultSingletonBeanRegistry.java:226) ~[spring-beans-5.2.8.RELEASE.jar:5.2.8.RELEASE]
	at org.springframework.beans.factory.support.AbstractBeanFactory.doGetBean(AbstractBeanFactory.java:322) ~[spring-beans-5.2.8.RELEASE.jar:5.2.8.RELEASE]
	at org.springframework.beans.factory.support.AbstractBeanFactory.getBean(AbstractBeanFactory.java:202) ~[spring-beans-5.2.8.RELEASE.jar:5.2.8.RELEASE]
	at org.springframework.beans.factory.config.DependencyDescriptor.resolveCandidate(DependencyDescriptor.java:276) ~[spring-beans-5.2.8.RELEASE.jar:5.2.8.RELEASE]
	at org.springframework.beans.factory.support.DefaultListableBeanFactory.doResolveDependency(DefaultListableBeanFactory.java:1307) ~[spring-beans-5.2.8.RELEASE.jar:5.2.8.RELEASE]
	at org.springframework.beans.factory.support.DefaultListableBeanFactory.resolveDependency(DefaultListableBeanFactory.java:1227) ~[spring-beans-5.2.8.RELEASE.jar:5.2.8.RELEASE]
	at org.springframework.beans.factory.annotation.AutowiredAnnotationBeanPostProcessor$AutowiredFieldElement.inject(AutowiredAnnotationBeanPostProcessor.java:640) ~[spring-beans-5.2.8.RELEASE.jar:5.2.8.RELEASE]
	... 132 common frames omitted
Caused by: java.lang.IllegalArgumentException: Could not resolve placeholder 'BUCKET_S3_NAME' in value "${BUCKET_S3_NAME}"
	at org.springframework.util.PropertyPlaceholderHelper.parseStringValue(PropertyPlaceholderHelper.java:178) ~[spring-core-5.2.8.RELEASE.jar:5.2.8.RELEASE]
	at org.springframework.util.PropertyPlaceholderHelper.replacePlaceholders(PropertyPlaceholderHelper.java:124) ~[spring-core-5.2.8.RELEASE.jar:5.2.8.RELEASE]
	at org.springframework.core.env.AbstractPropertyResolver.doResolvePlaceholders(AbstractPropertyResolver.java:239) ~[spring-core-5.2.8.RELEASE.jar:5.2.8.RELEASE]
	at org.springframework.core.env.AbstractPropertyResolver.resolveRequiredPlaceholders(AbstractPropertyResolver.java:210) ~[spring-core-5.2.8.RELEASE.jar:5.2.8.RELEASE]
	at org.springframework.core.env.AbstractPropertyResolver.resolveNestedPlaceholders(AbstractPropertyResolver.java:230) ~[spring-core-5.2.8.RELEASE.jar:5.2.8.RELEASE]
	at org.springframework.core.env.PropertySourcesPropertyResolver.getProperty(PropertySourcesPropertyResolver.java:88) ~[spring-core-5.2.8.RELEASE.jar:5.2.8.RELEASE]
	at org.springframework.core.env.PropertySourcesPropertyResolver.getProperty(PropertySourcesPropertyResolver.java:62) ~[spring-core-5.2.8.RELEASE.jar:5.2.8.RELEASE]
	at org.springframework.core.env.AbstractEnvironment.getProperty(AbstractEnvironment.java:535) ~[spring-core-5.2.8.RELEASE.jar:5.2.8.RELEASE]
	at org.springframework.context.support.PropertySourcesPlaceholderConfigurer$1.getProperty(PropertySourcesPlaceholderConfigurer.java:137) ~[spring-context-5.2.8.RELEASE.jar:5.2.8.RELEASE]
	at org.springframework.context.support.PropertySourcesPlaceholderConfigurer$1.getProperty(PropertySourcesPlaceholderConfigurer.java:133) ~[spring-context-5.2.8.RELEASE.jar:5.2.8.RELEASE]
	at org.springframework.core.env.PropertySourcesPropertyResolver.getProperty(PropertySourcesPropertyResolver.java:85) ~[spring-core-5.2.8.RELEASE.jar:5.2.8.RELEASE]
	at org.springframework.core.env.PropertySourcesPropertyResolver.getPropertyAsRawString(PropertySourcesPropertyResolver.java:74) ~[spring-core-5.2.8.RELEASE.jar:5.2.8.RELEASE]
	at org.springframework.util.PropertyPlaceholderHelper.parseStringValue(PropertyPlaceholderHelper.java:151) ~[spring-core-5.2.8.RELEASE.jar:5.2.8.RELEASE]
	at org.springframework.util.PropertyPlaceholderHelper.replacePlaceholders(PropertyPlaceholderHelper.java:124) ~[spring-core-5.2.8.RELEASE.jar:5.2.8.RELEASE]
	at org.springframework.core.env.AbstractPropertyResolver.doResolvePlaceholders(AbstractPropertyResolver.java:239) ~[spring-core-5.2.8.RELEASE.jar:5.2.8.RELEASE]
	at org.springframework.core.env.AbstractPropertyResolver.resolveRequiredPlaceholders(AbstractPropertyResolver.java:210) ~[spring-core-5.2.8.RELEASE.jar:5.2.8.RELEASE]
	at org.springframework.context.support.PropertySourcesPlaceholderConfigurer.lambda$processProperties$0(PropertySourcesPlaceholderConfigurer.java:175) ~[spring-context-5.2.8.RELEASE.jar:5.2.8.RELEASE]
	at org.springframework.beans.factory.support.AbstractBeanFactory.resolveEmbeddedValue(AbstractBeanFactory.java:918) ~[spring-beans-5.2.8.RELEASE.jar:5.2.8.RELEASE]
	at org.springframework.beans.factory.support.DefaultListableBeanFactory.doResolveDependency(DefaultListableBeanFactory.java:1248) ~[spring-beans-5.2.8.RELEASE.jar:5.2.8.RELEASE]
	at org.springframework.beans.factory.support.DefaultListableBeanFactory.resolveDependency(DefaultListableBeanFactory.java:1227) ~[spring-beans-5.2.8.RELEASE.jar:5.2.8.RELEASE]
	at org.springframework.beans.factory.support.ConstructorResolver.resolveAutowiredArgument(ConstructorResolver.java:884) ~[spring-beans-5.2.8.RELEASE.jar:5.2.8.RELEASE]
	at org.springframework.beans.factory.support.ConstructorResolver.createArgumentArray(ConstructorResolver.java:788) ~[spring-beans-5.2.8.RELEASE.jar:5.2.8.RELEASE]
	at org.springframework.beans.factory.support.ConstructorResolver.autowireConstructor(ConstructorResolver.java:227) ~[spring-beans-5.2.8.RELEASE.jar:5.2.8.RELEASE]
	at org.springframework.beans.factory.support.AbstractAutowireCapableBeanFactory.autowireConstructor(AbstractAutowireCapableBeanFactory.java:1356) ~[spring-beans-5.2.8.RELEASE.jar:5.2.8.RELEASE]
	at org.springframework.beans.factory.support.AbstractAutowireCapableBeanFactory.createBeanInstance(AbstractAutowireCapableBeanFactory.java:1203) ~[spring-beans-5.2.8.RELEASE.jar:5.2.8.RELEASE]
	at org.springframework.beans.factory.support.AbstractAutowireCapableBeanFactory.doCreateBean(AbstractAutowireCapableBeanFactory.java:556) ~[spring-beans-5.2.8.RELEASE.jar:5.2.8.RELEASE]
	at org.springframework.beans.factory.support.AbstractAutowireCapableBeanFactory.createBean(AbstractAutowireCapableBeanFactory.java:516) ~[spring-beans-5.2.8.RELEASE.jar:5.2.8.RELEASE]
	... 140 common frames omitted

2021-11-07 20:57:49.136 ERROR 4629 --- [           main] o.s.test.context.TestContextManager      : Caught exception while allowing TestExecutionListener [org.springframework.test.context.web.ServletTestExecutionListener@3aa078fd] to prepare test instance [br.com.supersim.blog.BlogApplicationTests@2903c6ff]

java.lang.IllegalStateException: Failed to load ApplicationContext
	at org.springframework.test.context.cache.DefaultCacheAwareContextLoaderDelegate.loadContext(DefaultCacheAwareContextLoaderDelegate.java:132) ~[spring-test-5.2.8.RELEASE.jar:5.2.8.RELEASE]
	at org.springframework.test.context.support.DefaultTestContext.getApplicationContext(DefaultTestContext.java:123) ~[spring-test-5.2.8.RELEASE.jar:5.2.8.RELEASE]
	at org.springframework.test.context.web.ServletTestExecutionListener.setUpRequestContextIfNecessary(ServletTestExecutionListener.java:190) ~[spring-test-5.2.8.RELEASE.jar:5.2.8.RELEASE]
	at org.springframework.test.context.web.ServletTestExecutionListener.prepareTestInstance(ServletTestExecutionListener.java:132) ~[spring-test-5.2.8.RELEASE.jar:5.2.8.RELEASE]
	at org.springframework.test.context.TestContextManager.prepareTestInstance(TestContextManager.java:244) ~[spring-test-5.2.8.RELEASE.jar:5.2.8.RELEASE]
	at org.springframework.test.context.junit.jupiter.SpringExtension.postProcessTestInstance(SpringExtension.java:98) [spring-test-5.2.8.RELEASE.jar:5.2.8.RELEASE]
	at org.junit.jupiter.engine.descriptor.ClassBasedTestDescriptor.lambda$invokeTestInstancePostProcessors$5(ClassBasedTestDescriptor.java:341) [junit-jupiter-engine-5.6.2.jar:5.6.2]
	at org.junit.jupiter.engine.descriptor.ClassBasedTestDescriptor.executeAndMaskThrowable(ClassBasedTestDescriptor.java:346) [junit-jupiter-engine-5.6.2.jar:5.6.2]
	at org.junit.jupiter.engine.descriptor.ClassBasedTestDescriptor.lambda$invokeTestInstancePostProcessors$6(ClassBasedTestDescriptor.java:341) [junit-jupiter-engine-5.6.2.jar:5.6.2]
	at java.util.stream.ReferencePipeline$3$1.accept(ReferencePipeline.java:193) ~[na:1.8.0_281]
	at java.util.stream.ReferencePipeline$2$1.accept(ReferencePipeline.java:175) ~[na:1.8.0_281]
	at java.util.ArrayList$ArrayListSpliterator.forEachRemaining(ArrayList.java:1384) ~[na:1.8.0_281]
	at java.util.stream.AbstractPipeline.copyInto(AbstractPipeline.java:482) ~[na:1.8.0_281]
	at java.util.stream.AbstractPipeline.wrapAndCopyInto(AbstractPipeline.java:472) ~[na:1.8.0_281]
	at java.util.stream.StreamSpliterators$WrappingSpliterator.forEachRemaining(StreamSpliterators.java:312) ~[na:1.8.0_281]
	at java.util.stream.Streams$ConcatSpliterator.forEachRemaining(Streams.java:743) ~[na:1.8.0_281]
	at java.util.stream.Streams$ConcatSpliterator.forEachRemaining(Streams.java:742) ~[na:1.8.0_281]
	at java.util.stream.ReferencePipeline$Head.forEach(ReferencePipeline.java:580) ~[na:1.8.0_281]
	at org.junit.jupiter.engine.descriptor.ClassBasedTestDescriptor.invokeTestInstancePostProcessors(ClassBasedTestDescriptor.java:340) [junit-jupiter-engine-5.6.2.jar:5.6.2]
	at org.junit.jupiter.engine.descriptor.ClassBasedTestDescriptor.instantiateAndPostProcessTestInstance(ClassBasedTestDescriptor.java:263) [junit-jupiter-engine-5.6.2.jar:5.6.2]
	at org.junit.jupiter.engine.descriptor.ClassBasedTestDescriptor.lambda$testInstancesProvider$2(ClassBasedTestDescriptor.java:256) [junit-jupiter-engine-5.6.2.jar:5.6.2]
	at java.util.Optional.orElseGet(Optional.java:267) ~[na:1.8.0_281]
	at org.junit.jupiter.engine.descriptor.ClassBasedTestDescriptor.lambda$testInstancesProvider$3(ClassBasedTestDescriptor.java:255) [junit-jupiter-engine-5.6.2.jar:5.6.2]
	at org.junit.jupiter.engine.execution.TestInstancesProvider.getTestInstances(TestInstancesProvider.java:29) ~[junit-jupiter-engine-5.6.2.jar:5.6.2]
	at org.junit.jupiter.engine.descriptor.TestMethodTestDescriptor.lambda$prepare$0(TestMethodTestDescriptor.java:108) ~[junit-jupiter-engine-5.6.2.jar:5.6.2]
	at org.junit.platform.engine.support.hierarchical.ThrowableCollector.execute(ThrowableCollector.java:73) ~[junit-platform-engine-1.6.2.jar:1.6.2]
	at org.junit.jupiter.engine.descriptor.TestMethodTestDescriptor.prepare(TestMethodTestDescriptor.java:107) ~[junit-jupiter-engine-5.6.2.jar:5.6.2]
	at org.junit.jupiter.engine.descriptor.TestMethodTestDescriptor.prepare(TestMethodTestDescriptor.java:71) ~[junit-jupiter-engine-5.6.2.jar:5.6.2]
	at org.junit.platform.engine.support.hierarchical.NodeTestTask.lambda$prepare$1(NodeTestTask.java:107) ~[junit-platform-engine-1.6.2.jar:1.6.2]
	at org.junit.platform.engine.support.hierarchical.ThrowableCollector.execute(ThrowableCollector.java:73) ~[junit-platform-engine-1.6.2.jar:1.6.2]
	at org.junit.platform.engine.support.hierarchical.NodeTestTask.prepare(NodeTestTask.java:107) ~[junit-platform-engine-1.6.2.jar:1.6.2]
	at org.junit.platform.engine.support.hierarchical.NodeTestTask.execute(NodeTestTask.java:75) ~[junit-platform-engine-1.6.2.jar:1.6.2]
	at java.util.ArrayList.forEach(ArrayList.java:1259) ~[na:1.8.0_281]
	at org.junit.platform.engine.support.hierarchical.SameThreadHierarchicalTestExecutorService.invokeAll(SameThreadHierarchicalTestExecutorService.java:38) ~[junit-platform-engine-1.6.2.jar:1.6.2]
	at org.junit.platform.engine.support.hierarchical.NodeTestTask.lambda$executeRecursively$5(NodeTestTask.java:139) ~[junit-platform-engine-1.6.2.jar:1.6.2]
	at org.junit.platform.engine.support.hierarchical.ThrowableCollector.execute(ThrowableCollector.java:73) ~[junit-platform-engine-1.6.2.jar:1.6.2]
	at org.junit.platform.engine.support.hierarchical.NodeTestTask.lambda$executeRecursively$7(NodeTestTask.java:125) ~[junit-platform-engine-1.6.2.jar:1.6.2]
	at org.junit.platform.engine.support.hierarchical.Node.around(Node.java:135) ~[junit-platform-engine-1.6.2.jar:1.6.2]
	at org.junit.platform.engine.support.hierarchical.NodeTestTask.lambda$executeRecursively$8(NodeTestTask.java:123) ~[junit-platform-engine-1.6.2.jar:1.6.2]
	at org.junit.platform.engine.support.hierarchical.ThrowableCollector.execute(ThrowableCollector.java:73) ~[junit-platform-engine-1.6.2.jar:1.6.2]
	at org.junit.platform.engine.support.hierarchical.NodeTestTask.executeRecursively(NodeTestTask.java:122) ~[junit-platform-engine-1.6.2.jar:1.6.2]
	at org.junit.platform.engine.support.hierarchical.NodeTestTask.execute(NodeTestTask.java:80) ~[junit-platform-engine-1.6.2.jar:1.6.2]
	at java.util.ArrayList.forEach(ArrayList.java:1259) ~[na:1.8.0_281]
	at org.junit.platform.engine.support.hierarchical.SameThreadHierarchicalTestExecutorService.invokeAll(SameThreadHierarchicalTestExecutorService.java:38) ~[junit-platform-engine-1.6.2.jar:1.6.2]
	at org.junit.platform.engine.support.hierarchical.NodeTestTask.lambda$executeRecursively$5(NodeTestTask.java:139) ~[junit-platform-engine-1.6.2.jar:1.6.2]
	at org.junit.platform.engine.support.hierarchical.ThrowableCollector.execute(ThrowableCollector.java:73) ~[junit-platform-engine-1.6.2.jar:1.6.2]
	at org.junit.platform.engine.support.hierarchical.NodeTestTask.lambda$executeRecursively$7(NodeTestTask.java:125) ~[junit-platform-engine-1.6.2.jar:1.6.2]
	at org.junit.platform.engine.support.hierarchical.Node.around(Node.java:135) ~[junit-platform-engine-1.6.2.jar:1.6.2]
	at org.junit.platform.engine.support.hierarchical.NodeTestTask.lambda$executeRecursively$8(NodeTestTask.java:123) ~[junit-platform-engine-1.6.2.jar:1.6.2]
	at org.junit.platform.engine.support.hierarchical.ThrowableCollector.execute(ThrowableCollector.java:73) ~[junit-platform-engine-1.6.2.jar:1.6.2]
	at org.junit.platform.engine.support.hierarchical.NodeTestTask.executeRecursively(NodeTestTask.java:122) ~[junit-platform-engine-1.6.2.jar:1.6.2]
	at org.junit.platform.engine.support.hierarchical.NodeTestTask.execute(NodeTestTask.java:80) ~[junit-platform-engine-1.6.2.jar:1.6.2]
	at org.junit.platform.engine.support.hierarchical.SameThreadHierarchicalTestExecutorService.submit(SameThreadHierarchicalTestExecutorService.java:32) ~[junit-platform-engine-1.6.2.jar:1.6.2]
	at org.junit.platform.engine.support.hierarchical.HierarchicalTestExecutor.execute(HierarchicalTestExecutor.java:57) ~[junit-platform-engine-1.6.2.jar:1.6.2]
	at org.junit.platform.engine.support.hierarchical.HierarchicalTestEngine.execute(HierarchicalTestEngine.java:51) ~[junit-platform-engine-1.6.2.jar:1.6.2]
	at org.junit.platform.launcher.core.DefaultLauncher.execute(DefaultLauncher.java:220) ~[junit-platform-launcher-1.3.1.jar:1.3.1]
	at org.junit.platform.launcher.core.DefaultLauncher.lambda$execute$6(DefaultLauncher.java:188) ~[junit-platform-launcher-1.3.1.jar:1.3.1]
	at org.junit.platform.launcher.core.DefaultLauncher.withInterceptedStreams(DefaultLauncher.java:202) ~[junit-platform-launcher-1.3.1.jar:1.3.1]
	at org.junit.platform.launcher.core.DefaultLauncher.execute(DefaultLauncher.java:181) ~[junit-platform-launcher-1.3.1.jar:1.3.1]
	at org.junit.platform.launcher.core.DefaultLauncher.execute(DefaultLauncher.java:128) ~[junit-platform-launcher-1.3.1.jar:1.3.1]
	at org.apache.maven.surefire.junitplatform.JUnitPlatformProvider.invokeAllTests(JUnitPlatformProvider.java:150) ~[surefire-junit-platform-2.22.2.jar:2.22.2]
	at org.apache.maven.surefire.junitplatform.JUnitPlatformProvider.invoke(JUnitPlatformProvider.java:124) ~[surefire-junit-platform-2.22.2.jar:2.22.2]
	at org.apache.maven.surefire.booter.ForkedBooter.invokeProviderInSameClassLoader(ForkedBooter.java:384) ~[surefire-booter-2.22.2.jar:2.22.2]
	at org.apache.maven.surefire.booter.ForkedBooter.runSuitesInProcess(ForkedBooter.java:345) ~[surefire-booter-2.22.2.jar:2.22.2]
	at org.apache.maven.surefire.booter.ForkedBooter.execute(ForkedBooter.java:126) ~[surefire-booter-2.22.2.jar:2.22.2]
	at org.apache.maven.surefire.booter.ForkedBooter.main(ForkedBooter.java:418) ~[surefire-booter-2.22.2.jar:2.22.2]
Caused by: org.springframework.beans.factory.UnsatisfiedDependencyException: Error creating bean with name 'authenticationController': Unsatisfied dependency expressed through field 'authService'; nested exception is org.springframework.beans.factory.UnsatisfiedDependencyException: Error creating bean with name 'authServiceImpl': Unsatisfied dependency expressed through field 'authenticationManager'; nested exception is org.springframework.beans.factory.UnsatisfiedDependencyException: Error creating bean with name 'securityConfigurations': Unsatisfied dependency expressed through field 'tokenService'; nested exception is org.springframework.beans.factory.UnsatisfiedDependencyException: Error creating bean with name 'tokenService': Unsatisfied dependency expressed through field 'properties'; nested exception is org.springframework.beans.factory.BeanCreationException: Error creating bean with name 'properties' defined in file [/Users/luisgustavosouzasantos/Projects/Faculdade/bk_core_blog_cars/target/classes/br/com/supersim/blog/entity/Properties.class]: Unexpected exception during bean creation; nested exception is java.lang.IllegalArgumentException: Could not resolve placeholder 'BUCKET_S3_NAME' in value "${BUCKET_S3_NAME}"
	at org.springframework.beans.factory.annotation.AutowiredAnnotationBeanPostProcessor$AutowiredFieldElement.inject(AutowiredAnnotationBeanPostProcessor.java:643) ~[spring-beans-5.2.8.RELEASE.jar:5.2.8.RELEASE]
	at org.springframework.beans.factory.annotation.InjectionMetadata.inject(InjectionMetadata.java:130) ~[spring-beans-5.2.8.RELEASE.jar:5.2.8.RELEASE]
	at org.springframework.beans.factory.annotation.AutowiredAnnotationBeanPostProcessor.postProcessProperties(AutowiredAnnotationBeanPostProcessor.java:399) ~[spring-beans-5.2.8.RELEASE.jar:5.2.8.RELEASE]
	at org.springframework.beans.factory.support.AbstractAutowireCapableBeanFactory.populateBean(AbstractAutowireCapableBeanFactory.java:1420) ~[spring-beans-5.2.8.RELEASE.jar:5.2.8.RELEASE]
	at org.springframework.beans.factory.support.AbstractAutowireCapableBeanFactory.doCreateBean(AbstractAutowireCapableBeanFactory.java:593) ~[spring-beans-5.2.8.RELEASE.jar:5.2.8.RELEASE]
	at org.springframework.beans.factory.support.AbstractAutowireCapableBeanFactory.createBean(AbstractAutowireCapableBeanFactory.java:516) ~[spring-beans-5.2.8.RELEASE.jar:5.2.8.RELEASE]
	at org.springframework.beans.factory.support.AbstractBeanFactory.lambda$doGetBean$0(AbstractBeanFactory.java:324) ~[spring-beans-5.2.8.RELEASE.jar:5.2.8.RELEASE]
	at org.springframework.beans.factory.support.DefaultSingletonBeanRegistry.getSingleton(DefaultSingletonBeanRegistry.java:226) ~[spring-beans-5.2.8.RELEASE.jar:5.2.8.RELEASE]
	at org.springframework.beans.factory.support.AbstractBeanFactory.doGetBean(AbstractBeanFactory.java:322) ~[spring-beans-5.2.8.RELEASE.jar:5.2.8.RELEASE]
	at org.springframework.beans.factory.support.AbstractBeanFactory.getBean(AbstractBeanFactory.java:202) ~[spring-beans-5.2.8.RELEASE.jar:5.2.8.RELEASE]
	at org.springframework.beans.factory.support.DefaultListableBeanFactory.preInstantiateSingletons(DefaultListableBeanFactory.java:897) ~[spring-beans-5.2.8.RELEASE.jar:5.2.8.RELEASE]
	at org.springframework.context.support.AbstractApplicationContext.finishBeanFactoryInitialization(AbstractApplicationContext.java:879) ~[spring-context-5.2.8.RELEASE.jar:5.2.8.RELEASE]
	at org.springframework.context.support.AbstractApplicationContext.refresh(AbstractApplicationContext.java:551) ~[spring-context-5.2.8.RELEASE.jar:5.2.8.RELEASE]
	at org.springframework.boot.SpringApplication.refresh(SpringApplication.java:758) ~[spring-boot-2.3.3.RELEASE.jar:2.3.3.RELEASE]
	at org.springframework.boot.SpringApplication.refresh(SpringApplication.java:750) ~[spring-boot-2.3.3.RELEASE.jar:2.3.3.RELEASE]
	at org.springframework.boot.SpringApplication.refreshContext(SpringApplication.java:397) ~[spring-boot-2.3.3.RELEASE.jar:2.3.3.RELEASE]
	at org.springframework.boot.SpringApplication.run(SpringApplication.java:315) ~[spring-boot-2.3.3.RELEASE.jar:2.3.3.RELEASE]
	at org.springframework.boot.test.context.SpringBootContextLoader.loadContext(SpringBootContextLoader.java:120) ~[spring-boot-test-2.3.3.RELEASE.jar:2.3.3.RELEASE]
	at org.springframework.test.context.cache.DefaultCacheAwareContextLoaderDelegate.loadContextInternal(DefaultCacheAwareContextLoaderDelegate.java:99) ~[spring-test-5.2.8.RELEASE.jar:5.2.8.RELEASE]
	at org.springframework.test.context.cache.DefaultCacheAwareContextLoaderDelegate.loadContext(DefaultCacheAwareContextLoaderDelegate.java:124) ~[spring-test-5.2.8.RELEASE.jar:5.2.8.RELEASE]
	... 65 common frames omitted
Caused by: org.springframework.beans.factory.UnsatisfiedDependencyException: Error creating bean with name 'authServiceImpl': Unsatisfied dependency expressed through field 'authenticationManager'; nested exception is org.springframework.beans.factory.UnsatisfiedDependencyException: Error creating bean with name 'securityConfigurations': Unsatisfied dependency expressed through field 'tokenService'; nested exception is org.springframework.beans.factory.UnsatisfiedDependencyException: Error creating bean with name 'tokenService': Unsatisfied dependency expressed through field 'properties'; nested exception is org.springframework.beans.factory.BeanCreationException: Error creating bean with name 'properties' defined in file [/Users/luisgustavosouzasantos/Projects/Faculdade/bk_core_blog_cars/target/classes/br/com/supersim/blog/entity/Properties.class]: Unexpected exception during bean creation; nested exception is java.lang.IllegalArgumentException: Could not resolve placeholder 'BUCKET_S3_NAME' in value "${BUCKET_S3_NAME}"
	at org.springframework.beans.factory.annotation.AutowiredAnnotationBeanPostProcessor$AutowiredFieldElement.inject(AutowiredAnnotationBeanPostProcessor.java:643) ~[spring-beans-5.2.8.RELEASE.jar:5.2.8.RELEASE]
	at org.springframework.beans.factory.annotation.InjectionMetadata.inject(InjectionMetadata.java:130) ~[spring-beans-5.2.8.RELEASE.jar:5.2.8.RELEASE]
	at org.springframework.beans.factory.annotation.AutowiredAnnotationBeanPostProcessor.postProcessProperties(AutowiredAnnotationBeanPostProcessor.java:399) ~[spring-beans-5.2.8.RELEASE.jar:5.2.8.RELEASE]
	at org.springframework.beans.factory.support.AbstractAutowireCapableBeanFactory.populateBean(AbstractAutowireCapableBeanFactory.java:1420) ~[spring-beans-5.2.8.RELEASE.jar:5.2.8.RELEASE]
	at org.springframework.beans.factory.support.AbstractAutowireCapableBeanFactory.doCreateBean(AbstractAutowireCapableBeanFactory.java:593) ~[spring-beans-5.2.8.RELEASE.jar:5.2.8.RELEASE]
	at org.springframework.beans.factory.support.AbstractAutowireCapableBeanFactory.createBean(AbstractAutowireCapableBeanFactory.java:516) ~[spring-beans-5.2.8.RELEASE.jar:5.2.8.RELEASE]
	at org.springframework.beans.factory.support.AbstractBeanFactory.lambda$doGetBean$0(AbstractBeanFactory.java:324) ~[spring-beans-5.2.8.RELEASE.jar:5.2.8.RELEASE]
	at org.springframework.beans.factory.support.DefaultSingletonBeanRegistry.getSingleton(DefaultSingletonBeanRegistry.java:226) ~[spring-beans-5.2.8.RELEASE.jar:5.2.8.RELEASE]
	at org.springframework.beans.factory.support.AbstractBeanFactory.doGetBean(AbstractBeanFactory.java:322) ~[spring-beans-5.2.8.RELEASE.jar:5.2.8.RELEASE]
	at org.springframework.beans.factory.support.AbstractBeanFactory.getBean(AbstractBeanFactory.java:202) ~[spring-beans-5.2.8.RELEASE.jar:5.2.8.RELEASE]
	at org.springframework.beans.factory.config.DependencyDescriptor.resolveCandidate(DependencyDescriptor.java:276) ~[spring-beans-5.2.8.RELEASE.jar:5.2.8.RELEASE]
	at org.springframework.beans.factory.support.DefaultListableBeanFactory.doResolveDependency(DefaultListableBeanFactory.java:1307) ~[spring-beans-5.2.8.RELEASE.jar:5.2.8.RELEASE]
	at org.springframework.beans.factory.support.DefaultListableBeanFactory.resolveDependency(DefaultListableBeanFactory.java:1227) ~[spring-beans-5.2.8.RELEASE.jar:5.2.8.RELEASE]
	at org.springframework.beans.factory.annotation.AutowiredAnnotationBeanPostProcessor$AutowiredFieldElement.inject(AutowiredAnnotationBeanPostProcessor.java:640) ~[spring-beans-5.2.8.RELEASE.jar:5.2.8.RELEASE]
	... 84 common frames omitted
Caused by: org.springframework.beans.factory.UnsatisfiedDependencyException: Error creating bean with name 'securityConfigurations': Unsatisfied dependency expressed through field 'tokenService'; nested exception is org.springframework.beans.factory.UnsatisfiedDependencyException: Error creating bean with name 'tokenService': Unsatisfied dependency expressed through field 'properties'; nested exception is org.springframework.beans.factory.BeanCreationException: Error creating bean with name 'properties' defined in file [/Users/luisgustavosouzasantos/Projects/Faculdade/bk_core_blog_cars/target/classes/br/com/supersim/blog/entity/Properties.class]: Unexpected exception during bean creation; nested exception is java.lang.IllegalArgumentException: Could not resolve placeholder 'BUCKET_S3_NAME' in value "${BUCKET_S3_NAME}"
	at org.springframework.beans.factory.annotation.AutowiredAnnotationBeanPostProcessor$AutowiredFieldElement.inject(AutowiredAnnotationBeanPostProcessor.java:643) ~[spring-beans-5.2.8.RELEASE.jar:5.2.8.RELEASE]
	at org.springframework.beans.factory.annotation.InjectionMetadata.inject(InjectionMetadata.java:130) ~[spring-beans-5.2.8.RELEASE.jar:5.2.8.RELEASE]
	at org.springframework.beans.factory.annotation.AutowiredAnnotationBeanPostProcessor.postProcessProperties(AutowiredAnnotationBeanPostProcessor.java:399) ~[spring-beans-5.2.8.RELEASE.jar:5.2.8.RELEASE]
	at org.springframework.beans.factory.support.AbstractAutowireCapableBeanFactory.populateBean(AbstractAutowireCapableBeanFactory.java:1420) ~[spring-beans-5.2.8.RELEASE.jar:5.2.8.RELEASE]
	at org.springframework.beans.factory.support.AbstractAutowireCapableBeanFactory.doCreateBean(AbstractAutowireCapableBeanFactory.java:593) ~[spring-beans-5.2.8.RELEASE.jar:5.2.8.RELEASE]
	at org.springframework.beans.factory.support.AbstractAutowireCapableBeanFactory.createBean(AbstractAutowireCapableBeanFactory.java:516) ~[spring-beans-5.2.8.RELEASE.jar:5.2.8.RELEASE]
	at org.springframework.beans.factory.support.AbstractBeanFactory.lambda$doGetBean$0(AbstractBeanFactory.java:324) ~[spring-beans-5.2.8.RELEASE.jar:5.2.8.RELEASE]
	at org.springframework.beans.factory.support.DefaultSingletonBeanRegistry.getSingleton(DefaultSingletonBeanRegistry.java:226) ~[spring-beans-5.2.8.RELEASE.jar:5.2.8.RELEASE]
	at org.springframework.beans.factory.support.AbstractBeanFactory.doGetBean(AbstractBeanFactory.java:322) ~[spring-beans-5.2.8.RELEASE.jar:5.2.8.RELEASE]
	at org.springframework.beans.factory.support.AbstractBeanFactory.getBean(AbstractBeanFactory.java:202) ~[spring-beans-5.2.8.RELEASE.jar:5.2.8.RELEASE]
	at org.springframework.beans.factory.support.ConstructorResolver.instantiateUsingFactoryMethod(ConstructorResolver.java:408) ~[spring-beans-5.2.8.RELEASE.jar:5.2.8.RELEASE]
	at org.springframework.beans.factory.support.AbstractAutowireCapableBeanFactory.instantiateUsingFactoryMethod(AbstractAutowireCapableBeanFactory.java:1336) ~[spring-beans-5.2.8.RELEASE.jar:5.2.8.RELEASE]
	at org.springframework.beans.factory.support.AbstractAutowireCapableBeanFactory.createBeanInstance(AbstractAutowireCapableBeanFactory.java:1176) ~[spring-beans-5.2.8.RELEASE.jar:5.2.8.RELEASE]
	at org.springframework.beans.factory.support.AbstractAutowireCapableBeanFactory.doCreateBean(AbstractAutowireCapableBeanFactory.java:556) ~[spring-beans-5.2.8.RELEASE.jar:5.2.8.RELEASE]
	at org.springframework.beans.factory.support.AbstractAutowireCapableBeanFactory.createBean(AbstractAutowireCapableBeanFactory.java:516) ~[spring-beans-5.2.8.RELEASE.jar:5.2.8.RELEASE]
	at org.springframework.beans.factory.support.AbstractBeanFactory.lambda$doGetBean$0(AbstractBeanFactory.java:324) ~[spring-beans-5.2.8.RELEASE.jar:5.2.8.RELEASE]
	at org.springframework.beans.factory.support.DefaultSingletonBeanRegistry.getSingleton(DefaultSingletonBeanRegistry.java:226) ~[spring-beans-5.2.8.RELEASE.jar:5.2.8.RELEASE]
	at org.springframework.beans.factory.support.AbstractBeanFactory.doGetBean(AbstractBeanFactory.java:322) ~[spring-beans-5.2.8.RELEASE.jar:5.2.8.RELEASE]
	at org.springframework.beans.factory.support.AbstractBeanFactory.getBean(AbstractBeanFactory.java:202) ~[spring-beans-5.2.8.RELEASE.jar:5.2.8.RELEASE]
	at org.springframework.beans.factory.config.DependencyDescriptor.resolveCandidate(DependencyDescriptor.java:276) ~[spring-beans-5.2.8.RELEASE.jar:5.2.8.RELEASE]
	at org.springframework.beans.factory.support.DefaultListableBeanFactory.doResolveDependency(DefaultListableBeanFactory.java:1307) ~[spring-beans-5.2.8.RELEASE.jar:5.2.8.RELEASE]
	at org.springframework.beans.factory.support.DefaultListableBeanFactory.resolveDependency(DefaultListableBeanFactory.java:1227) ~[spring-beans-5.2.8.RELEASE.jar:5.2.8.RELEASE]
	at org.springframework.beans.factory.annotation.AutowiredAnnotationBeanPostProcessor$AutowiredFieldElement.inject(AutowiredAnnotationBeanPostProcessor.java:640) ~[spring-beans-5.2.8.RELEASE.jar:5.2.8.RELEASE]
	... 97 common frames omitted
Caused by: org.springframework.beans.factory.UnsatisfiedDependencyException: Error creating bean with name 'tokenService': Unsatisfied dependency expressed through field 'properties'; nested exception is org.springframework.beans.factory.BeanCreationException: Error creating bean with name 'properties' defined in file [/Users/luisgustavosouzasantos/Projects/Faculdade/bk_core_blog_cars/target/classes/br/com/supersim/blog/entity/Properties.class]: Unexpected exception during bean creation; nested exception is java.lang.IllegalArgumentException: Could not resolve placeholder 'BUCKET_S3_NAME' in value "${BUCKET_S3_NAME}"
	at org.springframework.beans.factory.annotation.AutowiredAnnotationBeanPostProcessor$AutowiredFieldElement.inject(AutowiredAnnotationBeanPostProcessor.java:643) ~[spring-beans-5.2.8.RELEASE.jar:5.2.8.RELEASE]
	at org.springframework.beans.factory.annotation.InjectionMetadata.inject(InjectionMetadata.java:130) ~[spring-beans-5.2.8.RELEASE.jar:5.2.8.RELEASE]
	at org.springframework.beans.factory.annotation.AutowiredAnnotationBeanPostProcessor.postProcessProperties(AutowiredAnnotationBeanPostProcessor.java:399) ~[spring-beans-5.2.8.RELEASE.jar:5.2.8.RELEASE]
	at org.springframework.beans.factory.support.AbstractAutowireCapableBeanFactory.populateBean(AbstractAutowireCapableBeanFactory.java:1420) ~[spring-beans-5.2.8.RELEASE.jar:5.2.8.RELEASE]
	at org.springframework.beans.factory.support.AbstractAutowireCapableBeanFactory.doCreateBean(AbstractAutowireCapableBeanFactory.java:593) ~[spring-beans-5.2.8.RELEASE.jar:5.2.8.RELEASE]
	at org.springframework.beans.factory.support.AbstractAutowireCapableBeanFactory.createBean(AbstractAutowireCapableBeanFactory.java:516) ~[spring-beans-5.2.8.RELEASE.jar:5.2.8.RELEASE]
	at org.springframework.beans.factory.support.AbstractBeanFactory.lambda$doGetBean$0(AbstractBeanFactory.java:324) ~[spring-beans-5.2.8.RELEASE.jar:5.2.8.RELEASE]
	at org.springframework.beans.factory.support.DefaultSingletonBeanRegistry.getSingleton(DefaultSingletonBeanRegistry.java:226) ~[spring-beans-5.2.8.RELEASE.jar:5.2.8.RELEASE]
	at org.springframework.beans.factory.support.AbstractBeanFactory.doGetBean(AbstractBeanFactory.java:322) ~[spring-beans-5.2.8.RELEASE.jar:5.2.8.RELEASE]
	at org.springframework.beans.factory.support.AbstractBeanFactory.getBean(AbstractBeanFactory.java:202) ~[spring-beans-5.2.8.RELEASE.jar:5.2.8.RELEASE]
	at org.springframework.beans.factory.config.DependencyDescriptor.resolveCandidate(DependencyDescriptor.java:276) ~[spring-beans-5.2.8.RELEASE.jar:5.2.8.RELEASE]
	at org.springframework.beans.factory.support.DefaultListableBeanFactory.doResolveDependency(DefaultListableBeanFactory.java:1307) ~[spring-beans-5.2.8.RELEASE.jar:5.2.8.RELEASE]
	at org.springframework.beans.factory.support.DefaultListableBeanFactory.resolveDependency(DefaultListableBeanFactory.java:1227) ~[spring-beans-5.2.8.RELEASE.jar:5.2.8.RELEASE]
	at org.springframework.beans.factory.annotation.AutowiredAnnotationBeanPostProcessor$AutowiredFieldElement.inject(AutowiredAnnotationBeanPostProcessor.java:640) ~[spring-beans-5.2.8.RELEASE.jar:5.2.8.RELEASE]
	... 119 common frames omitted
Caused by: org.springframework.beans.factory.BeanCreationException: Error creating bean with name 'properties' defined in file [/Users/luisgustavosouzasantos/Projects/Faculdade/bk_core_blog_cars/target/classes/br/com/supersim/blog/entity/Properties.class]: Unexpected exception during bean creation; nested exception is java.lang.IllegalArgumentException: Could not resolve placeholder 'BUCKET_S3_NAME' in value "${BUCKET_S3_NAME}"
	at org.springframework.beans.factory.support.AbstractAutowireCapableBeanFactory.createBean(AbstractAutowireCapableBeanFactory.java:529) ~[spring-beans-5.2.8.RELEASE.jar:5.2.8.RELEASE]
	at org.springframework.beans.factory.support.AbstractBeanFactory.lambda$doGetBean$0(AbstractBeanFactory.java:324) ~[spring-beans-5.2.8.RELEASE.jar:5.2.8.RELEASE]
	at org.springframework.beans.factory.support.DefaultSingletonBeanRegistry.getSingleton(DefaultSingletonBeanRegistry.java:226) ~[spring-beans-5.2.8.RELEASE.jar:5.2.8.RELEASE]
	at org.springframework.beans.factory.support.AbstractBeanFactory.doGetBean(AbstractBeanFactory.java:322) ~[spring-beans-5.2.8.RELEASE.jar:5.2.8.RELEASE]
	at org.springframework.beans.factory.support.AbstractBeanFactory.getBean(AbstractBeanFactory.java:202) ~[spring-beans-5.2.8.RELEASE.jar:5.2.8.RELEASE]
	at org.springframework.beans.factory.config.DependencyDescriptor.resolveCandidate(DependencyDescriptor.java:276) ~[spring-beans-5.2.8.RELEASE.jar:5.2.8.RELEASE]
	at org.springframework.beans.factory.support.DefaultListableBeanFactory.doResolveDependency(DefaultListableBeanFactory.java:1307) ~[spring-beans-5.2.8.RELEASE.jar:5.2.8.RELEASE]
	at org.springframework.beans.factory.support.DefaultListableBeanFactory.resolveDependency(DefaultListableBeanFactory.java:1227) ~[spring-beans-5.2.8.RELEASE.jar:5.2.8.RELEASE]
	at org.springframework.beans.factory.annotation.AutowiredAnnotationBeanPostProcessor$AutowiredFieldElement.inject(AutowiredAnnotationBeanPostProcessor.java:640) ~[spring-beans-5.2.8.RELEASE.jar:5.2.8.RELEASE]
	... 132 common frames omitted
Caused by: java.lang.IllegalArgumentException: Could not resolve placeholder 'BUCKET_S3_NAME' in value "${BUCKET_S3_NAME}"
	at org.springframework.util.PropertyPlaceholderHelper.parseStringValue(PropertyPlaceholderHelper.java:178) ~[spring-core-5.2.8.RELEASE.jar:5.2.8.RELEASE]
	at org.springframework.util.PropertyPlaceholderHelper.replacePlaceholders(PropertyPlaceholderHelper.java:124) ~[spring-core-5.2.8.RELEASE.jar:5.2.8.RELEASE]
	at org.springframework.core.env.AbstractPropertyResolver.doResolvePlaceholders(AbstractPropertyResolver.java:239) ~[spring-core-5.2.8.RELEASE.jar:5.2.8.RELEASE]
	at org.springframework.core.env.AbstractPropertyResolver.resolveRequiredPlaceholders(AbstractPropertyResolver.java:210) ~[spring-core-5.2.8.RELEASE.jar:5.2.8.RELEASE]
	at org.springframework.core.env.AbstractPropertyResolver.resolveNestedPlaceholders(AbstractPropertyResolver.java:230) ~[spring-core-5.2.8.RELEASE.jar:5.2.8.RELEASE]
	at org.springframework.core.env.PropertySourcesPropertyResolver.getProperty(PropertySourcesPropertyResolver.java:88) ~[spring-core-5.2.8.RELEASE.jar:5.2.8.RELEASE]
	at org.springframework.core.env.PropertySourcesPropertyResolver.getProperty(PropertySourcesPropertyResolver.java:62) ~[spring-core-5.2.8.RELEASE.jar:5.2.8.RELEASE]
	at org.springframework.core.env.AbstractEnvironment.getProperty(AbstractEnvironment.java:535) ~[spring-core-5.2.8.RELEASE.jar:5.2.8.RELEASE]
	at org.springframework.context.support.PropertySourcesPlaceholderConfigurer$1.getProperty(PropertySourcesPlaceholderConfigurer.java:137) ~[spring-context-5.2.8.RELEASE.jar:5.2.8.RELEASE]
	at org.springframework.context.support.PropertySourcesPlaceholderConfigurer$1.getProperty(PropertySourcesPlaceholderConfigurer.java:133) ~[spring-context-5.2.8.RELEASE.jar:5.2.8.RELEASE]
	at org.springframework.core.env.PropertySourcesPropertyResolver.getProperty(PropertySourcesPropertyResolver.java:85) ~[spring-core-5.2.8.RELEASE.jar:5.2.8.RELEASE]
	at org.springframework.core.env.PropertySourcesPropertyResolver.getPropertyAsRawString(PropertySourcesPropertyResolver.java:74) ~[spring-core-5.2.8.RELEASE.jar:5.2.8.RELEASE]
	at org.springframework.util.PropertyPlaceholderHelper.parseStringValue(PropertyPlaceholderHelper.java:151) ~[spring-core-5.2.8.RELEASE.jar:5.2.8.RELEASE]
	at org.springframework.util.PropertyPlaceholderHelper.replacePlaceholders(PropertyPlaceholderHelper.java:124) ~[spring-core-5.2.8.RELEASE.jar:5.2.8.RELEASE]
	at org.springframework.core.env.AbstractPropertyResolver.doResolvePlaceholders(AbstractPropertyResolver.java:239) ~[spring-core-5.2.8.RELEASE.jar:5.2.8.RELEASE]
	at org.springframework.core.env.AbstractPropertyResolver.resolveRequiredPlaceholders(AbstractPropertyResolver.java:210) ~[spring-core-5.2.8.RELEASE.jar:5.2.8.RELEASE]
	at org.springframework.context.support.PropertySourcesPlaceholderConfigurer.lambda$processProperties$0(PropertySourcesPlaceholderConfigurer.java:175) ~[spring-context-5.2.8.RELEASE.jar:5.2.8.RELEASE]
	at org.springframework.beans.factory.support.AbstractBeanFactory.resolveEmbeddedValue(AbstractBeanFactory.java:918) ~[spring-beans-5.2.8.RELEASE.jar:5.2.8.RELEASE]
	at org.springframework.beans.factory.support.DefaultListableBeanFactory.doResolveDependency(DefaultListableBeanFactory.java:1248) ~[spring-beans-5.2.8.RELEASE.jar:5.2.8.RELEASE]
	at org.springframework.beans.factory.support.DefaultListableBeanFactory.resolveDependency(DefaultListableBeanFactory.java:1227) ~[spring-beans-5.2.8.RELEASE.jar:5.2.8.RELEASE]
	at org.springframework.beans.factory.support.ConstructorResolver.resolveAutowiredArgument(ConstructorResolver.java:884) ~[spring-beans-5.2.8.RELEASE.jar:5.2.8.RELEASE]
	at org.springframework.beans.factory.support.ConstructorResolver.createArgumentArray(ConstructorResolver.java:788) ~[spring-beans-5.2.8.RELEASE.jar:5.2.8.RELEASE]
	at org.springframework.beans.factory.support.ConstructorResolver.autowireConstructor(ConstructorResolver.java:227) ~[spring-beans-5.2.8.RELEASE.jar:5.2.8.RELEASE]
	at org.springframework.beans.factory.support.AbstractAutowireCapableBeanFactory.autowireConstructor(AbstractAutowireCapableBeanFactory.java:1356) ~[spring-beans-5.2.8.RELEASE.jar:5.2.8.RELEASE]
	at org.springframework.beans.factory.support.AbstractAutowireCapableBeanFactory.createBeanInstance(AbstractAutowireCapableBeanFactory.java:1203) ~[spring-beans-5.2.8.RELEASE.jar:5.2.8.RELEASE]
	at org.springframework.beans.factory.support.AbstractAutowireCapableBeanFactory.doCreateBean(AbstractAutowireCapableBeanFactory.java:556) ~[spring-beans-5.2.8.RELEASE.jar:5.2.8.RELEASE]
	at org.springframework.beans.factory.support.AbstractAutowireCapableBeanFactory.createBean(AbstractAutowireCapableBeanFactory.java:516) ~[spring-beans-5.2.8.RELEASE.jar:5.2.8.RELEASE]
	... 140 common frames omitted

]]></system-out>
  </testcase>
</testsuite>